[0.249s] Invoking command in '/home/ubuntu/test_ros_ws/build/camera_calibration_parsers': CMAKE_PREFIX_PATH=${CMAKE_PREFIX_PATH}:/home/ubuntu/test_ros_ws/install/opencv_tests:/home/ubuntu/robotics-unibs-project/rpi_ros_ws/install/alphabot2:/opt/ros/foxy /usr/bin/cmake /home/ubuntu/test_ros_ws/src/image_common/camera_calibration_parsers -DCMAKE_INSTALL_PREFIX=/home/ubuntu/test_ros_ws/install/camera_calibration_parsers
[0.924s] -- The C compiler identification is GNU 9.3.0
[1.572s] -- The CXX compiler identification is GNU 9.3.0
[1.640s] -- Check for working C compiler: /usr/bin/cc
[2.428s] -- Check for working C compiler: /usr/bin/cc -- works
[2.437s] -- Detecting C compiler ABI info
[3.269s] -- Detecting C compiler ABI info - done
[3.380s] -- Detecting C compile features
[3.383s] -- Detecting C compile features - done
[3.409s] -- Check for working CXX compiler: /usr/bin/c++
[4.314s] -- Check for working CXX compiler: /usr/bin/c++ -- works
[4.327s] -- Detecting CXX compiler ABI info
[5.247s] -- Detecting CXX compiler ABI info - done
[5.359s] -- Detecting CXX compile features
[5.363s] -- Detecting CXX compile features - done
[5.405s] -- Found ament_cmake_ros: 0.9.2 (/opt/ros/foxy/share/ament_cmake_ros/cmake)
[5.880s] -- Found PythonInterp: /usr/bin/python3 (found suitable version "3.8.10", minimum required is "3") 
[5.882s] -- Using PYTHON_EXECUTABLE: /usr/bin/python3
[8.513s] -- Found rclcpp: 2.4.0 (/opt/ros/foxy/share/rclcpp/cmake)
[9.270s] -- Using all available rosidl_typesupport_c: rosidl_typesupport_fastrtps_c;rosidl_typesupport_introspection_c
[9.405s] -- Found rosidl_adapter: 1.2.1 (/opt/ros/foxy/share/rosidl_adapter/cmake)
[10.496s] -- Found OpenSSL: /usr/lib/aarch64-linux-gnu/libcrypto.so (found version "1.1.1f")  
[10.905s] -- Found FastRTPS: /opt/ros/foxy/include  
[12.033s] -- Using all available rosidl_typesupport_cpp: rosidl_typesupport_fastrtps_cpp;rosidl_typesupport_introspection_cpp
[12.778s] -- Found rmw_implementation_cmake: 1.0.3 (/opt/ros/foxy/share/rmw_implementation_cmake/cmake)
[12.800s] -- Using RMW implementation 'rmw_fastrtps_cpp' as default
[12.810s] -- Looking for pthread.h
[13.611s] -- Looking for pthread.h - found
[13.613s] -- Performing Test CMAKE_HAVE_LIBC_PTHREAD
[14.434s] -- Performing Test CMAKE_HAVE_LIBC_PTHREAD - Failed
[14.439s] -- Looking for pthread_create in pthreads
[15.161s] -- Looking for pthread_create in pthreads - not found
[15.171s] -- Looking for pthread_create in pthread
[16.003s] -- Looking for pthread_create in pthread - found
[16.016s] -- Found Threads: TRUE  
[18.043s] -- Found sensor_msgs: 2.0.4 (/opt/ros/foxy/share/sensor_msgs/cmake)
[19.471s] -- Found yaml_cpp_vendor: 7.0.2 (/opt/ros/foxy/share/yaml_cpp_vendor/cmake)
[19.473s] -- Setting yaml-cpp_DIR to: '/opt/ros/foxy/share/yaml_cpp_vendor/cmake/../../../opt/yaml_cpp_vendor/lib/cmake/yaml-cpp'
[19.566s] -- Found ament_cmake_cppcheck: 0.9.6 (/opt/ros/foxy/share/ament_cmake_cppcheck/cmake)
[19.646s] -- Found ament_cmake_cpplint: 0.9.6 (/opt/ros/foxy/share/ament_cmake_cpplint/cmake)
[19.717s] -- Found ament_cmake_lint_cmake: 0.9.6 (/opt/ros/foxy/share/ament_cmake_lint_cmake/cmake)
[19.759s] -- Found ament_cmake_uncrustify: 0.9.6 (/opt/ros/foxy/share/ament_cmake_uncrustify/cmake)
[19.827s] -- Found gtest sources under '/opt/ros/foxy/src/gtest_vendor': C++ tests using 'Google Test' will be built
[19.852s] -- Check if compiler accepts -pthread
[21.657s] -- Check if compiler accepts -pthread - yes
[23.245s] -- Configuring done
[23.684s] -- Generating done
[23.716s] -- Build files have been written to: /home/ubuntu/test_ros_ws/build/camera_calibration_parsers
[23.817s] Invoked command in '/home/ubuntu/test_ros_ws/build/camera_calibration_parsers' returned '0': CMAKE_PREFIX_PATH=${CMAKE_PREFIX_PATH}:/home/ubuntu/test_ros_ws/install/opencv_tests:/home/ubuntu/robotics-unibs-project/rpi_ros_ws/install/alphabot2:/opt/ros/foxy /usr/bin/cmake /home/ubuntu/test_ros_ws/src/image_common/camera_calibration_parsers -DCMAKE_INSTALL_PREFIX=/home/ubuntu/test_ros_ws/install/camera_calibration_parsers
[23.832s] Invoking command in '/home/ubuntu/test_ros_ws/build/camera_calibration_parsers': CMAKE_PREFIX_PATH=${CMAKE_PREFIX_PATH}:/home/ubuntu/test_ros_ws/install/opencv_tests:/home/ubuntu/robotics-unibs-project/rpi_ros_ws/install/alphabot2:/opt/ros/foxy /usr/bin/cmake --build /home/ubuntu/test_ros_ws/build/camera_calibration_parsers -- -j4 -l4
[25.075s] [35m[1mScanning dependencies of target camera_calibration_parsers[0m
[25.128s] [35m[1mScanning dependencies of target gtest[0m
[25.141s] [35m[1mScanning dependencies of target gtest_main[0m
[25.608s] [  7%] [32mBuilding CXX object gtest/CMakeFiles/gtest.dir/src/gtest-all.cc.o[0m
[25.624s] [ 14%] [32mBuilding CXX object gtest/CMakeFiles/gtest_main.dir/src/gtest_main.cc.o[0m
[26.332s] [ 21%] [32mBuilding CXX object CMakeFiles/camera_calibration_parsers.dir/src/parse_ini.cpp.o[0m
[26.369s] [ 28%] [32mBuilding CXX object CMakeFiles/camera_calibration_parsers.dir/src/parse.cpp.o[0m
[50.635s] [ 35%] [32m[1mLinking CXX static library libgtest_main.a[0m
[51.838s] [ 35%] Built target gtest_main
[74.143s] [ 42%] [32mBuilding CXX object CMakeFiles/camera_calibration_parsers.dir/src/parse_yml.cpp.o[0m
[95.995s] [ 50%] [32m[1mLinking CXX static library libgtest.a[0m
[97.478s] [ 50%] Built target gtest
[97.684s] [ 57%] [32m[1mLinking CXX shared library libcamera_calibration_parsers.so[0m
[99.492s] [ 57%] Built target camera_calibration_parsers
[99.623s] [35m[1mScanning dependencies of target camera_calibration_parsers-parse_yml[0m
[99.908s] [ 64%] [32mBuilding CXX object CMakeFiles/camera_calibration_parsers-parse_yml.dir/test/test_parse_yml.cpp.o[0m
[111.763s] [ 71%] [32m[1mLinking CXX executable camera_calibration_parsers-parse_yml[0m
[113.539s] [ 71%] Built target camera_calibration_parsers-parse_yml
[113.679s] [35m[1mScanning dependencies of target convert[0m
[114.014s] [ 78%] [32mBuilding CXX object CMakeFiles/convert.dir/src/convert.cpp.o[0m
[120.932s] [ 85%] [32m[1mLinking CXX executable convert[0m
[122.151s] [ 85%] Built target convert
[122.277s] [35m[1mScanning dependencies of target camera_calibration_parsers-parse_ini[0m
[122.509s] [ 92%] [32mBuilding CXX object CMakeFiles/camera_calibration_parsers-parse_ini.dir/test/test_parse_ini.cpp.o[0m
[133.927s] [100%] [32m[1mLinking CXX executable camera_calibration_parsers-parse_ini[0m
[135.562s] [100%] Built target camera_calibration_parsers-parse_ini
[135.690s] Invoked command in '/home/ubuntu/test_ros_ws/build/camera_calibration_parsers' returned '0': CMAKE_PREFIX_PATH=${CMAKE_PREFIX_PATH}:/home/ubuntu/test_ros_ws/install/opencv_tests:/home/ubuntu/robotics-unibs-project/rpi_ros_ws/install/alphabot2:/opt/ros/foxy /usr/bin/cmake --build /home/ubuntu/test_ros_ws/build/camera_calibration_parsers -- -j4 -l4
[136.325s] Invoking command in '/home/ubuntu/test_ros_ws/build/camera_calibration_parsers': CMAKE_PREFIX_PATH=${CMAKE_PREFIX_PATH}:/home/ubuntu/test_ros_ws/install/opencv_tests:/home/ubuntu/robotics-unibs-project/rpi_ros_ws/install/alphabot2:/opt/ros/foxy /usr/bin/cmake --install /home/ubuntu/test_ros_ws/build/camera_calibration_parsers
[136.435s] -- Install configuration: ""
[136.437s] -- Installing: /home/ubuntu/test_ros_ws/install/camera_calibration_parsers/lib/libcamera_calibration_parsers.so
[136.451s] -- Set runtime path of "/home/ubuntu/test_ros_ws/install/camera_calibration_parsers/lib/libcamera_calibration_parsers.so" to ""
[136.454s] -- Installing: /home/ubuntu/test_ros_ws/install/camera_calibration_parsers/lib/camera_calibration_parsers/convert
[136.461s] -- Set runtime path of "/home/ubuntu/test_ros_ws/install/camera_calibration_parsers/lib/camera_calibration_parsers/convert" to ""
[136.463s] -- Installing: /home/ubuntu/test_ros_ws/install/camera_calibration_parsers/include/camera_calibration_parsers
[136.465s] -- Installing: /home/ubuntu/test_ros_ws/install/camera_calibration_parsers/include/camera_calibration_parsers/camera_calibration_parsers
[136.467s] -- Installing: /home/ubuntu/test_ros_ws/install/camera_calibration_parsers/include/camera_calibration_parsers/camera_calibration_parsers/parse.h
[136.468s] -- Installing: /home/ubuntu/test_ros_ws/install/camera_calibration_parsers/include/camera_calibration_parsers/camera_calibration_parsers/parse_ini.hpp
[136.471s] -- Installing: /home/ubuntu/test_ros_ws/install/camera_calibration_parsers/include/camera_calibration_parsers/camera_calibration_parsers/parse.hpp
[136.474s] -- Installing: /home/ubuntu/test_ros_ws/install/camera_calibration_parsers/include/camera_calibration_parsers/camera_calibration_parsers/visibility_control.hpp
[136.477s] -- Installing: /home/ubuntu/test_ros_ws/install/camera_calibration_parsers/include/camera_calibration_parsers/camera_calibration_parsers/parse_ini.h
[136.480s] -- Installing: /home/ubuntu/test_ros_ws/install/camera_calibration_parsers/include/camera_calibration_parsers/camera_calibration_parsers/parse_yml.h
[136.483s] -- Installing: /home/ubuntu/test_ros_ws/install/camera_calibration_parsers/include/camera_calibration_parsers/camera_calibration_parsers/parse_yml.hpp
[136.488s] -- Installing: /home/ubuntu/test_ros_ws/install/camera_calibration_parsers/share/ament_index/resource_index/package_run_dependencies/camera_calibration_parsers
[136.492s] -- Installing: /home/ubuntu/test_ros_ws/install/camera_calibration_parsers/share/ament_index/resource_index/parent_prefix_path/camera_calibration_parsers
[136.496s] -- Installing: /home/ubuntu/test_ros_ws/install/camera_calibration_parsers/share/camera_calibration_parsers/environment/ament_prefix_path.sh
[136.500s] -- Installing: /home/ubuntu/test_ros_ws/install/camera_calibration_parsers/share/camera_calibration_parsers/environment/ament_prefix_path.dsv
[136.503s] -- Installing: /home/ubuntu/test_ros_ws/install/camera_calibration_parsers/share/camera_calibration_parsers/environment/path.sh
[136.506s] -- Installing: /home/ubuntu/test_ros_ws/install/camera_calibration_parsers/share/camera_calibration_parsers/environment/path.dsv
[136.510s] -- Installing: /home/ubuntu/test_ros_ws/install/camera_calibration_parsers/share/camera_calibration_parsers/local_setup.bash
[136.513s] -- Installing: /home/ubuntu/test_ros_ws/install/camera_calibration_parsers/share/camera_calibration_parsers/local_setup.sh
[136.517s] -- Installing: /home/ubuntu/test_ros_ws/install/camera_calibration_parsers/share/camera_calibration_parsers/local_setup.zsh
[136.519s] -- Installing: /home/ubuntu/test_ros_ws/install/camera_calibration_parsers/share/camera_calibration_parsers/local_setup.dsv
[136.523s] -- Installing: /home/ubuntu/test_ros_ws/install/camera_calibration_parsers/share/camera_calibration_parsers/package.dsv
[136.527s] -- Installing: /home/ubuntu/test_ros_ws/install/camera_calibration_parsers/share/ament_index/resource_index/packages/camera_calibration_parsers
[136.531s] -- Installing: /home/ubuntu/test_ros_ws/install/camera_calibration_parsers/share/camera_calibration_parsers/cmake/export_camera_calibration_parsersExport.cmake
[136.535s] -- Installing: /home/ubuntu/test_ros_ws/install/camera_calibration_parsers/share/camera_calibration_parsers/cmake/export_camera_calibration_parsersExport-noconfig.cmake
[136.539s] -- Installing: /home/ubuntu/test_ros_ws/install/camera_calibration_parsers/share/camera_calibration_parsers/cmake/ament_cmake_export_targets-extras.cmake
[136.543s] -- Installing: /home/ubuntu/test_ros_ws/install/camera_calibration_parsers/share/camera_calibration_parsers/cmake/ament_cmake_export_dependencies-extras.cmake
[136.546s] -- Installing: /home/ubuntu/test_ros_ws/install/camera_calibration_parsers/share/camera_calibration_parsers/cmake/camera_calibration_parsersConfig.cmake
[136.549s] -- Installing: /home/ubuntu/test_ros_ws/install/camera_calibration_parsers/share/camera_calibration_parsers/cmake/camera_calibration_parsersConfig-version.cmake
[136.553s] -- Installing: /home/ubuntu/test_ros_ws/install/camera_calibration_parsers/share/camera_calibration_parsers/package.xml
[136.581s] Invoked command in '/home/ubuntu/test_ros_ws/build/camera_calibration_parsers' returned '0': CMAKE_PREFIX_PATH=${CMAKE_PREFIX_PATH}:/home/ubuntu/test_ros_ws/install/opencv_tests:/home/ubuntu/robotics-unibs-project/rpi_ros_ws/install/alphabot2:/opt/ros/foxy /usr/bin/cmake --install /home/ubuntu/test_ros_ws/build/camera_calibration_parsers
