[0.304s] Invoking command in '/home/ubuntu/test_ros_ws/build/compressed_image_transport': CMAKE_PREFIX_PATH=/home/ubuntu/test_ros_ws/install/image_transport:/home/ubuntu/test_ros_ws/install/cv_bridge:/home/ubuntu/test_ros_ws/install/vision_opencv:/home/ubuntu/test_ros_ws/install/v4l2_camera:/home/ubuntu/test_ros_ws/install/image_transport_plugins:/home/ubuntu/test_ros_ws/install/theora_image_transport:/home/ubuntu/test_ros_ws/install/image_common:/home/ubuntu/test_ros_ws/install/compressed_image_transport:/home/ubuntu/test_ros_ws/install/compressed_depth_image_transport:/home/ubuntu/test_ros_ws/install/image_geometry:/home/ubuntu/test_ros_ws/install/camera_info_manager:/home/ubuntu/test_ros_ws/install/camera_calibration_parsers:/home/ubuntu/robotics-unibs-project/rpi_ros_ws/install/alphabot2_interfaces:/home/ubuntu/test_ros_ws/install/opencv_tests:/home/ubuntu/robotics-unibs-project/rpi_ros_ws/install/alphabot2:/opt/ros/foxy LD_LIBRARY_PATH=/home/ubuntu/test_ros_ws/install/image_transport/lib:/home/ubuntu/test_ros_ws/install/cv_bridge/lib:/home/ubuntu/test_ros_ws/install/v4l2_camera/lib:/home/ubuntu/test_ros_ws/install/theora_image_transport/lib:/home/ubuntu/test_ros_ws/install/compressed_image_transport/lib:/home/ubuntu/test_ros_ws/install/compressed_depth_image_transport/lib:/home/ubuntu/test_ros_ws/install/image_geometry/lib:/home/ubuntu/test_ros_ws/install/camera_info_manager/lib:/home/ubuntu/test_ros_ws/install/camera_calibration_parsers/lib:/home/ubuntu/robotics-unibs-project/rpi_ros_ws/install/alphabot2_interfaces/lib:/opt/ros/foxy/opt/yaml_cpp_vendor/lib:/opt/ros/foxy/lib/aarch64-linux-gnu:/opt/ros/foxy/lib PYTHONPATH=/home/ubuntu/test_ros_ws/install/cv_bridge/lib/python3.8/site-packages:/home/ubuntu/test_ros_ws/install/theora_image_transport/lib/python3.8/site-packages:/home/ubuntu/test_ros_ws/install/opencv_tests/lib/python3.8/site-packages:/home/ubuntu/test_ros_ws/install/image_geometry/lib/python3.8/site-packages:/home/ubuntu/robotics-unibs-project/rpi_ros_ws/install/alphabot2/lib/python3.8/site-packages:/home/ubuntu/robotics-unibs-project/rpi_ros_ws/install/alphabot2_interfaces/lib/python3.8/site-packages:/opt/ros/foxy/lib/python3.8/site-packages /usr/bin/cmake /home/ubuntu/test_ros_ws/src/image_transport_plugins/compressed_image_transport -DCMAKE_INSTALL_PREFIX=/home/ubuntu/test_ros_ws/install/compressed_image_transport
[0.995s] -- The C compiler identification is GNU 9.3.0
[1.649s] -- The CXX compiler identification is GNU 9.3.0
[1.713s] -- Check for working C compiler: /usr/bin/cc
[2.568s] -- Check for working C compiler: /usr/bin/cc -- works
[2.580s] -- Detecting C compiler ABI info
[3.480s] -- Detecting C compiler ABI info - done
[3.596s] -- Detecting C compile features
[3.598s] -- Detecting C compile features - done
[3.624s] -- Check for working CXX compiler: /usr/bin/c++
[4.590s] -- Check for working CXX compiler: /usr/bin/c++ -- works
[4.605s] -- Detecting CXX compiler ABI info
[5.589s] -- Detecting CXX compiler ABI info - done
[5.705s] -- Detecting CXX compile features
[5.710s] -- Detecting CXX compile features - done
[5.780s] -- Found ament_cmake: 0.9.9 (/opt/ros/foxy/share/ament_cmake/cmake)
[6.184s] -- Found PythonInterp: /usr/bin/python3 (found suitable version "3.8.10", minimum required is "3") 
[6.185s] -- Using PYTHON_EXECUTABLE: /usr/bin/python3
[9.118s] -- Found image_transport: 3.1.2 (/home/ubuntu/test_ros_ws/install/image_transport/share/image_transport/cmake)
[10.230s] -- Using all available rosidl_typesupport_c: rosidl_typesupport_fastrtps_c;rosidl_typesupport_introspection_c
[10.435s] -- Found rosidl_adapter: 1.2.1 (/opt/ros/foxy/share/rosidl_adapter/cmake)
[11.671s] -- Found OpenSSL: /usr/lib/aarch64-linux-gnu/libcrypto.so (found version "1.1.1f")  
[12.099s] -- Found FastRTPS: /opt/ros/foxy/include  
[13.403s] -- Using all available rosidl_typesupport_cpp: rosidl_typesupport_fastrtps_cpp;rosidl_typesupport_introspection_cpp
[14.292s] -- Found rmw_implementation_cmake: 1.0.3 (/opt/ros/foxy/share/rmw_implementation_cmake/cmake)
[14.317s] -- Using RMW implementation 'rmw_fastrtps_cpp' as default
[14.326s] -- Looking for pthread.h
[15.227s] -- Looking for pthread.h - found
[15.232s] -- Performing Test CMAKE_HAVE_LIBC_PTHREAD
[16.142s] -- Performing Test CMAKE_HAVE_LIBC_PTHREAD - Failed
[16.146s] -- Looking for pthread_create in pthreads
[16.895s] -- Looking for pthread_create in pthreads - not found
[16.897s] -- Looking for pthread_create in pthread
[17.780s] -- Looking for pthread_create in pthread - found
[17.795s] -- Found Threads: TRUE  
[21.830s] -- Found cv_bridge: 2.2.1 (/home/ubuntu/test_ros_ws/install/cv_bridge/share/cv_bridge/cmake)
[22.219s] -- Found OpenCV: /usr (found version "4.2.0") 
[23.010s] -- Configuring done
[23.270s] -- Generating done
[23.289s] -- Build files have been written to: /home/ubuntu/test_ros_ws/build/compressed_image_transport
[23.362s] Invoked command in '/home/ubuntu/test_ros_ws/build/compressed_image_transport' returned '0': CMAKE_PREFIX_PATH=/home/ubuntu/test_ros_ws/install/image_transport:/home/ubuntu/test_ros_ws/install/cv_bridge:/home/ubuntu/test_ros_ws/install/vision_opencv:/home/ubuntu/test_ros_ws/install/v4l2_camera:/home/ubuntu/test_ros_ws/install/image_transport_plugins:/home/ubuntu/test_ros_ws/install/theora_image_transport:/home/ubuntu/test_ros_ws/install/image_common:/home/ubuntu/test_ros_ws/install/compressed_image_transport:/home/ubuntu/test_ros_ws/install/compressed_depth_image_transport:/home/ubuntu/test_ros_ws/install/image_geometry:/home/ubuntu/test_ros_ws/install/camera_info_manager:/home/ubuntu/test_ros_ws/install/camera_calibration_parsers:/home/ubuntu/robotics-unibs-project/rpi_ros_ws/install/alphabot2_interfaces:/home/ubuntu/test_ros_ws/install/opencv_tests:/home/ubuntu/robotics-unibs-project/rpi_ros_ws/install/alphabot2:/opt/ros/foxy LD_LIBRARY_PATH=/home/ubuntu/test_ros_ws/install/image_transport/lib:/home/ubuntu/test_ros_ws/install/cv_bridge/lib:/home/ubuntu/test_ros_ws/install/v4l2_camera/lib:/home/ubuntu/test_ros_ws/install/theora_image_transport/lib:/home/ubuntu/test_ros_ws/install/compressed_image_transport/lib:/home/ubuntu/test_ros_ws/install/compressed_depth_image_transport/lib:/home/ubuntu/test_ros_ws/install/image_geometry/lib:/home/ubuntu/test_ros_ws/install/camera_info_manager/lib:/home/ubuntu/test_ros_ws/install/camera_calibration_parsers/lib:/home/ubuntu/robotics-unibs-project/rpi_ros_ws/install/alphabot2_interfaces/lib:/opt/ros/foxy/opt/yaml_cpp_vendor/lib:/opt/ros/foxy/lib/aarch64-linux-gnu:/opt/ros/foxy/lib PYTHONPATH=/home/ubuntu/test_ros_ws/install/cv_bridge/lib/python3.8/site-packages:/home/ubuntu/test_ros_ws/install/theora_image_transport/lib/python3.8/site-packages:/home/ubuntu/test_ros_ws/install/opencv_tests/lib/python3.8/site-packages:/home/ubuntu/test_ros_ws/install/image_geometry/lib/python3.8/site-packages:/home/ubuntu/robotics-unibs-project/rpi_ros_ws/install/alphabot2/lib/python3.8/site-packages:/home/ubuntu/robotics-unibs-project/rpi_ros_ws/install/alphabot2_interfaces/lib/python3.8/site-packages:/opt/ros/foxy/lib/python3.8/site-packages /usr/bin/cmake /home/ubuntu/test_ros_ws/src/image_transport_plugins/compressed_image_transport -DCMAKE_INSTALL_PREFIX=/home/ubuntu/test_ros_ws/install/compressed_image_transport
[23.367s] Invoking command in '/home/ubuntu/test_ros_ws/build/compressed_image_transport': CMAKE_PREFIX_PATH=/home/ubuntu/test_ros_ws/install/image_transport:/home/ubuntu/test_ros_ws/install/cv_bridge:/home/ubuntu/test_ros_ws/install/vision_opencv:/home/ubuntu/test_ros_ws/install/v4l2_camera:/home/ubuntu/test_ros_ws/install/image_transport_plugins:/home/ubuntu/test_ros_ws/install/theora_image_transport:/home/ubuntu/test_ros_ws/install/image_common:/home/ubuntu/test_ros_ws/install/compressed_image_transport:/home/ubuntu/test_ros_ws/install/compressed_depth_image_transport:/home/ubuntu/test_ros_ws/install/image_geometry:/home/ubuntu/test_ros_ws/install/camera_info_manager:/home/ubuntu/test_ros_ws/install/camera_calibration_parsers:/home/ubuntu/robotics-unibs-project/rpi_ros_ws/install/alphabot2_interfaces:/home/ubuntu/test_ros_ws/install/opencv_tests:/home/ubuntu/robotics-unibs-project/rpi_ros_ws/install/alphabot2:/opt/ros/foxy LD_LIBRARY_PATH=/home/ubuntu/test_ros_ws/install/image_transport/lib:/home/ubuntu/test_ros_ws/install/cv_bridge/lib:/home/ubuntu/test_ros_ws/install/v4l2_camera/lib:/home/ubuntu/test_ros_ws/install/theora_image_transport/lib:/home/ubuntu/test_ros_ws/install/compressed_image_transport/lib:/home/ubuntu/test_ros_ws/install/compressed_depth_image_transport/lib:/home/ubuntu/test_ros_ws/install/image_geometry/lib:/home/ubuntu/test_ros_ws/install/camera_info_manager/lib:/home/ubuntu/test_ros_ws/install/camera_calibration_parsers/lib:/home/ubuntu/robotics-unibs-project/rpi_ros_ws/install/alphabot2_interfaces/lib:/opt/ros/foxy/opt/yaml_cpp_vendor/lib:/opt/ros/foxy/lib/aarch64-linux-gnu:/opt/ros/foxy/lib PYTHONPATH=/home/ubuntu/test_ros_ws/install/cv_bridge/lib/python3.8/site-packages:/home/ubuntu/test_ros_ws/install/theora_image_transport/lib/python3.8/site-packages:/home/ubuntu/test_ros_ws/install/opencv_tests/lib/python3.8/site-packages:/home/ubuntu/test_ros_ws/install/image_geometry/lib/python3.8/site-packages:/home/ubuntu/robotics-unibs-project/rpi_ros_ws/install/alphabot2/lib/python3.8/site-packages:/home/ubuntu/robotics-unibs-project/rpi_ros_ws/install/alphabot2_interfaces/lib/python3.8/site-packages:/opt/ros/foxy/lib/python3.8/site-packages /usr/bin/cmake --build /home/ubuntu/test_ros_ws/build/compressed_image_transport -- -j4 -l4
[23.911s] [35m[1mScanning dependencies of target compressed_image_transport[0m
[24.956s] [ 25%] [32mBuilding CXX object CMakeFiles/compressed_image_transport.dir/src/compressed_publisher.cpp.o[0m
[24.997s] [ 50%] [32mBuilding CXX object CMakeFiles/compressed_image_transport.dir/src/compressed_subscriber.cpp.o[0m
[25.024s] [ 75%] [32mBuilding CXX object CMakeFiles/compressed_image_transport.dir/src/manifest.cpp.o[0m
[116.469s] [100%] [32m[1mLinking CXX shared library libcompressed_image_transport.so[0m
[121.653s] [100%] Built target compressed_image_transport
[121.781s] Invoked command in '/home/ubuntu/test_ros_ws/build/compressed_image_transport' returned '0': CMAKE_PREFIX_PATH=/home/ubuntu/test_ros_ws/install/image_transport:/home/ubuntu/test_ros_ws/install/cv_bridge:/home/ubuntu/test_ros_ws/install/vision_opencv:/home/ubuntu/test_ros_ws/install/v4l2_camera:/home/ubuntu/test_ros_ws/install/image_transport_plugins:/home/ubuntu/test_ros_ws/install/theora_image_transport:/home/ubuntu/test_ros_ws/install/image_common:/home/ubuntu/test_ros_ws/install/compressed_image_transport:/home/ubuntu/test_ros_ws/install/compressed_depth_image_transport:/home/ubuntu/test_ros_ws/install/image_geometry:/home/ubuntu/test_ros_ws/install/camera_info_manager:/home/ubuntu/test_ros_ws/install/camera_calibration_parsers:/home/ubuntu/robotics-unibs-project/rpi_ros_ws/install/alphabot2_interfaces:/home/ubuntu/test_ros_ws/install/opencv_tests:/home/ubuntu/robotics-unibs-project/rpi_ros_ws/install/alphabot2:/opt/ros/foxy LD_LIBRARY_PATH=/home/ubuntu/test_ros_ws/install/image_transport/lib:/home/ubuntu/test_ros_ws/install/cv_bridge/lib:/home/ubuntu/test_ros_ws/install/v4l2_camera/lib:/home/ubuntu/test_ros_ws/install/theora_image_transport/lib:/home/ubuntu/test_ros_ws/install/compressed_image_transport/lib:/home/ubuntu/test_ros_ws/install/compressed_depth_image_transport/lib:/home/ubuntu/test_ros_ws/install/image_geometry/lib:/home/ubuntu/test_ros_ws/install/camera_info_manager/lib:/home/ubuntu/test_ros_ws/install/camera_calibration_parsers/lib:/home/ubuntu/robotics-unibs-project/rpi_ros_ws/install/alphabot2_interfaces/lib:/opt/ros/foxy/opt/yaml_cpp_vendor/lib:/opt/ros/foxy/lib/aarch64-linux-gnu:/opt/ros/foxy/lib PYTHONPATH=/home/ubuntu/test_ros_ws/install/cv_bridge/lib/python3.8/site-packages:/home/ubuntu/test_ros_ws/install/theora_image_transport/lib/python3.8/site-packages:/home/ubuntu/test_ros_ws/install/opencv_tests/lib/python3.8/site-packages:/home/ubuntu/test_ros_ws/install/image_geometry/lib/python3.8/site-packages:/home/ubuntu/robotics-unibs-project/rpi_ros_ws/install/alphabot2/lib/python3.8/site-packages:/home/ubuntu/robotics-unibs-project/rpi_ros_ws/install/alphabot2_interfaces/lib/python3.8/site-packages:/opt/ros/foxy/lib/python3.8/site-packages /usr/bin/cmake --build /home/ubuntu/test_ros_ws/build/compressed_image_transport -- -j4 -l4
[122.297s] Invoking command in '/home/ubuntu/test_ros_ws/build/compressed_image_transport': CMAKE_PREFIX_PATH=/home/ubuntu/test_ros_ws/install/image_transport:/home/ubuntu/test_ros_ws/install/cv_bridge:/home/ubuntu/test_ros_ws/install/vision_opencv:/home/ubuntu/test_ros_ws/install/v4l2_camera:/home/ubuntu/test_ros_ws/install/image_transport_plugins:/home/ubuntu/test_ros_ws/install/theora_image_transport:/home/ubuntu/test_ros_ws/install/image_common:/home/ubuntu/test_ros_ws/install/compressed_image_transport:/home/ubuntu/test_ros_ws/install/compressed_depth_image_transport:/home/ubuntu/test_ros_ws/install/image_geometry:/home/ubuntu/test_ros_ws/install/camera_info_manager:/home/ubuntu/test_ros_ws/install/camera_calibration_parsers:/home/ubuntu/robotics-unibs-project/rpi_ros_ws/install/alphabot2_interfaces:/home/ubuntu/test_ros_ws/install/opencv_tests:/home/ubuntu/robotics-unibs-project/rpi_ros_ws/install/alphabot2:/opt/ros/foxy LD_LIBRARY_PATH=/home/ubuntu/test_ros_ws/install/image_transport/lib:/home/ubuntu/test_ros_ws/install/cv_bridge/lib:/home/ubuntu/test_ros_ws/install/v4l2_camera/lib:/home/ubuntu/test_ros_ws/install/theora_image_transport/lib:/home/ubuntu/test_ros_ws/install/compressed_image_transport/lib:/home/ubuntu/test_ros_ws/install/compressed_depth_image_transport/lib:/home/ubuntu/test_ros_ws/install/image_geometry/lib:/home/ubuntu/test_ros_ws/install/camera_info_manager/lib:/home/ubuntu/test_ros_ws/install/camera_calibration_parsers/lib:/home/ubuntu/robotics-unibs-project/rpi_ros_ws/install/alphabot2_interfaces/lib:/opt/ros/foxy/opt/yaml_cpp_vendor/lib:/opt/ros/foxy/lib/aarch64-linux-gnu:/opt/ros/foxy/lib PYTHONPATH=/home/ubuntu/test_ros_ws/install/cv_bridge/lib/python3.8/site-packages:/home/ubuntu/test_ros_ws/install/theora_image_transport/lib/python3.8/site-packages:/home/ubuntu/test_ros_ws/install/opencv_tests/lib/python3.8/site-packages:/home/ubuntu/test_ros_ws/install/image_geometry/lib/python3.8/site-packages:/home/ubuntu/robotics-unibs-project/rpi_ros_ws/install/alphabot2/lib/python3.8/site-packages:/home/ubuntu/robotics-unibs-project/rpi_ros_ws/install/alphabot2_interfaces/lib/python3.8/site-packages:/opt/ros/foxy/lib/python3.8/site-packages /usr/bin/cmake --install /home/ubuntu/test_ros_ws/build/compressed_image_transport
[122.438s] -- Install configuration: ""
[122.443s] -- Installing: /home/ubuntu/test_ros_ws/install/compressed_image_transport/lib/libcompressed_image_transport.so
[122.516s] -- Set runtime path of "/home/ubuntu/test_ros_ws/install/compressed_image_transport/lib/libcompressed_image_transport.so" to ""
[122.520s] -- Installing: /home/ubuntu/test_ros_ws/install/compressed_image_transport/include
[122.524s] -- Installing: /home/ubuntu/test_ros_ws/install/compressed_image_transport/include/compressed_image_transport
[122.528s] -- Installing: /home/ubuntu/test_ros_ws/install/compressed_image_transport/include/compressed_image_transport/compressed_publisher.h
[122.534s] -- Installing: /home/ubuntu/test_ros_ws/install/compressed_image_transport/include/compressed_image_transport/compression_common.h
[122.539s] -- Installing: /home/ubuntu/test_ros_ws/install/compressed_image_transport/include/compressed_image_transport/compressed_subscriber.h
[122.545s] -- Installing: /home/ubuntu/test_ros_ws/install/compressed_image_transport/share/compressed_image_transport/compressed_plugins.xml
[122.554s] -- Installing: /home/ubuntu/test_ros_ws/install/compressed_image_transport/share/ament_index/resource_index/package_run_dependencies/compressed_image_transport
[122.562s] -- Installing: /home/ubuntu/test_ros_ws/install/compressed_image_transport/share/ament_index/resource_index/parent_prefix_path/compressed_image_transport
[122.568s] -- Installing: /home/ubuntu/test_ros_ws/install/compressed_image_transport/share/compressed_image_transport/environment/ament_prefix_path.sh
[122.574s] -- Installing: /home/ubuntu/test_ros_ws/install/compressed_image_transport/share/compressed_image_transport/environment/ament_prefix_path.dsv
[122.580s] -- Installing: /home/ubuntu/test_ros_ws/install/compressed_image_transport/share/compressed_image_transport/environment/path.sh
[122.587s] -- Installing: /home/ubuntu/test_ros_ws/install/compressed_image_transport/share/compressed_image_transport/environment/path.dsv
[122.593s] -- Installing: /home/ubuntu/test_ros_ws/install/compressed_image_transport/share/compressed_image_transport/local_setup.bash
[122.599s] -- Installing: /home/ubuntu/test_ros_ws/install/compressed_image_transport/share/compressed_image_transport/local_setup.sh
[122.604s] -- Installing: /home/ubuntu/test_ros_ws/install/compressed_image_transport/share/compressed_image_transport/local_setup.zsh
[122.610s] -- Installing: /home/ubuntu/test_ros_ws/install/compressed_image_transport/share/compressed_image_transport/local_setup.dsv
[122.616s] -- Installing: /home/ubuntu/test_ros_ws/install/compressed_image_transport/share/compressed_image_transport/package.dsv
[122.623s] -- Installing: /home/ubuntu/test_ros_ws/install/compressed_image_transport/share/ament_index/resource_index/packages/compressed_image_transport
[122.631s] -- Installing: /home/ubuntu/test_ros_ws/install/compressed_image_transport/share/ament_index/resource_index/image_transport__pluginlib__plugin/compressed_image_transport
[122.638s] -- Installing: /home/ubuntu/test_ros_ws/install/compressed_image_transport/share/compressed_image_transport/cmake/compressed_image_transportConfig.cmake
[122.644s] -- Installing: /home/ubuntu/test_ros_ws/install/compressed_image_transport/share/compressed_image_transport/cmake/compressed_image_transportConfig-version.cmake
[122.650s] -- Installing: /home/ubuntu/test_ros_ws/install/compressed_image_transport/share/compressed_image_transport/package.xml
[122.672s] Invoked command in '/home/ubuntu/test_ros_ws/build/compressed_image_transport' returned '0': CMAKE_PREFIX_PATH=/home/ubuntu/test_ros_ws/install/image_transport:/home/ubuntu/test_ros_ws/install/cv_bridge:/home/ubuntu/test_ros_ws/install/vision_opencv:/home/ubuntu/test_ros_ws/install/v4l2_camera:/home/ubuntu/test_ros_ws/install/image_transport_plugins:/home/ubuntu/test_ros_ws/install/theora_image_transport:/home/ubuntu/test_ros_ws/install/image_common:/home/ubuntu/test_ros_ws/install/compressed_image_transport:/home/ubuntu/test_ros_ws/install/compressed_depth_image_transport:/home/ubuntu/test_ros_ws/install/image_geometry:/home/ubuntu/test_ros_ws/install/camera_info_manager:/home/ubuntu/test_ros_ws/install/camera_calibration_parsers:/home/ubuntu/robotics-unibs-project/rpi_ros_ws/install/alphabot2_interfaces:/home/ubuntu/test_ros_ws/install/opencv_tests:/home/ubuntu/robotics-unibs-project/rpi_ros_ws/install/alphabot2:/opt/ros/foxy LD_LIBRARY_PATH=/home/ubuntu/test_ros_ws/install/image_transport/lib:/home/ubuntu/test_ros_ws/install/cv_bridge/lib:/home/ubuntu/test_ros_ws/install/v4l2_camera/lib:/home/ubuntu/test_ros_ws/install/theora_image_transport/lib:/home/ubuntu/test_ros_ws/install/compressed_image_transport/lib:/home/ubuntu/test_ros_ws/install/compressed_depth_image_transport/lib:/home/ubuntu/test_ros_ws/install/image_geometry/lib:/home/ubuntu/test_ros_ws/install/camera_info_manager/lib:/home/ubuntu/test_ros_ws/install/camera_calibration_parsers/lib:/home/ubuntu/robotics-unibs-project/rpi_ros_ws/install/alphabot2_interfaces/lib:/opt/ros/foxy/opt/yaml_cpp_vendor/lib:/opt/ros/foxy/lib/aarch64-linux-gnu:/opt/ros/foxy/lib PYTHONPATH=/home/ubuntu/test_ros_ws/install/cv_bridge/lib/python3.8/site-packages:/home/ubuntu/test_ros_ws/install/theora_image_transport/lib/python3.8/site-packages:/home/ubuntu/test_ros_ws/install/opencv_tests/lib/python3.8/site-packages:/home/ubuntu/test_ros_ws/install/image_geometry/lib/python3.8/site-packages:/home/ubuntu/robotics-unibs-project/rpi_ros_ws/install/alphabot2/lib/python3.8/site-packages:/home/ubuntu/robotics-unibs-project/rpi_ros_ws/install/alphabot2_interfaces/lib/python3.8/site-packages:/opt/ros/foxy/lib/python3.8/site-packages /usr/bin/cmake --install /home/ubuntu/test_ros_ws/build/compressed_image_transport
