[0.241s] Invoking command in '/home/ubuntu/test_ros_ws/build/image_geometry': CMAKE_PREFIX_PATH=${CMAKE_PREFIX_PATH}:/home/ubuntu/test_ros_ws/install/opencv_tests:/home/ubuntu/robotics-unibs-project/rpi_ros_ws/install/alphabot2:/opt/ros/foxy /usr/bin/cmake /home/ubuntu/test_ros_ws/src/vision_opencv/image_geometry -DCMAKE_INSTALL_PREFIX=/home/ubuntu/test_ros_ws/install/image_geometry
[0.926s] -- The C compiler identification is GNU 9.3.0
[1.566s] -- The CXX compiler identification is GNU 9.3.0
[1.628s] -- Check for working C compiler: /usr/bin/cc
[2.444s] -- Check for working C compiler: /usr/bin/cc -- works
[2.453s] -- Detecting C compiler ABI info
[3.274s] -- Detecting C compiler ABI info - done
[3.395s] -- Detecting C compile features
[3.401s] -- Detecting C compile features - done
[3.429s] -- Check for working CXX compiler: /usr/bin/c++
[4.326s] -- Check for working CXX compiler: /usr/bin/c++ -- works
[4.338s] -- Detecting CXX compiler ABI info
[5.262s] -- Detecting CXX compiler ABI info - done
[5.387s] -- Detecting CXX compile features
[5.394s] -- Detecting CXX compile features - done
[5.437s] -- Found ament_cmake_python: 0.9.9 (/opt/ros/foxy/share/ament_cmake_python/cmake)
[5.478s] -- Found ament_cmake_ros: 0.9.2 (/opt/ros/foxy/share/ament_cmake_ros/cmake)
[5.980s] -- Found PythonInterp: /usr/bin/python3 (found suitable version "3.8.10", minimum required is "3") 
[5.982s] -- Using PYTHON_EXECUTABLE: /usr/bin/python3
[9.056s] -- Found OpenCV: /usr (found version "4.2.0") found components: calib3d core highgui imgproc 
[9.081s] -- Found sensor_msgs: 2.0.4 (/opt/ros/foxy/share/sensor_msgs/cmake)
[9.593s] -- Using all available rosidl_typesupport_c: rosidl_typesupport_fastrtps_c;rosidl_typesupport_introspection_c
[9.730s] -- Found rosidl_adapter: 1.2.1 (/opt/ros/foxy/share/rosidl_adapter/cmake)
[10.834s] -- Found OpenSSL: /usr/lib/aarch64-linux-gnu/libcrypto.so (found version "1.1.1f")  
[11.243s] -- Found FastRTPS: /opt/ros/foxy/include  
[12.374s] -- Using all available rosidl_typesupport_cpp: rosidl_typesupport_fastrtps_cpp;rosidl_typesupport_introspection_cpp
[14.333s] -- Found gtest sources under '/opt/ros/foxy/src/gtest_vendor': C++ tests using 'Google Test' will be built
[14.357s] -- Looking for pthread.h
[15.208s] -- Looking for pthread.h - found
[15.212s] -- Performing Test CMAKE_HAVE_LIBC_PTHREAD
[16.064s] -- Performing Test CMAKE_HAVE_LIBC_PTHREAD - Failed
[16.066s] -- Check if compiler accepts -pthread
[16.954s] -- Check if compiler accepts -pthread - yes
[16.964s] -- Found Threads: TRUE  
[17.724s] -- Configuring done
[17.883s] -- Generating done
[17.904s] -- Build files have been written to: /home/ubuntu/test_ros_ws/build/image_geometry
[17.950s] Invoked command in '/home/ubuntu/test_ros_ws/build/image_geometry' returned '0': CMAKE_PREFIX_PATH=${CMAKE_PREFIX_PATH}:/home/ubuntu/test_ros_ws/install/opencv_tests:/home/ubuntu/robotics-unibs-project/rpi_ros_ws/install/alphabot2:/opt/ros/foxy /usr/bin/cmake /home/ubuntu/test_ros_ws/src/vision_opencv/image_geometry -DCMAKE_INSTALL_PREFIX=/home/ubuntu/test_ros_ws/install/image_geometry
[17.956s] Invoking command in '/home/ubuntu/test_ros_ws/build/image_geometry': CMAKE_PREFIX_PATH=${CMAKE_PREFIX_PATH}:/home/ubuntu/test_ros_ws/install/opencv_tests:/home/ubuntu/robotics-unibs-project/rpi_ros_ws/install/alphabot2:/opt/ros/foxy /usr/bin/cmake --build /home/ubuntu/test_ros_ws/build/image_geometry -- -j4 -l4
[18.634s] [35m[1mScanning dependencies of target image_geometry[0m
[18.674s] [35m[1mScanning dependencies of target gtest[0m
[18.685s] [35m[1mScanning dependencies of target gtest_main[0m
[19.090s] [ 11%] [32mBuilding CXX object gtest/CMakeFiles/gtest_main.dir/src/gtest_main.cc.o[0m
[19.094s] [ 22%] [32mBuilding CXX object gtest/CMakeFiles/gtest.dir/src/gtest-all.cc.o[0m
[19.467s] [ 33%] [32mBuilding CXX object CMakeFiles/image_geometry.dir/src/pinhole_camera_model.cpp.o[0m
[19.480s] [ 44%] [32mBuilding CXX object CMakeFiles/image_geometry.dir/src/stereo_camera_model.cpp.o[0m
[39.392s] [ 55%] [32m[1mLinking CXX static library libgtest_main.a[0m
[40.900s] [ 55%] Built target gtest_main
[61.907s] [ 66%] [32m[1mLinking CXX shared library libimage_geometry.so[0m
[63.868s] [ 66%] Built target image_geometry
[87.715s] [ 77%] [32m[1mLinking CXX static library libgtest.a[0m
[89.194s] [ 77%] Built target gtest
[89.513s] [35m[1mScanning dependencies of target image_geometry-utest[0m
[90.479s] [ 88%] [32mBuilding CXX object CMakeFiles/image_geometry-utest.dir/test/utest.cpp.o[0m
[112.854s] [100%] [32m[1mLinking CXX executable image_geometry-utest[0m
[114.691s] [100%] Built target image_geometry-utest
[114.811s] Invoked command in '/home/ubuntu/test_ros_ws/build/image_geometry' returned '0': CMAKE_PREFIX_PATH=${CMAKE_PREFIX_PATH}:/home/ubuntu/test_ros_ws/install/opencv_tests:/home/ubuntu/robotics-unibs-project/rpi_ros_ws/install/alphabot2:/opt/ros/foxy /usr/bin/cmake --build /home/ubuntu/test_ros_ws/build/image_geometry -- -j4 -l4
[115.477s] Invoking command in '/home/ubuntu/test_ros_ws/build/image_geometry': CMAKE_PREFIX_PATH=${CMAKE_PREFIX_PATH}:/home/ubuntu/test_ros_ws/install/opencv_tests:/home/ubuntu/robotics-unibs-project/rpi_ros_ws/install/alphabot2:/opt/ros/foxy /usr/bin/cmake --install /home/ubuntu/test_ros_ws/build/image_geometry
[115.603s] -- Install configuration: ""
[115.608s] -- Installing: /home/ubuntu/test_ros_ws/install/image_geometry/share/image_geometry/environment/pythonpath.sh
[115.613s] -- Installing: /home/ubuntu/test_ros_ws/install/image_geometry/share/image_geometry/environment/pythonpath.dsv
[115.618s] -- Installing: /home/ubuntu/test_ros_ws/install/image_geometry/lib/python3.8/site-packages/image_geometry
[115.622s] -- Installing: /home/ubuntu/test_ros_ws/install/image_geometry/lib/python3.8/site-packages/image_geometry/__init__.py
[115.627s] -- Installing: /home/ubuntu/test_ros_ws/install/image_geometry/lib/python3.8/site-packages/image_geometry/cameramodels.py
[116.075s] Listing '/home/ubuntu/test_ros_ws/install/image_geometry/lib/python3.8/site-packages/image_geometry'...
[116.077s] Compiling '/home/ubuntu/test_ros_ws/install/image_geometry/lib/python3.8/site-packages/image_geometry/__init__.py'...
[116.078s] Compiling '/home/ubuntu/test_ros_ws/install/image_geometry/lib/python3.8/site-packages/image_geometry/cameramodels.py'...
[116.135s] -- Installing: /home/ubuntu/test_ros_ws/install/image_geometry/include/image_geometry
[116.137s] -- Installing: /home/ubuntu/test_ros_ws/install/image_geometry/include/image_geometry/image_geometry
[116.146s] -- Installing: /home/ubuntu/test_ros_ws/install/image_geometry/include/image_geometry/image_geometry/stereo_camera_model.h
[116.150s] -- Installing: /home/ubuntu/test_ros_ws/install/image_geometry/include/image_geometry/image_geometry/visibility_control.hpp
[116.152s] -- Installing: /home/ubuntu/test_ros_ws/install/image_geometry/include/image_geometry/image_geometry/pinhole_camera_model.h
[116.158s] -- Installing: /home/ubuntu/test_ros_ws/install/image_geometry/lib/libimage_geometry.so
[116.170s] -- Set runtime path of "/home/ubuntu/test_ros_ws/install/image_geometry/lib/libimage_geometry.so" to ""
[116.176s] -- Installing: /home/ubuntu/test_ros_ws/install/image_geometry/share/ament_index/resource_index/package_run_dependencies/image_geometry
[116.183s] -- Installing: /home/ubuntu/test_ros_ws/install/image_geometry/share/ament_index/resource_index/parent_prefix_path/image_geometry
[116.189s] -- Installing: /home/ubuntu/test_ros_ws/install/image_geometry/share/image_geometry/environment/ament_prefix_path.sh
[116.196s] -- Installing: /home/ubuntu/test_ros_ws/install/image_geometry/share/image_geometry/environment/ament_prefix_path.dsv
[116.201s] -- Installing: /home/ubuntu/test_ros_ws/install/image_geometry/share/image_geometry/environment/path.sh
[116.208s] -- Installing: /home/ubuntu/test_ros_ws/install/image_geometry/share/image_geometry/environment/path.dsv
[116.213s] -- Installing: /home/ubuntu/test_ros_ws/install/image_geometry/share/image_geometry/local_setup.bash
[116.219s] -- Installing: /home/ubuntu/test_ros_ws/install/image_geometry/share/image_geometry/local_setup.sh
[116.225s] -- Installing: /home/ubuntu/test_ros_ws/install/image_geometry/share/image_geometry/local_setup.zsh
[116.231s] -- Installing: /home/ubuntu/test_ros_ws/install/image_geometry/share/image_geometry/local_setup.dsv
[116.237s] -- Installing: /home/ubuntu/test_ros_ws/install/image_geometry/share/image_geometry/package.dsv
[116.244s] -- Installing: /home/ubuntu/test_ros_ws/install/image_geometry/share/ament_index/resource_index/packages/image_geometry
[116.253s] -- Installing: /home/ubuntu/test_ros_ws/install/image_geometry/share/image_geometry/cmake/export_image_geometryExport.cmake
[116.259s] -- Installing: /home/ubuntu/test_ros_ws/install/image_geometry/share/image_geometry/cmake/export_image_geometryExport-noconfig.cmake
[116.265s] -- Installing: /home/ubuntu/test_ros_ws/install/image_geometry/share/image_geometry/cmake/ament_cmake_export_targets-extras.cmake
[116.271s] -- Installing: /home/ubuntu/test_ros_ws/install/image_geometry/share/image_geometry/cmake/ament_cmake_export_dependencies-extras.cmake
[116.278s] -- Installing: /home/ubuntu/test_ros_ws/install/image_geometry/share/image_geometry/cmake/image_geometryConfig.cmake
[116.283s] -- Installing: /home/ubuntu/test_ros_ws/install/image_geometry/share/image_geometry/cmake/image_geometryConfig-version.cmake
[116.289s] -- Installing: /home/ubuntu/test_ros_ws/install/image_geometry/share/image_geometry/package.xml
[116.313s] Invoked command in '/home/ubuntu/test_ros_ws/build/image_geometry' returned '0': CMAKE_PREFIX_PATH=${CMAKE_PREFIX_PATH}:/home/ubuntu/test_ros_ws/install/opencv_tests:/home/ubuntu/robotics-unibs-project/rpi_ros_ws/install/alphabot2:/opt/ros/foxy /usr/bin/cmake --install /home/ubuntu/test_ros_ws/build/image_geometry
