[0.121s] Invoking command in '/home/ubuntu/test_ros_ws/build/camera_info_manager': CMAKE_PREFIX_PATH=/home/ubuntu/test_ros_ws/install/camera_calibration_parsers:/home/ubuntu/test_ros_ws/install/vision_opencv:/home/ubuntu/test_ros_ws/install/v4l2_camera:/home/ubuntu/test_ros_ws/install/image_transport_plugins:/home/ubuntu/test_ros_ws/install/theora_image_transport:/home/ubuntu/test_ros_ws/install/image_common:/home/ubuntu/test_ros_ws/install/compressed_image_transport:/home/ubuntu/test_ros_ws/install/compressed_depth_image_transport:/home/ubuntu/test_ros_ws/install/image_transport:/home/ubuntu/test_ros_ws/install/image_geometry:/home/ubuntu/test_ros_ws/install/cv_bridge:/home/ubuntu/test_ros_ws/install/camera_info_manager:/home/ubuntu/robotics-unibs-project/rpi_ros_ws/install/alphabot2_interfaces:/home/ubuntu/test_ros_ws/install/opencv_tests:/home/ubuntu/robotics-unibs-project/rpi_ros_ws/install/alphabot2:/opt/ros/foxy LD_LIBRARY_PATH=/home/ubuntu/test_ros_ws/install/camera_calibration_parsers/lib:/home/ubuntu/test_ros_ws/install/v4l2_camera/lib:/home/ubuntu/test_ros_ws/install/theora_image_transport/lib:/home/ubuntu/test_ros_ws/install/compressed_image_transport/lib:/home/ubuntu/test_ros_ws/install/compressed_depth_image_transport/lib:/home/ubuntu/test_ros_ws/install/image_transport/lib:/home/ubuntu/test_ros_ws/install/image_geometry/lib:/home/ubuntu/test_ros_ws/install/cv_bridge/lib:/home/ubuntu/test_ros_ws/install/camera_info_manager/lib:/home/ubuntu/robotics-unibs-project/rpi_ros_ws/install/alphabot2_interfaces/lib:/opt/ros/foxy/opt/yaml_cpp_vendor/lib:/opt/ros/foxy/lib/aarch64-linux-gnu:/opt/ros/foxy/lib /usr/bin/cmake /home/ubuntu/test_ros_ws/src/image_common/camera_info_manager -DCMAKE_INSTALL_PREFIX=/home/ubuntu/test_ros_ws/install/camera_info_manager
[0.784s] -- The C compiler identification is GNU 9.3.0
[1.397s] -- The CXX compiler identification is GNU 9.3.0
[1.459s] -- Check for working C compiler: /usr/bin/cc
[2.252s] -- Check for working C compiler: /usr/bin/cc -- works
[2.260s] -- Detecting C compiler ABI info
[3.055s] -- Detecting C compiler ABI info - done
[3.165s] -- Detecting C compile features
[3.170s] -- Detecting C compile features - done
[3.196s] -- Check for working CXX compiler: /usr/bin/c++
[4.113s] -- Check for working CXX compiler: /usr/bin/c++ -- works
[4.123s] -- Detecting CXX compiler ABI info
[4.994s] -- Detecting CXX compiler ABI info - done
[5.109s] -- Detecting CXX compile features
[5.116s] -- Detecting CXX compile features - done
[5.163s] -- Found ament_cmake_ros: 0.9.2 (/opt/ros/foxy/share/ament_cmake_ros/cmake)
[5.659s] -- Found PythonInterp: /usr/bin/python3 (found suitable version "3.8.10", minimum required is "3") 
[5.661s] -- Using PYTHON_EXECUTABLE: /usr/bin/python3
[8.463s] -- Found ament_index_cpp: 1.1.0 (/opt/ros/foxy/share/ament_index_cpp/cmake)
[8.499s] -- Found camera_calibration_parsers: 3.1.2 (/home/ubuntu/test_ros_ws/install/camera_calibration_parsers/share/camera_calibration_parsers/cmake)
[9.409s] -- Using all available rosidl_typesupport_c: rosidl_typesupport_fastrtps_c;rosidl_typesupport_introspection_c
[9.568s] -- Found rosidl_adapter: 1.2.1 (/opt/ros/foxy/share/rosidl_adapter/cmake)
[10.749s] -- Found OpenSSL: /usr/lib/aarch64-linux-gnu/libcrypto.so (found version "1.1.1f")  
[11.181s] -- Found FastRTPS: /opt/ros/foxy/include  
[12.435s] -- Using all available rosidl_typesupport_cpp: rosidl_typesupport_fastrtps_cpp;rosidl_typesupport_introspection_cpp
[13.319s] -- Found rmw_implementation_cmake: 1.0.3 (/opt/ros/foxy/share/rmw_implementation_cmake/cmake)
[13.343s] -- Using RMW implementation 'rmw_fastrtps_cpp' as default
[13.354s] -- Looking for pthread.h
[14.285s] -- Looking for pthread.h - found
[14.291s] -- Performing Test CMAKE_HAVE_LIBC_PTHREAD
[15.168s] -- Performing Test CMAKE_HAVE_LIBC_PTHREAD - Failed
[15.170s] -- Looking for pthread_create in pthreads
[15.883s] -- Looking for pthread_create in pthreads - not found
[15.885s] -- Looking for pthread_create in pthread
[16.732s] -- Looking for pthread_create in pthread - found
[16.742s] -- Found Threads: TRUE  
[20.329s] -- Setting yaml-cpp_DIR to: '/opt/ros/foxy/share/yaml_cpp_vendor/cmake/../../../opt/yaml_cpp_vendor/lib/cmake/yaml-cpp'
[20.427s] -- Found ament_cmake_cpplint: 0.9.6 (/opt/ros/foxy/share/ament_cmake_cpplint/cmake)
[20.473s] -- Found ament_cmake_lint_cmake: 0.9.6 (/opt/ros/foxy/share/ament_cmake_lint_cmake/cmake)
[20.519s] -- Found ament_cmake_uncrustify: 0.9.6 (/opt/ros/foxy/share/ament_cmake_uncrustify/cmake)
[21.344s] -- Configuring done
[21.456s] -- Generating done
[21.475s] -- Build files have been written to: /home/ubuntu/test_ros_ws/build/camera_info_manager
[21.558s] Invoked command in '/home/ubuntu/test_ros_ws/build/camera_info_manager' returned '0': CMAKE_PREFIX_PATH=/home/ubuntu/test_ros_ws/install/camera_calibration_parsers:/home/ubuntu/test_ros_ws/install/vision_opencv:/home/ubuntu/test_ros_ws/install/v4l2_camera:/home/ubuntu/test_ros_ws/install/image_transport_plugins:/home/ubuntu/test_ros_ws/install/theora_image_transport:/home/ubuntu/test_ros_ws/install/image_common:/home/ubuntu/test_ros_ws/install/compressed_image_transport:/home/ubuntu/test_ros_ws/install/compressed_depth_image_transport:/home/ubuntu/test_ros_ws/install/image_transport:/home/ubuntu/test_ros_ws/install/image_geometry:/home/ubuntu/test_ros_ws/install/cv_bridge:/home/ubuntu/test_ros_ws/install/camera_info_manager:/home/ubuntu/robotics-unibs-project/rpi_ros_ws/install/alphabot2_interfaces:/home/ubuntu/test_ros_ws/install/opencv_tests:/home/ubuntu/robotics-unibs-project/rpi_ros_ws/install/alphabot2:/opt/ros/foxy LD_LIBRARY_PATH=/home/ubuntu/test_ros_ws/install/camera_calibration_parsers/lib:/home/ubuntu/test_ros_ws/install/v4l2_camera/lib:/home/ubuntu/test_ros_ws/install/theora_image_transport/lib:/home/ubuntu/test_ros_ws/install/compressed_image_transport/lib:/home/ubuntu/test_ros_ws/install/compressed_depth_image_transport/lib:/home/ubuntu/test_ros_ws/install/image_transport/lib:/home/ubuntu/test_ros_ws/install/image_geometry/lib:/home/ubuntu/test_ros_ws/install/cv_bridge/lib:/home/ubuntu/test_ros_ws/install/camera_info_manager/lib:/home/ubuntu/robotics-unibs-project/rpi_ros_ws/install/alphabot2_interfaces/lib:/opt/ros/foxy/opt/yaml_cpp_vendor/lib:/opt/ros/foxy/lib/aarch64-linux-gnu:/opt/ros/foxy/lib /usr/bin/cmake /home/ubuntu/test_ros_ws/src/image_common/camera_info_manager -DCMAKE_INSTALL_PREFIX=/home/ubuntu/test_ros_ws/install/camera_info_manager
[21.567s] Invoking command in '/home/ubuntu/test_ros_ws/build/camera_info_manager': CMAKE_PREFIX_PATH=/home/ubuntu/test_ros_ws/install/camera_calibration_parsers:/home/ubuntu/test_ros_ws/install/vision_opencv:/home/ubuntu/test_ros_ws/install/v4l2_camera:/home/ubuntu/test_ros_ws/install/image_transport_plugins:/home/ubuntu/test_ros_ws/install/theora_image_transport:/home/ubuntu/test_ros_ws/install/image_common:/home/ubuntu/test_ros_ws/install/compressed_image_transport:/home/ubuntu/test_ros_ws/install/compressed_depth_image_transport:/home/ubuntu/test_ros_ws/install/image_transport:/home/ubuntu/test_ros_ws/install/image_geometry:/home/ubuntu/test_ros_ws/install/cv_bridge:/home/ubuntu/test_ros_ws/install/camera_info_manager:/home/ubuntu/robotics-unibs-project/rpi_ros_ws/install/alphabot2_interfaces:/home/ubuntu/test_ros_ws/install/opencv_tests:/home/ubuntu/robotics-unibs-project/rpi_ros_ws/install/alphabot2:/opt/ros/foxy LD_LIBRARY_PATH=/home/ubuntu/test_ros_ws/install/camera_calibration_parsers/lib:/home/ubuntu/test_ros_ws/install/v4l2_camera/lib:/home/ubuntu/test_ros_ws/install/theora_image_transport/lib:/home/ubuntu/test_ros_ws/install/compressed_image_transport/lib:/home/ubuntu/test_ros_ws/install/compressed_depth_image_transport/lib:/home/ubuntu/test_ros_ws/install/image_transport/lib:/home/ubuntu/test_ros_ws/install/image_geometry/lib:/home/ubuntu/test_ros_ws/install/cv_bridge/lib:/home/ubuntu/test_ros_ws/install/camera_info_manager/lib:/home/ubuntu/robotics-unibs-project/rpi_ros_ws/install/alphabot2_interfaces/lib:/opt/ros/foxy/opt/yaml_cpp_vendor/lib:/opt/ros/foxy/lib/aarch64-linux-gnu:/opt/ros/foxy/lib /usr/bin/cmake --build /home/ubuntu/test_ros_ws/build/camera_info_manager -- -j4 -l4
[22.077s] [35m[1mScanning dependencies of target camera_info_manager[0m
[22.560s] [ 50%] [32mBuilding CXX object CMakeFiles/camera_info_manager.dir/src/camera_info_manager.cpp.o[0m
[44.003s] [100%] [32m[1mLinking CXX shared library libcamera_info_manager.so[0m
[45.490s] [100%] Built target camera_info_manager
[45.619s] Invoked command in '/home/ubuntu/test_ros_ws/build/camera_info_manager' returned '0': CMAKE_PREFIX_PATH=/home/ubuntu/test_ros_ws/install/camera_calibration_parsers:/home/ubuntu/test_ros_ws/install/vision_opencv:/home/ubuntu/test_ros_ws/install/v4l2_camera:/home/ubuntu/test_ros_ws/install/image_transport_plugins:/home/ubuntu/test_ros_ws/install/theora_image_transport:/home/ubuntu/test_ros_ws/install/image_common:/home/ubuntu/test_ros_ws/install/compressed_image_transport:/home/ubuntu/test_ros_ws/install/compressed_depth_image_transport:/home/ubuntu/test_ros_ws/install/image_transport:/home/ubuntu/test_ros_ws/install/image_geometry:/home/ubuntu/test_ros_ws/install/cv_bridge:/home/ubuntu/test_ros_ws/install/camera_info_manager:/home/ubuntu/robotics-unibs-project/rpi_ros_ws/install/alphabot2_interfaces:/home/ubuntu/test_ros_ws/install/opencv_tests:/home/ubuntu/robotics-unibs-project/rpi_ros_ws/install/alphabot2:/opt/ros/foxy LD_LIBRARY_PATH=/home/ubuntu/test_ros_ws/install/camera_calibration_parsers/lib:/home/ubuntu/test_ros_ws/install/v4l2_camera/lib:/home/ubuntu/test_ros_ws/install/theora_image_transport/lib:/home/ubuntu/test_ros_ws/install/compressed_image_transport/lib:/home/ubuntu/test_ros_ws/install/compressed_depth_image_transport/lib:/home/ubuntu/test_ros_ws/install/image_transport/lib:/home/ubuntu/test_ros_ws/install/image_geometry/lib:/home/ubuntu/test_ros_ws/install/cv_bridge/lib:/home/ubuntu/test_ros_ws/install/camera_info_manager/lib:/home/ubuntu/robotics-unibs-project/rpi_ros_ws/install/alphabot2_interfaces/lib:/opt/ros/foxy/opt/yaml_cpp_vendor/lib:/opt/ros/foxy/lib/aarch64-linux-gnu:/opt/ros/foxy/lib /usr/bin/cmake --build /home/ubuntu/test_ros_ws/build/camera_info_manager -- -j4 -l4
[46.039s] Invoking command in '/home/ubuntu/test_ros_ws/build/camera_info_manager': CMAKE_PREFIX_PATH=/home/ubuntu/test_ros_ws/install/camera_calibration_parsers:/home/ubuntu/test_ros_ws/install/vision_opencv:/home/ubuntu/test_ros_ws/install/v4l2_camera:/home/ubuntu/test_ros_ws/install/image_transport_plugins:/home/ubuntu/test_ros_ws/install/theora_image_transport:/home/ubuntu/test_ros_ws/install/image_common:/home/ubuntu/test_ros_ws/install/compressed_image_transport:/home/ubuntu/test_ros_ws/install/compressed_depth_image_transport:/home/ubuntu/test_ros_ws/install/image_transport:/home/ubuntu/test_ros_ws/install/image_geometry:/home/ubuntu/test_ros_ws/install/cv_bridge:/home/ubuntu/test_ros_ws/install/camera_info_manager:/home/ubuntu/robotics-unibs-project/rpi_ros_ws/install/alphabot2_interfaces:/home/ubuntu/test_ros_ws/install/opencv_tests:/home/ubuntu/robotics-unibs-project/rpi_ros_ws/install/alphabot2:/opt/ros/foxy LD_LIBRARY_PATH=/home/ubuntu/test_ros_ws/install/camera_calibration_parsers/lib:/home/ubuntu/test_ros_ws/install/v4l2_camera/lib:/home/ubuntu/test_ros_ws/install/theora_image_transport/lib:/home/ubuntu/test_ros_ws/install/compressed_image_transport/lib:/home/ubuntu/test_ros_ws/install/compressed_depth_image_transport/lib:/home/ubuntu/test_ros_ws/install/image_transport/lib:/home/ubuntu/test_ros_ws/install/image_geometry/lib:/home/ubuntu/test_ros_ws/install/cv_bridge/lib:/home/ubuntu/test_ros_ws/install/camera_info_manager/lib:/home/ubuntu/robotics-unibs-project/rpi_ros_ws/install/alphabot2_interfaces/lib:/opt/ros/foxy/opt/yaml_cpp_vendor/lib:/opt/ros/foxy/lib/aarch64-linux-gnu:/opt/ros/foxy/lib /usr/bin/cmake --install /home/ubuntu/test_ros_ws/build/camera_info_manager
[46.165s] -- Install configuration: ""
[46.170s] -- Installing: /home/ubuntu/test_ros_ws/install/camera_info_manager/lib/libcamera_info_manager.so
[46.188s] -- Set runtime path of "/home/ubuntu/test_ros_ws/install/camera_info_manager/lib/libcamera_info_manager.so" to ""
[46.192s] -- Installing: /home/ubuntu/test_ros_ws/install/camera_info_manager/include/camera_info_manager
[46.196s] -- Installing: /home/ubuntu/test_ros_ws/install/camera_info_manager/include/camera_info_manager/camera_info_manager
[46.199s] -- Installing: /home/ubuntu/test_ros_ws/install/camera_info_manager/include/camera_info_manager/camera_info_manager/camera_info_manager.hpp
[46.204s] -- Installing: /home/ubuntu/test_ros_ws/install/camera_info_manager/include/camera_info_manager/camera_info_manager/visibility_control.h
[46.209s] -- Installing: /home/ubuntu/test_ros_ws/install/camera_info_manager/include/camera_info_manager/camera_info_manager/camera_info_manager.h
[46.216s] -- Installing: /home/ubuntu/test_ros_ws/install/camera_info_manager/share/ament_index/resource_index/package_run_dependencies/camera_info_manager
[46.222s] -- Installing: /home/ubuntu/test_ros_ws/install/camera_info_manager/share/ament_index/resource_index/parent_prefix_path/camera_info_manager
[46.229s] -- Installing: /home/ubuntu/test_ros_ws/install/camera_info_manager/share/camera_info_manager/environment/ament_prefix_path.sh
[46.234s] -- Installing: /home/ubuntu/test_ros_ws/install/camera_info_manager/share/camera_info_manager/environment/ament_prefix_path.dsv
[46.240s] -- Installing: /home/ubuntu/test_ros_ws/install/camera_info_manager/share/camera_info_manager/environment/path.sh
[46.245s] -- Installing: /home/ubuntu/test_ros_ws/install/camera_info_manager/share/camera_info_manager/environment/path.dsv
[46.251s] -- Installing: /home/ubuntu/test_ros_ws/install/camera_info_manager/share/camera_info_manager/local_setup.bash
[46.257s] -- Installing: /home/ubuntu/test_ros_ws/install/camera_info_manager/share/camera_info_manager/local_setup.sh
[46.262s] -- Installing: /home/ubuntu/test_ros_ws/install/camera_info_manager/share/camera_info_manager/local_setup.zsh
[46.268s] -- Installing: /home/ubuntu/test_ros_ws/install/camera_info_manager/share/camera_info_manager/local_setup.dsv
[46.273s] -- Installing: /home/ubuntu/test_ros_ws/install/camera_info_manager/share/camera_info_manager/package.dsv
[46.279s] -- Installing: /home/ubuntu/test_ros_ws/install/camera_info_manager/share/ament_index/resource_index/packages/camera_info_manager
[46.285s] -- Installing: /home/ubuntu/test_ros_ws/install/camera_info_manager/share/camera_info_manager/cmake/export_camera_info_managerExport.cmake
[46.291s] -- Installing: /home/ubuntu/test_ros_ws/install/camera_info_manager/share/camera_info_manager/cmake/export_camera_info_managerExport-noconfig.cmake
[46.297s] -- Installing: /home/ubuntu/test_ros_ws/install/camera_info_manager/share/camera_info_manager/cmake/ament_cmake_export_dependencies-extras.cmake
[46.303s] -- Installing: /home/ubuntu/test_ros_ws/install/camera_info_manager/share/camera_info_manager/cmake/ament_cmake_export_targets-extras.cmake
[46.308s] -- Installing: /home/ubuntu/test_ros_ws/install/camera_info_manager/share/camera_info_manager/cmake/camera_info_managerConfig.cmake
[46.313s] -- Installing: /home/ubuntu/test_ros_ws/install/camera_info_manager/share/camera_info_manager/cmake/camera_info_managerConfig-version.cmake
[46.319s] -- Installing: /home/ubuntu/test_ros_ws/install/camera_info_manager/share/camera_info_manager/package.xml
[46.348s] Invoked command in '/home/ubuntu/test_ros_ws/build/camera_info_manager' returned '0': CMAKE_PREFIX_PATH=/home/ubuntu/test_ros_ws/install/camera_calibration_parsers:/home/ubuntu/test_ros_ws/install/vision_opencv:/home/ubuntu/test_ros_ws/install/v4l2_camera:/home/ubuntu/test_ros_ws/install/image_transport_plugins:/home/ubuntu/test_ros_ws/install/theora_image_transport:/home/ubuntu/test_ros_ws/install/image_common:/home/ubuntu/test_ros_ws/install/compressed_image_transport:/home/ubuntu/test_ros_ws/install/compressed_depth_image_transport:/home/ubuntu/test_ros_ws/install/image_transport:/home/ubuntu/test_ros_ws/install/image_geometry:/home/ubuntu/test_ros_ws/install/cv_bridge:/home/ubuntu/test_ros_ws/install/camera_info_manager:/home/ubuntu/robotics-unibs-project/rpi_ros_ws/install/alphabot2_interfaces:/home/ubuntu/test_ros_ws/install/opencv_tests:/home/ubuntu/robotics-unibs-project/rpi_ros_ws/install/alphabot2:/opt/ros/foxy LD_LIBRARY_PATH=/home/ubuntu/test_ros_ws/install/camera_calibration_parsers/lib:/home/ubuntu/test_ros_ws/install/v4l2_camera/lib:/home/ubuntu/test_ros_ws/install/theora_image_transport/lib:/home/ubuntu/test_ros_ws/install/compressed_image_transport/lib:/home/ubuntu/test_ros_ws/install/compressed_depth_image_transport/lib:/home/ubuntu/test_ros_ws/install/image_transport/lib:/home/ubuntu/test_ros_ws/install/image_geometry/lib:/home/ubuntu/test_ros_ws/install/cv_bridge/lib:/home/ubuntu/test_ros_ws/install/camera_info_manager/lib:/home/ubuntu/robotics-unibs-project/rpi_ros_ws/install/alphabot2_interfaces/lib:/opt/ros/foxy/opt/yaml_cpp_vendor/lib:/opt/ros/foxy/lib/aarch64-linux-gnu:/opt/ros/foxy/lib /usr/bin/cmake --install /home/ubuntu/test_ros_ws/build/camera_info_manager
