[0.268s] Invoking command in '/home/ubuntu/test_ros_ws/build/theora_image_transport': CMAKE_PREFIX_PATH=/home/ubuntu/test_ros_ws/install/image_transport:/home/ubuntu/test_ros_ws/install/cv_bridge:/home/ubuntu/test_ros_ws/install/vision_opencv:/home/ubuntu/test_ros_ws/install/v4l2_camera:/home/ubuntu/test_ros_ws/install/image_transport_plugins:/home/ubuntu/test_ros_ws/install/theora_image_transport:/home/ubuntu/test_ros_ws/install/image_common:/home/ubuntu/test_ros_ws/install/compressed_image_transport:/home/ubuntu/test_ros_ws/install/compressed_depth_image_transport:/home/ubuntu/test_ros_ws/install/image_geometry:/home/ubuntu/test_ros_ws/install/camera_info_manager:/home/ubuntu/test_ros_ws/install/camera_calibration_parsers:/home/ubuntu/robotics-unibs-project/rpi_ros_ws/install/alphabot2_interfaces:/home/ubuntu/test_ros_ws/install/opencv_tests:/home/ubuntu/robotics-unibs-project/rpi_ros_ws/install/alphabot2:/opt/ros/foxy LD_LIBRARY_PATH=/home/ubuntu/test_ros_ws/install/image_transport/lib:/home/ubuntu/test_ros_ws/install/cv_bridge/lib:/home/ubuntu/test_ros_ws/install/v4l2_camera/lib:/home/ubuntu/test_ros_ws/install/theora_image_transport/lib:/home/ubuntu/test_ros_ws/install/compressed_image_transport/lib:/home/ubuntu/test_ros_ws/install/compressed_depth_image_transport/lib:/home/ubuntu/test_ros_ws/install/image_geometry/lib:/home/ubuntu/test_ros_ws/install/camera_info_manager/lib:/home/ubuntu/test_ros_ws/install/camera_calibration_parsers/lib:/home/ubuntu/robotics-unibs-project/rpi_ros_ws/install/alphabot2_interfaces/lib:/opt/ros/foxy/opt/yaml_cpp_vendor/lib:/opt/ros/foxy/lib/aarch64-linux-gnu:/opt/ros/foxy/lib PYTHONPATH=/home/ubuntu/test_ros_ws/install/cv_bridge/lib/python3.8/site-packages:/home/ubuntu/test_ros_ws/install/theora_image_transport/lib/python3.8/site-packages:/home/ubuntu/test_ros_ws/install/opencv_tests/lib/python3.8/site-packages:/home/ubuntu/test_ros_ws/install/image_geometry/lib/python3.8/site-packages:/home/ubuntu/robotics-unibs-project/rpi_ros_ws/install/alphabot2/lib/python3.8/site-packages:/home/ubuntu/robotics-unibs-project/rpi_ros_ws/install/alphabot2_interfaces/lib/python3.8/site-packages:/opt/ros/foxy/lib/python3.8/site-packages /usr/bin/cmake /home/ubuntu/test_ros_ws/src/image_transport_plugins/theora_image_transport -DCMAKE_INSTALL_PREFIX=/home/ubuntu/test_ros_ws/install/theora_image_transport
[0.953s] -- The C compiler identification is GNU 9.3.0
[1.616s] -- The CXX compiler identification is GNU 9.3.0
[1.684s] -- Check for working C compiler: /usr/bin/cc
[2.531s] -- Check for working C compiler: /usr/bin/cc -- works
[2.542s] -- Detecting C compiler ABI info
[3.441s] -- Detecting C compiler ABI info - done
[3.548s] -- Detecting C compile features
[3.551s] -- Detecting C compile features - done
[3.577s] -- Check for working CXX compiler: /usr/bin/c++
[4.532s] -- Check for working CXX compiler: /usr/bin/c++ -- works
[4.543s] -- Detecting CXX compiler ABI info
[5.526s] -- Detecting CXX compiler ABI info - done
[5.643s] -- Detecting CXX compile features
[5.649s] -- Detecting CXX compile features - done
[5.718s] -- Found ament_cmake: 0.9.9 (/opt/ros/foxy/share/ament_cmake/cmake)
[6.115s] -- Found PythonInterp: /usr/bin/python3 (found suitable version "3.8.10", minimum required is "3") 
[6.117s] -- Using PYTHON_EXECUTABLE: /usr/bin/python3
[8.900s] -- Found image_transport: 3.1.2 (/home/ubuntu/test_ros_ws/install/image_transport/share/image_transport/cmake)
[9.959s] -- Using all available rosidl_typesupport_c: rosidl_typesupport_fastrtps_c;rosidl_typesupport_introspection_c
[10.143s] -- Found rosidl_adapter: 1.2.1 (/opt/ros/foxy/share/rosidl_adapter/cmake)
[11.364s] -- Found OpenSSL: /usr/lib/aarch64-linux-gnu/libcrypto.so (found version "1.1.1f")  
[11.797s] -- Found FastRTPS: /opt/ros/foxy/include  
[13.081s] -- Using all available rosidl_typesupport_cpp: rosidl_typesupport_fastrtps_cpp;rosidl_typesupport_introspection_cpp
[13.974s] -- Found rmw_implementation_cmake: 1.0.3 (/opt/ros/foxy/share/rmw_implementation_cmake/cmake)
[13.998s] -- Using RMW implementation 'rmw_fastrtps_cpp' as default
[14.009s] -- Looking for pthread.h
[14.894s] -- Looking for pthread.h - found
[14.899s] -- Performing Test CMAKE_HAVE_LIBC_PTHREAD
[15.805s] -- Performing Test CMAKE_HAVE_LIBC_PTHREAD - Failed
[15.809s] -- Looking for pthread_create in pthreads
[16.569s] -- Looking for pthread_create in pthreads - not found
[16.571s] -- Looking for pthread_create in pthread
[17.440s] -- Looking for pthread_create in pthread - found
[17.450s] -- Found Threads: TRUE  
[21.491s] -- Found cv_bridge: 2.2.1 (/home/ubuntu/test_ros_ws/install/cv_bridge/share/cv_bridge/cmake)
[21.871s] -- Found rosidl_default_generators: 1.0.1 (/opt/ros/foxy/share/rosidl_default_generators/cmake)
[22.071s] -- Found OpenCV: /usr (found version "4.2.0") found components: imgproc 
[22.107s] -- Found PkgConfig: /usr/bin/pkg-config (found version "0.29.1") 
[22.119s] -- Checking for module 'ogg'
[22.314s] --   Found ogg, version 1.3.4
[22.784s] -- Checking for module 'theora'
[22.980s] --   Found theora, version 1.1.1
[23.447s] -- Checking for module 'theoraenc'
[23.644s] --   Found theoraenc, version 1.1.1
[24.104s] -- Checking for module 'theoradec'
[24.298s] --   Found theoradec, version 1.1.1
[25.710s] -- Found PythonInterp: /usr/bin/python3 (found version "3.8.10") 
[29.648s] -- Found ament_cmake_cppcheck: 0.9.6 (/opt/ros/foxy/share/ament_cmake_cppcheck/cmake)
[29.727s] -- Found ament_cmake_cpplint: 0.9.6 (/opt/ros/foxy/share/ament_cmake_cpplint/cmake)
[29.805s] -- Found ament_cmake_uncrustify: 0.9.6 (/opt/ros/foxy/share/ament_cmake_uncrustify/cmake)
[29.961s] -- Found ament_cmake_ros: 0.9.2 (/opt/ros/foxy/share/ament_cmake_ros/cmake)
[39.500s] -- Using all available rosidl_typesupport_c: rosidl_typesupport_fastrtps_c;rosidl_typesupport_introspection_c
[42.399s] -- Using all available rosidl_typesupport_cpp: rosidl_typesupport_fastrtps_cpp;rosidl_typesupport_introspection_cpp
[43.018s] -- Found PythonInterp: /usr/bin/python3 (found suitable version "3.8.10", minimum required is "3.5") 
[43.137s] -- Found python_cmake_module: 0.8.1 (/opt/ros/foxy/share/python_cmake_module/cmake)
[43.829s] -- Found PythonLibs: /usr/lib/aarch64-linux-gnu/libpython3.8.so (found suitable version "3.8.10", minimum required is "3.5") 
[43.831s] -- Using PYTHON_EXECUTABLE: /usr/bin/python3
[43.833s] -- Using PYTHON_INCLUDE_DIRS: /usr/include/python3.8
[43.834s] -- Using PYTHON_LIBRARIES: /usr/lib/aarch64-linux-gnu/libpython3.8.so
[44.407s] -- Found PythonExtra: .so  
[47.157s] -- Found ament_cmake_flake8: 0.9.6 (/opt/ros/foxy/share/ament_cmake_flake8/cmake)
[47.310s] -- Found ament_cmake_pep257: 0.9.6 (/opt/ros/foxy/share/ament_cmake_pep257/cmake)
[47.680s] -- Configuring done
[49.723s] -- Generating done
[49.830s] -- Build files have been written to: /home/ubuntu/test_ros_ws/build/theora_image_transport
[50.028s] Invoked command in '/home/ubuntu/test_ros_ws/build/theora_image_transport' returned '0': CMAKE_PREFIX_PATH=/home/ubuntu/test_ros_ws/install/image_transport:/home/ubuntu/test_ros_ws/install/cv_bridge:/home/ubuntu/test_ros_ws/install/vision_opencv:/home/ubuntu/test_ros_ws/install/v4l2_camera:/home/ubuntu/test_ros_ws/install/image_transport_plugins:/home/ubuntu/test_ros_ws/install/theora_image_transport:/home/ubuntu/test_ros_ws/install/image_common:/home/ubuntu/test_ros_ws/install/compressed_image_transport:/home/ubuntu/test_ros_ws/install/compressed_depth_image_transport:/home/ubuntu/test_ros_ws/install/image_geometry:/home/ubuntu/test_ros_ws/install/camera_info_manager:/home/ubuntu/test_ros_ws/install/camera_calibration_parsers:/home/ubuntu/robotics-unibs-project/rpi_ros_ws/install/alphabot2_interfaces:/home/ubuntu/test_ros_ws/install/opencv_tests:/home/ubuntu/robotics-unibs-project/rpi_ros_ws/install/alphabot2:/opt/ros/foxy LD_LIBRARY_PATH=/home/ubuntu/test_ros_ws/install/image_transport/lib:/home/ubuntu/test_ros_ws/install/cv_bridge/lib:/home/ubuntu/test_ros_ws/install/v4l2_camera/lib:/home/ubuntu/test_ros_ws/install/theora_image_transport/lib:/home/ubuntu/test_ros_ws/install/compressed_image_transport/lib:/home/ubuntu/test_ros_ws/install/compressed_depth_image_transport/lib:/home/ubuntu/test_ros_ws/install/image_geometry/lib:/home/ubuntu/test_ros_ws/install/camera_info_manager/lib:/home/ubuntu/test_ros_ws/install/camera_calibration_parsers/lib:/home/ubuntu/robotics-unibs-project/rpi_ros_ws/install/alphabot2_interfaces/lib:/opt/ros/foxy/opt/yaml_cpp_vendor/lib:/opt/ros/foxy/lib/aarch64-linux-gnu:/opt/ros/foxy/lib PYTHONPATH=/home/ubuntu/test_ros_ws/install/cv_bridge/lib/python3.8/site-packages:/home/ubuntu/test_ros_ws/install/theora_image_transport/lib/python3.8/site-packages:/home/ubuntu/test_ros_ws/install/opencv_tests/lib/python3.8/site-packages:/home/ubuntu/test_ros_ws/install/image_geometry/lib/python3.8/site-packages:/home/ubuntu/robotics-unibs-project/rpi_ros_ws/install/alphabot2/lib/python3.8/site-packages:/home/ubuntu/robotics-unibs-project/rpi_ros_ws/install/alphabot2_interfaces/lib/python3.8/site-packages:/opt/ros/foxy/lib/python3.8/site-packages /usr/bin/cmake /home/ubuntu/test_ros_ws/src/image_transport_plugins/theora_image_transport -DCMAKE_INSTALL_PREFIX=/home/ubuntu/test_ros_ws/install/theora_image_transport
[50.064s] Invoking command in '/home/ubuntu/test_ros_ws/build/theora_image_transport': CMAKE_PREFIX_PATH=/home/ubuntu/test_ros_ws/install/image_transport:/home/ubuntu/test_ros_ws/install/cv_bridge:/home/ubuntu/test_ros_ws/install/vision_opencv:/home/ubuntu/test_ros_ws/install/v4l2_camera:/home/ubuntu/test_ros_ws/install/image_transport_plugins:/home/ubuntu/test_ros_ws/install/theora_image_transport:/home/ubuntu/test_ros_ws/install/image_common:/home/ubuntu/test_ros_ws/install/compressed_image_transport:/home/ubuntu/test_ros_ws/install/compressed_depth_image_transport:/home/ubuntu/test_ros_ws/install/image_geometry:/home/ubuntu/test_ros_ws/install/camera_info_manager:/home/ubuntu/test_ros_ws/install/camera_calibration_parsers:/home/ubuntu/robotics-unibs-project/rpi_ros_ws/install/alphabot2_interfaces:/home/ubuntu/test_ros_ws/install/opencv_tests:/home/ubuntu/robotics-unibs-project/rpi_ros_ws/install/alphabot2:/opt/ros/foxy LD_LIBRARY_PATH=/home/ubuntu/test_ros_ws/install/image_transport/lib:/home/ubuntu/test_ros_ws/install/cv_bridge/lib:/home/ubuntu/test_ros_ws/install/v4l2_camera/lib:/home/ubuntu/test_ros_ws/install/theora_image_transport/lib:/home/ubuntu/test_ros_ws/install/compressed_image_transport/lib:/home/ubuntu/test_ros_ws/install/compressed_depth_image_transport/lib:/home/ubuntu/test_ros_ws/install/image_geometry/lib:/home/ubuntu/test_ros_ws/install/camera_info_manager/lib:/home/ubuntu/test_ros_ws/install/camera_calibration_parsers/lib:/home/ubuntu/robotics-unibs-project/rpi_ros_ws/install/alphabot2_interfaces/lib:/opt/ros/foxy/opt/yaml_cpp_vendor/lib:/opt/ros/foxy/lib/aarch64-linux-gnu:/opt/ros/foxy/lib PYTHONPATH=/home/ubuntu/test_ros_ws/install/cv_bridge/lib/python3.8/site-packages:/home/ubuntu/test_ros_ws/install/theora_image_transport/lib/python3.8/site-packages:/home/ubuntu/test_ros_ws/install/opencv_tests/lib/python3.8/site-packages:/home/ubuntu/test_ros_ws/install/image_geometry/lib/python3.8/site-packages:/home/ubuntu/robotics-unibs-project/rpi_ros_ws/install/alphabot2/lib/python3.8/site-packages:/home/ubuntu/robotics-unibs-project/rpi_ros_ws/install/alphabot2_interfaces/lib/python3.8/site-packages:/opt/ros/foxy/lib/python3.8/site-packages /usr/bin/cmake --build /home/ubuntu/test_ros_ws/build/theora_image_transport -- -j4 -l4
[51.345s] [35m[1mScanning dependencies of target theora_image_transport__cpp[0m
[51.714s] [  2%] [34m[1mGenerating C++ code for ROS interfaces[0m
[59.322s] [  2%] Built target theora_image_transport__cpp
[59.691s] [  5%] [34m[1mGenerating C code for ROS interfaces[0m
[68.205s] [35m[1mScanning dependencies of target theora_image_transport__rosidl_generator_c[0m
[68.546s] [  8%] [32mBuilding C object CMakeFiles/theora_image_transport__rosidl_generator_c.dir/rosidl_generator_c/theora_image_transport/msg/detail/packet__functions.c.o[0m
[69.577s] [ 10%] [32m[1mLinking C shared library libtheora_image_transport__rosidl_generator_c.so[0m
[70.585s] [ 10%] Built target theora_image_transport__rosidl_generator_c
[70.945s] [ 13%] [34m[1mGenerating C++ type support for eProsima Fast-RTPS[0m
[77.390s] [35m[1mScanning dependencies of target theora_image_transport__rosidl_typesupport_fastrtps_cpp[0m
[77.830s] [ 16%] [32mBuilding CXX object CMakeFiles/theora_image_transport__rosidl_typesupport_fastrtps_cpp.dir/rosidl_typesupport_fastrtps_cpp/theora_image_transport/msg/detail/dds_fastrtps/packet__type_support.cpp.o[0m
[89.828s] [ 18%] [32m[1mLinking CXX shared library libtheora_image_transport__rosidl_typesupport_fastrtps_cpp.so[0m
[91.855s] [ 18%] Built target theora_image_transport__rosidl_typesupport_fastrtps_cpp
[92.238s] [ 21%] [34m[1mGenerating C introspection for ROS interfaces[0m
[98.232s] [35m[1mScanning dependencies of target theora_image_transport__rosidl_typesupport_introspection_c[0m
[98.670s] [ 24%] [32mBuilding C object CMakeFiles/theora_image_transport__rosidl_typesupport_introspection_c.dir/rosidl_typesupport_introspection_c/theora_image_transport/msg/detail/packet__type_support.c.o[0m
[99.421s] [ 27%] [32m[1mLinking C shared library libtheora_image_transport__rosidl_typesupport_introspection_c.so[0m
[100.149s] [ 27%] Built target theora_image_transport__rosidl_typesupport_introspection_c
[100.451s] [ 29%] [34m[1mGenerating C type support dispatch for ROS interfaces[0m
[104.819s] [35m[1mScanning dependencies of target theora_image_transport__rosidl_typesupport_c[0m
[105.186s] [ 32%] [32mBuilding CXX object CMakeFiles/theora_image_transport__rosidl_typesupport_c.dir/rosidl_typesupport_c/theora_image_transport/msg/packet__type_support.cpp.o[0m
[105.703s] [ 35%] [32m[1mLinking CXX shared library libtheora_image_transport__rosidl_typesupport_c.so[0m
[106.368s] [ 35%] Built target theora_image_transport__rosidl_typesupport_c
[106.702s] [ 37%] [34m[1mGenerating C type support for eProsima Fast-RTPS[0m
[111.017s] [35m[1mScanning dependencies of target theora_image_transport__rosidl_typesupport_fastrtps_c[0m
[111.347s] [ 40%] [32mBuilding CXX object CMakeFiles/theora_image_transport__rosidl_typesupport_fastrtps_c.dir/rosidl_typesupport_fastrtps_c/theora_image_transport/msg/detail/packet__type_support_c.cpp.o[0m
[116.032s] [ 43%] [32m[1mLinking CXX shared library libtheora_image_transport__rosidl_typesupport_fastrtps_c.so[0m
[117.048s] [ 43%] Built target theora_image_transport__rosidl_typesupport_fastrtps_c
[117.212s] [ 45%] [34m[1mGenerating C++ type support dispatch for ROS interfaces[0m
[121.116s] [35m[1mScanning dependencies of target theora_image_transport__rosidl_typesupport_cpp[0m
[121.336s] [ 48%] [32mBuilding CXX object CMakeFiles/theora_image_transport__rosidl_typesupport_cpp.dir/rosidl_typesupport_cpp/theora_image_transport/msg/packet__type_support.cpp.o[0m
[124.676s] [ 51%] [32m[1mLinking CXX shared library libtheora_image_transport__rosidl_typesupport_cpp.so[0m
[125.186s] [ 51%] Built target theora_image_transport__rosidl_typesupport_cpp
[125.347s] [ 54%] [34m[1mGenerating C++ introspection for ROS interfaces[0m
[128.810s] [35m[1mScanning dependencies of target theora_image_transport__rosidl_typesupport_introspection_cpp[0m
[129.006s] [ 56%] [32mBuilding CXX object CMakeFiles/theora_image_transport__rosidl_typesupport_introspection_cpp.dir/rosidl_typesupport_introspection_cpp/theora_image_transport/msg/detail/packet__type_support.cpp.o[0m
[132.780s] [ 59%] [32m[1mLinking CXX shared library libtheora_image_transport__rosidl_typesupport_introspection_cpp.so[0m
[133.535s] [ 59%] Built target theora_image_transport__rosidl_typesupport_introspection_cpp
[133.682s] [35m[1mScanning dependencies of target theora_image_transport[0m
[133.856s] [ 59%] Built target theora_image_transport
[134.006s] [35m[1mScanning dependencies of target theora_image_transport__py[0m
[134.180s] [ 62%] [34m[1mGenerating Python code for ROS interfaces[0m
[140.994s] [ 62%] Built target theora_image_transport__py
[141.142s] [35m[1mScanning dependencies of target ogg_saver[0m
[141.652s] [ 64%] [32mBuilding CXX object CMakeFiles/ogg_saver.dir/src/ogg_saver.cpp.o[0m
[187.183s] [ 67%] [32m[1mLinking CXX executable ogg_saver[0m
[190.123s] [ 67%] Built target ogg_saver
[190.268s] [35m[1mScanning dependencies of target theora_image_transport__python[0m
[190.273s] [35m[1mScanning dependencies of target theora_image_transport_component[0m
[190.535s] [ 70%] [32mBuilding C object CMakeFiles/theora_image_transport__python.dir/rosidl_generator_py/theora_image_transport/msg/_packet_s.c.o[0m
[191.258s] [ 72%] [32mBuilding CXX object CMakeFiles/theora_image_transport_component.dir/src/theora_publisher.cpp.o[0m
[191.273s] [ 75%] [32mBuilding CXX object CMakeFiles/theora_image_transport_component.dir/src/theora_subscriber.cpp.o[0m
[191.723s] [ 78%] [32m[1mLinking C shared library rosidl_generator_py/theora_image_transport/libtheora_image_transport__python.so[0m
[192.333s] [ 78%] Built target theora_image_transport__python
[192.480s] [35m[1mScanning dependencies of target theora_image_transport__rosidl_typesupport_c__pyext[0m
[192.793s] [ 81%] [32mBuilding C object CMakeFiles/theora_image_transport__rosidl_typesupport_c__pyext.dir/rosidl_generator_py/theora_image_transport/_theora_image_transport_s.ep.rosidl_typesupport_c.c.o[0m
[193.854s] [ 83%] [32m[1mLinking C shared library rosidl_generator_py/theora_image_transport/theora_image_transport_s__rosidl_typesupport_c.cpython-38-aarch64-linux-gnu.so[0m
[194.469s] [ 83%] Built target theora_image_transport__rosidl_typesupport_c__pyext
[194.632s] [35m[1mScanning dependencies of target theora_image_transport__rosidl_typesupport_introspection_c__pyext[0m
[194.978s] [ 86%] [32mBuilding C object CMakeFiles/theora_image_transport__rosidl_typesupport_introspection_c__pyext.dir/rosidl_generator_py/theora_image_transport/_theora_image_transport_s.ep.rosidl_typesupport_introspection_c.c.o[0m
[196.089s] [ 89%] [32m[1mLinking C shared library rosidl_generator_py/theora_image_transport/theora_image_transport_s__rosidl_typesupport_introspection_c.cpython-38-aarch64-linux-gnu.so[0m
[196.725s] [ 89%] Built target theora_image_transport__rosidl_typesupport_introspection_c__pyext
[196.889s] [35m[1mScanning dependencies of target theora_image_transport__rosidl_typesupport_fastrtps_c__pyext[0m
[197.285s] [ 91%] [32mBuilding C object CMakeFiles/theora_image_transport__rosidl_typesupport_fastrtps_c__pyext.dir/rosidl_generator_py/theora_image_transport/_theora_image_transport_s.ep.rosidl_typesupport_fastrtps_c.c.o[0m
[198.487s] [ 94%] [32m[1mLinking CXX shared library rosidl_generator_py/theora_image_transport/theora_image_transport_s__rosidl_typesupport_fastrtps_c.cpython-38-aarch64-linux-gnu.so[0m
[199.433s] [ 94%] Built target theora_image_transport__rosidl_typesupport_fastrtps_c__pyext
[226.176s] [ 97%] [32mBuilding CXX object CMakeFiles/theora_image_transport_component.dir/src/manifest.cpp.o[0m
[246.944s] [100%] [32m[1mLinking CXX shared library libtheora_image_transport_component.so[0m
[250.897s] [100%] Built target theora_image_transport_component
[251.023s] Invoked command in '/home/ubuntu/test_ros_ws/build/theora_image_transport' returned '0': CMAKE_PREFIX_PATH=/home/ubuntu/test_ros_ws/install/image_transport:/home/ubuntu/test_ros_ws/install/cv_bridge:/home/ubuntu/test_ros_ws/install/vision_opencv:/home/ubuntu/test_ros_ws/install/v4l2_camera:/home/ubuntu/test_ros_ws/install/image_transport_plugins:/home/ubuntu/test_ros_ws/install/theora_image_transport:/home/ubuntu/test_ros_ws/install/image_common:/home/ubuntu/test_ros_ws/install/compressed_image_transport:/home/ubuntu/test_ros_ws/install/compressed_depth_image_transport:/home/ubuntu/test_ros_ws/install/image_geometry:/home/ubuntu/test_ros_ws/install/camera_info_manager:/home/ubuntu/test_ros_ws/install/camera_calibration_parsers:/home/ubuntu/robotics-unibs-project/rpi_ros_ws/install/alphabot2_interfaces:/home/ubuntu/test_ros_ws/install/opencv_tests:/home/ubuntu/robotics-unibs-project/rpi_ros_ws/install/alphabot2:/opt/ros/foxy LD_LIBRARY_PATH=/home/ubuntu/test_ros_ws/install/image_transport/lib:/home/ubuntu/test_ros_ws/install/cv_bridge/lib:/home/ubuntu/test_ros_ws/install/v4l2_camera/lib:/home/ubuntu/test_ros_ws/install/theora_image_transport/lib:/home/ubuntu/test_ros_ws/install/compressed_image_transport/lib:/home/ubuntu/test_ros_ws/install/compressed_depth_image_transport/lib:/home/ubuntu/test_ros_ws/install/image_geometry/lib:/home/ubuntu/test_ros_ws/install/camera_info_manager/lib:/home/ubuntu/test_ros_ws/install/camera_calibration_parsers/lib:/home/ubuntu/robotics-unibs-project/rpi_ros_ws/install/alphabot2_interfaces/lib:/opt/ros/foxy/opt/yaml_cpp_vendor/lib:/opt/ros/foxy/lib/aarch64-linux-gnu:/opt/ros/foxy/lib PYTHONPATH=/home/ubuntu/test_ros_ws/install/cv_bridge/lib/python3.8/site-packages:/home/ubuntu/test_ros_ws/install/theora_image_transport/lib/python3.8/site-packages:/home/ubuntu/test_ros_ws/install/opencv_tests/lib/python3.8/site-packages:/home/ubuntu/test_ros_ws/install/image_geometry/lib/python3.8/site-packages:/home/ubuntu/robotics-unibs-project/rpi_ros_ws/install/alphabot2/lib/python3.8/site-packages:/home/ubuntu/robotics-unibs-project/rpi_ros_ws/install/alphabot2_interfaces/lib/python3.8/site-packages:/opt/ros/foxy/lib/python3.8/site-packages /usr/bin/cmake --build /home/ubuntu/test_ros_ws/build/theora_image_transport -- -j4 -l4
[252.116s] Invoking command in '/home/ubuntu/test_ros_ws/build/theora_image_transport': CMAKE_PREFIX_PATH=/home/ubuntu/test_ros_ws/install/image_transport:/home/ubuntu/test_ros_ws/install/cv_bridge:/home/ubuntu/test_ros_ws/install/vision_opencv:/home/ubuntu/test_ros_ws/install/v4l2_camera:/home/ubuntu/test_ros_ws/install/image_transport_plugins:/home/ubuntu/test_ros_ws/install/theora_image_transport:/home/ubuntu/test_ros_ws/install/image_common:/home/ubuntu/test_ros_ws/install/compressed_image_transport:/home/ubuntu/test_ros_ws/install/compressed_depth_image_transport:/home/ubuntu/test_ros_ws/install/image_geometry:/home/ubuntu/test_ros_ws/install/camera_info_manager:/home/ubuntu/test_ros_ws/install/camera_calibration_parsers:/home/ubuntu/robotics-unibs-project/rpi_ros_ws/install/alphabot2_interfaces:/home/ubuntu/test_ros_ws/install/opencv_tests:/home/ubuntu/robotics-unibs-project/rpi_ros_ws/install/alphabot2:/opt/ros/foxy LD_LIBRARY_PATH=/home/ubuntu/test_ros_ws/install/image_transport/lib:/home/ubuntu/test_ros_ws/install/cv_bridge/lib:/home/ubuntu/test_ros_ws/install/v4l2_camera/lib:/home/ubuntu/test_ros_ws/install/theora_image_transport/lib:/home/ubuntu/test_ros_ws/install/compressed_image_transport/lib:/home/ubuntu/test_ros_ws/install/compressed_depth_image_transport/lib:/home/ubuntu/test_ros_ws/install/image_geometry/lib:/home/ubuntu/test_ros_ws/install/camera_info_manager/lib:/home/ubuntu/test_ros_ws/install/camera_calibration_parsers/lib:/home/ubuntu/robotics-unibs-project/rpi_ros_ws/install/alphabot2_interfaces/lib:/opt/ros/foxy/opt/yaml_cpp_vendor/lib:/opt/ros/foxy/lib/aarch64-linux-gnu:/opt/ros/foxy/lib PYTHONPATH=/home/ubuntu/test_ros_ws/install/cv_bridge/lib/python3.8/site-packages:/home/ubuntu/test_ros_ws/install/theora_image_transport/lib/python3.8/site-packages:/home/ubuntu/test_ros_ws/install/opencv_tests/lib/python3.8/site-packages:/home/ubuntu/test_ros_ws/install/image_geometry/lib/python3.8/site-packages:/home/ubuntu/robotics-unibs-project/rpi_ros_ws/install/alphabot2/lib/python3.8/site-packages:/home/ubuntu/robotics-unibs-project/rpi_ros_ws/install/alphabot2_interfaces/lib/python3.8/site-packages:/opt/ros/foxy/lib/python3.8/site-packages /usr/bin/cmake --install /home/ubuntu/test_ros_ws/build/theora_image_transport
[252.223s] -- Install configuration: ""
[252.225s] -- Installing: /home/ubuntu/test_ros_ws/install/theora_image_transport/share/ament_index/resource_index/rosidl_interfaces/theora_image_transport
[252.228s] -- Installing: /home/ubuntu/test_ros_ws/install/theora_image_transport/include/theora_image_transport
[252.229s] -- Installing: /home/ubuntu/test_ros_ws/install/theora_image_transport/include/theora_image_transport/msg
[252.230s] -- Installing: /home/ubuntu/test_ros_ws/install/theora_image_transport/include/theora_image_transport/msg/detail
[252.231s] -- Installing: /home/ubuntu/test_ros_ws/install/theora_image_transport/include/theora_image_transport/msg/detail/packet__struct.h
[252.234s] -- Installing: /home/ubuntu/test_ros_ws/install/theora_image_transport/include/theora_image_transport/msg/detail/packet__functions.h
[252.237s] -- Installing: /home/ubuntu/test_ros_ws/install/theora_image_transport/include/theora_image_transport/msg/detail/packet__functions.c
[252.239s] -- Installing: /home/ubuntu/test_ros_ws/install/theora_image_transport/include/theora_image_transport/msg/detail/packet__type_support.h
[252.242s] -- Installing: /home/ubuntu/test_ros_ws/install/theora_image_transport/include/theora_image_transport/msg/rosidl_generator_c__visibility_control.h
[252.244s] -- Installing: /home/ubuntu/test_ros_ws/install/theora_image_transport/include/theora_image_transport/msg/packet.h
[252.248s] -- Installing: /home/ubuntu/test_ros_ws/install/theora_image_transport/share/theora_image_transport/environment/library_path.sh
[252.250s] -- Installing: /home/ubuntu/test_ros_ws/install/theora_image_transport/share/theora_image_transport/environment/library_path.dsv
[252.254s] -- Installing: /home/ubuntu/test_ros_ws/install/theora_image_transport/lib/libtheora_image_transport__rosidl_generator_c.so
[252.260s] -- Set runtime path of "/home/ubuntu/test_ros_ws/install/theora_image_transport/lib/libtheora_image_transport__rosidl_generator_c.so" to ""
[252.261s] -- Up-to-date: /home/ubuntu/test_ros_ws/install/theora_image_transport/include/theora_image_transport
[252.262s] -- Up-to-date: /home/ubuntu/test_ros_ws/install/theora_image_transport/include/theora_image_transport/msg
[252.263s] -- Up-to-date: /home/ubuntu/test_ros_ws/install/theora_image_transport/include/theora_image_transport/msg/detail
[252.264s] -- Installing: /home/ubuntu/test_ros_ws/install/theora_image_transport/include/theora_image_transport/msg/detail/packet__rosidl_typesupport_fastrtps_c.h
[252.266s] -- Installing: /home/ubuntu/test_ros_ws/install/theora_image_transport/include/theora_image_transport/msg/rosidl_typesupport_fastrtps_c__visibility_control.h
[252.270s] -- Installing: /home/ubuntu/test_ros_ws/install/theora_image_transport/lib/libtheora_image_transport__rosidl_typesupport_fastrtps_c.so
[252.276s] -- Set runtime path of "/home/ubuntu/test_ros_ws/install/theora_image_transport/lib/libtheora_image_transport__rosidl_typesupport_fastrtps_c.so" to ""
[252.277s] -- Up-to-date: /home/ubuntu/test_ros_ws/install/theora_image_transport/include/theora_image_transport
[252.278s] -- Up-to-date: /home/ubuntu/test_ros_ws/install/theora_image_transport/include/theora_image_transport/msg
[252.279s] -- Up-to-date: /home/ubuntu/test_ros_ws/install/theora_image_transport/include/theora_image_transport/msg/detail
[252.280s] -- Installing: /home/ubuntu/test_ros_ws/install/theora_image_transport/include/theora_image_transport/msg/detail/dds_fastrtps
[252.281s] -- Installing: /home/ubuntu/test_ros_ws/install/theora_image_transport/include/theora_image_transport/msg/detail/packet__rosidl_typesupport_fastrtps_cpp.hpp
[252.284s] -- Installing: /home/ubuntu/test_ros_ws/install/theora_image_transport/include/theora_image_transport/msg/rosidl_typesupport_fastrtps_cpp__visibility_control.h
[252.288s] -- Installing: /home/ubuntu/test_ros_ws/install/theora_image_transport/lib/libtheora_image_transport__rosidl_typesupport_fastrtps_cpp.so
[252.295s] -- Set runtime path of "/home/ubuntu/test_ros_ws/install/theora_image_transport/lib/libtheora_image_transport__rosidl_typesupport_fastrtps_cpp.so" to ""
[252.296s] -- Up-to-date: /home/ubuntu/test_ros_ws/install/theora_image_transport/include/theora_image_transport
[252.297s] -- Up-to-date: /home/ubuntu/test_ros_ws/install/theora_image_transport/include/theora_image_transport/msg
[252.298s] -- Up-to-date: /home/ubuntu/test_ros_ws/install/theora_image_transport/include/theora_image_transport/msg/detail
[252.299s] -- Installing: /home/ubuntu/test_ros_ws/install/theora_image_transport/include/theora_image_transport/msg/detail/packet__type_support.c
[252.301s] -- Installing: /home/ubuntu/test_ros_ws/install/theora_image_transport/include/theora_image_transport/msg/detail/packet__rosidl_typesupport_introspection_c.h
[252.304s] -- Installing: /home/ubuntu/test_ros_ws/install/theora_image_transport/include/theora_image_transport/msg/rosidl_typesupport_introspection_c__visibility_control.h
[252.308s] -- Installing: /home/ubuntu/test_ros_ws/install/theora_image_transport/lib/libtheora_image_transport__rosidl_typesupport_introspection_c.so
[252.314s] -- Set runtime path of "/home/ubuntu/test_ros_ws/install/theora_image_transport/lib/libtheora_image_transport__rosidl_typesupport_introspection_c.so" to ""
[252.315s] -- Installing: /home/ubuntu/test_ros_ws/install/theora_image_transport/lib/libtheora_image_transport__rosidl_typesupport_c.so
[252.321s] -- Set runtime path of "/home/ubuntu/test_ros_ws/install/theora_image_transport/lib/libtheora_image_transport__rosidl_typesupport_c.so" to ""
[252.322s] -- Up-to-date: /home/ubuntu/test_ros_ws/install/theora_image_transport/include/theora_image_transport
[252.323s] -- Up-to-date: /home/ubuntu/test_ros_ws/install/theora_image_transport/include/theora_image_transport/msg
[252.324s] -- Up-to-date: /home/ubuntu/test_ros_ws/install/theora_image_transport/include/theora_image_transport/msg/detail
[252.325s] -- Installing: /home/ubuntu/test_ros_ws/install/theora_image_transport/include/theora_image_transport/msg/detail/packet__struct.hpp
[252.327s] -- Installing: /home/ubuntu/test_ros_ws/install/theora_image_transport/include/theora_image_transport/msg/detail/packet__builder.hpp
[252.329s] -- Installing: /home/ubuntu/test_ros_ws/install/theora_image_transport/include/theora_image_transport/msg/detail/packet__traits.hpp
[252.332s] -- Installing: /home/ubuntu/test_ros_ws/install/theora_image_transport/include/theora_image_transport/msg/packet.hpp
[252.335s] -- Up-to-date: /home/ubuntu/test_ros_ws/install/theora_image_transport/include/theora_image_transport
[252.336s] -- Up-to-date: /home/ubuntu/test_ros_ws/install/theora_image_transport/include/theora_image_transport/msg
[252.336s] -- Up-to-date: /home/ubuntu/test_ros_ws/install/theora_image_transport/include/theora_image_transport/msg/detail
[252.337s] -- Installing: /home/ubuntu/test_ros_ws/install/theora_image_transport/include/theora_image_transport/msg/detail/packet__type_support.cpp
[252.340s] -- Installing: /home/ubuntu/test_ros_ws/install/theora_image_transport/include/theora_image_transport/msg/detail/packet__rosidl_typesupport_introspection_cpp.hpp
[252.344s] -- Installing: /home/ubuntu/test_ros_ws/install/theora_image_transport/lib/libtheora_image_transport__rosidl_typesupport_introspection_cpp.so
[252.351s] -- Set runtime path of "/home/ubuntu/test_ros_ws/install/theora_image_transport/lib/libtheora_image_transport__rosidl_typesupport_introspection_cpp.so" to ""
[252.352s] -- Installing: /home/ubuntu/test_ros_ws/install/theora_image_transport/lib/libtheora_image_transport__rosidl_typesupport_cpp.so
[252.358s] -- Set runtime path of "/home/ubuntu/test_ros_ws/install/theora_image_transport/lib/libtheora_image_transport__rosidl_typesupport_cpp.so" to ""
[252.359s] -- Installing: /home/ubuntu/test_ros_ws/install/theora_image_transport/share/theora_image_transport/environment/pythonpath.sh
[252.362s] -- Installing: /home/ubuntu/test_ros_ws/install/theora_image_transport/share/theora_image_transport/environment/pythonpath.dsv
[252.365s] -- Installing: /home/ubuntu/test_ros_ws/install/theora_image_transport/lib/python3.8/site-packages/theora_image_transport/__init__.py
[252.705s] Compiling '/home/ubuntu/test_ros_ws/install/theora_image_transport/lib/python3.8/site-packages/theora_image_transport/__init__.py'...
[252.744s] -- Installing: /home/ubuntu/test_ros_ws/install/theora_image_transport/lib/python3.8/site-packages/theora_image_transport/msg
[252.745s] -- Installing: /home/ubuntu/test_ros_ws/install/theora_image_transport/lib/python3.8/site-packages/theora_image_transport/msg/_packet.py
[252.748s] -- Installing: /home/ubuntu/test_ros_ws/install/theora_image_transport/lib/python3.8/site-packages/theora_image_transport/msg/__init__.py
[252.750s] -- Installing: /home/ubuntu/test_ros_ws/install/theora_image_transport/lib/python3.8/site-packages/theora_image_transport/msg/_packet_s.c
[252.755s] -- Installing: /home/ubuntu/test_ros_ws/install/theora_image_transport/lib/python3.8/site-packages/theora_image_transport/theora_image_transport_s__rosidl_typesupport_fastrtps_c.cpython-38-aarch64-linux-gnu.so
[252.763s] -- Set runtime path of "/home/ubuntu/test_ros_ws/install/theora_image_transport/lib/python3.8/site-packages/theora_image_transport/theora_image_transport_s__rosidl_typesupport_fastrtps_c.cpython-38-aarch64-linux-gnu.so" to ""
[252.766s] -- Installing: /home/ubuntu/test_ros_ws/install/theora_image_transport/lib/python3.8/site-packages/theora_image_transport/theora_image_transport_s__rosidl_typesupport_introspection_c.cpython-38-aarch64-linux-gnu.so
[252.774s] -- Set runtime path of "/home/ubuntu/test_ros_ws/install/theora_image_transport/lib/python3.8/site-packages/theora_image_transport/theora_image_transport_s__rosidl_typesupport_introspection_c.cpython-38-aarch64-linux-gnu.so" to ""
[252.777s] -- Installing: /home/ubuntu/test_ros_ws/install/theora_image_transport/lib/python3.8/site-packages/theora_image_transport/theora_image_transport_s__rosidl_typesupport_c.cpython-38-aarch64-linux-gnu.so
[252.784s] -- Set runtime path of "/home/ubuntu/test_ros_ws/install/theora_image_transport/lib/python3.8/site-packages/theora_image_transport/theora_image_transport_s__rosidl_typesupport_c.cpython-38-aarch64-linux-gnu.so" to ""
[252.786s] -- Installing: /home/ubuntu/test_ros_ws/install/theora_image_transport/lib/libtheora_image_transport__python.so
[252.792s] -- Set runtime path of "/home/ubuntu/test_ros_ws/install/theora_image_transport/lib/libtheora_image_transport__python.so" to ""
[252.793s] -- Installing: /home/ubuntu/test_ros_ws/install/theora_image_transport/share/theora_image_transport/msg/Packet.idl
[252.796s] -- Installing: /home/ubuntu/test_ros_ws/install/theora_image_transport/share/theora_image_transport/msg/Packet.msg
[252.800s] -- Installing: /home/ubuntu/test_ros_ws/install/theora_image_transport/lib/theora_image_transport/libtheora_image_transport_component.so
[252.858s] -- Set runtime path of "/home/ubuntu/test_ros_ws/install/theora_image_transport/lib/theora_image_transport/libtheora_image_transport_component.so" to ""
[252.859s] -- Installing: /home/ubuntu/test_ros_ws/install/theora_image_transport/bin/ogg_saver
[252.890s] -- Set runtime path of "/home/ubuntu/test_ros_ws/install/theora_image_transport/bin/ogg_saver" to ""
[252.891s] -- Up-to-date: /home/ubuntu/test_ros_ws/install/theora_image_transport/include
[252.892s] -- Up-to-date: /home/ubuntu/test_ros_ws/install/theora_image_transport/include/theora_image_transport
[252.893s] -- Installing: /home/ubuntu/test_ros_ws/install/theora_image_transport/include/theora_image_transport/theora_subscriber.h
[252.895s] -- Installing: /home/ubuntu/test_ros_ws/install/theora_image_transport/include/theora_image_transport/theora_publisher.h
[252.898s] -- Installing: /home/ubuntu/test_ros_ws/install/theora_image_transport/share/theora_image_transport/theora_plugins.xml
[252.901s] -- Installing: /home/ubuntu/test_ros_ws/install/theora_image_transport/share/ament_index/resource_index/package_run_dependencies/theora_image_transport
[252.905s] -- Installing: /home/ubuntu/test_ros_ws/install/theora_image_transport/share/ament_index/resource_index/parent_prefix_path/theora_image_transport
[252.908s] -- Installing: /home/ubuntu/test_ros_ws/install/theora_image_transport/share/theora_image_transport/environment/ament_prefix_path.sh
[252.911s] -- Installing: /home/ubuntu/test_ros_ws/install/theora_image_transport/share/theora_image_transport/environment/ament_prefix_path.dsv
[252.914s] -- Installing: /home/ubuntu/test_ros_ws/install/theora_image_transport/share/theora_image_transport/environment/path.sh
[252.917s] -- Installing: /home/ubuntu/test_ros_ws/install/theora_image_transport/share/theora_image_transport/environment/path.dsv
[252.919s] -- Installing: /home/ubuntu/test_ros_ws/install/theora_image_transport/share/theora_image_transport/local_setup.bash
[252.922s] -- Installing: /home/ubuntu/test_ros_ws/install/theora_image_transport/share/theora_image_transport/local_setup.sh
[252.925s] -- Installing: /home/ubuntu/test_ros_ws/install/theora_image_transport/share/theora_image_transport/local_setup.zsh
[252.927s] -- Installing: /home/ubuntu/test_ros_ws/install/theora_image_transport/share/theora_image_transport/local_setup.dsv
[252.930s] -- Installing: /home/ubuntu/test_ros_ws/install/theora_image_transport/share/theora_image_transport/package.dsv
[252.934s] -- Installing: /home/ubuntu/test_ros_ws/install/theora_image_transport/share/ament_index/resource_index/packages/theora_image_transport
[252.937s] -- Installing: /home/ubuntu/test_ros_ws/install/theora_image_transport/share/ament_index/resource_index/image_transport__pluginlib__plugin/theora_image_transport
[252.942s] -- Installing: /home/ubuntu/test_ros_ws/install/theora_image_transport/share/theora_image_transport/cmake/theora_image_transport__rosidl_generator_cExport.cmake
[252.945s] -- Installing: /home/ubuntu/test_ros_ws/install/theora_image_transport/share/theora_image_transport/cmake/theora_image_transport__rosidl_generator_cExport-noconfig.cmake
[252.949s] -- Installing: /home/ubuntu/test_ros_ws/install/theora_image_transport/share/theora_image_transport/cmake/theora_image_transport__rosidl_typesupport_introspection_cExport.cmake
[252.953s] -- Installing: /home/ubuntu/test_ros_ws/install/theora_image_transport/share/theora_image_transport/cmake/theora_image_transport__rosidl_typesupport_introspection_cExport-noconfig.cmake
[252.957s] -- Installing: /home/ubuntu/test_ros_ws/install/theora_image_transport/share/theora_image_transport/cmake/theora_image_transport__rosidl_typesupport_cExport.cmake
[252.960s] -- Installing: /home/ubuntu/test_ros_ws/install/theora_image_transport/share/theora_image_transport/cmake/theora_image_transport__rosidl_typesupport_cExport-noconfig.cmake
[252.964s] -- Installing: /home/ubuntu/test_ros_ws/install/theora_image_transport/share/theora_image_transport/cmake/theora_image_transport__rosidl_generator_cppExport.cmake
[252.968s] -- Installing: /home/ubuntu/test_ros_ws/install/theora_image_transport/share/theora_image_transport/cmake/theora_image_transport__rosidl_typesupport_introspection_cppExport.cmake
[252.972s] -- Installing: /home/ubuntu/test_ros_ws/install/theora_image_transport/share/theora_image_transport/cmake/theora_image_transport__rosidl_typesupport_introspection_cppExport-noconfig.cmake
[252.976s] -- Installing: /home/ubuntu/test_ros_ws/install/theora_image_transport/share/theora_image_transport/cmake/theora_image_transport__rosidl_typesupport_cppExport.cmake
[252.979s] -- Installing: /home/ubuntu/test_ros_ws/install/theora_image_transport/share/theora_image_transport/cmake/theora_image_transport__rosidl_typesupport_cppExport-noconfig.cmake
[252.983s] -- Installing: /home/ubuntu/test_ros_ws/install/theora_image_transport/share/theora_image_transport/cmake/rosidl_cmake-extras.cmake
[252.986s] -- Installing: /home/ubuntu/test_ros_ws/install/theora_image_transport/share/theora_image_transport/cmake/ament_cmake_export_dependencies-extras.cmake
[252.989s] -- Installing: /home/ubuntu/test_ros_ws/install/theora_image_transport/share/theora_image_transport/cmake/ament_cmake_export_libraries-extras.cmake
[252.992s] -- Installing: /home/ubuntu/test_ros_ws/install/theora_image_transport/share/theora_image_transport/cmake/ament_cmake_export_targets-extras.cmake
[252.995s] -- Installing: /home/ubuntu/test_ros_ws/install/theora_image_transport/share/theora_image_transport/cmake/ament_cmake_export_include_directories-extras.cmake
[252.998s] -- Installing: /home/ubuntu/test_ros_ws/install/theora_image_transport/share/theora_image_transport/cmake/rosidl_cmake_export_typesupport_libraries-extras.cmake
[253.001s] -- Installing: /home/ubuntu/test_ros_ws/install/theora_image_transport/share/theora_image_transport/cmake/rosidl_cmake_export_typesupport_targets-extras.cmake
[253.004s] -- Installing: /home/ubuntu/test_ros_ws/install/theora_image_transport/share/theora_image_transport/cmake/theora_image_transportConfig.cmake
[253.007s] -- Installing: /home/ubuntu/test_ros_ws/install/theora_image_transport/share/theora_image_transport/cmake/theora_image_transportConfig-version.cmake
[253.009s] -- Installing: /home/ubuntu/test_ros_ws/install/theora_image_transport/share/theora_image_transport/package.xml
[253.033s] Invoked command in '/home/ubuntu/test_ros_ws/build/theora_image_transport' returned '0': CMAKE_PREFIX_PATH=/home/ubuntu/test_ros_ws/install/image_transport:/home/ubuntu/test_ros_ws/install/cv_bridge:/home/ubuntu/test_ros_ws/install/vision_opencv:/home/ubuntu/test_ros_ws/install/v4l2_camera:/home/ubuntu/test_ros_ws/install/image_transport_plugins:/home/ubuntu/test_ros_ws/install/theora_image_transport:/home/ubuntu/test_ros_ws/install/image_common:/home/ubuntu/test_ros_ws/install/compressed_image_transport:/home/ubuntu/test_ros_ws/install/compressed_depth_image_transport:/home/ubuntu/test_ros_ws/install/image_geometry:/home/ubuntu/test_ros_ws/install/camera_info_manager:/home/ubuntu/test_ros_ws/install/camera_calibration_parsers:/home/ubuntu/robotics-unibs-project/rpi_ros_ws/install/alphabot2_interfaces:/home/ubuntu/test_ros_ws/install/opencv_tests:/home/ubuntu/robotics-unibs-project/rpi_ros_ws/install/alphabot2:/opt/ros/foxy LD_LIBRARY_PATH=/home/ubuntu/test_ros_ws/install/image_transport/lib:/home/ubuntu/test_ros_ws/install/cv_bridge/lib:/home/ubuntu/test_ros_ws/install/v4l2_camera/lib:/home/ubuntu/test_ros_ws/install/theora_image_transport/lib:/home/ubuntu/test_ros_ws/install/compressed_image_transport/lib:/home/ubuntu/test_ros_ws/install/compressed_depth_image_transport/lib:/home/ubuntu/test_ros_ws/install/image_geometry/lib:/home/ubuntu/test_ros_ws/install/camera_info_manager/lib:/home/ubuntu/test_ros_ws/install/camera_calibration_parsers/lib:/home/ubuntu/robotics-unibs-project/rpi_ros_ws/install/alphabot2_interfaces/lib:/opt/ros/foxy/opt/yaml_cpp_vendor/lib:/opt/ros/foxy/lib/aarch64-linux-gnu:/opt/ros/foxy/lib PYTHONPATH=/home/ubuntu/test_ros_ws/install/cv_bridge/lib/python3.8/site-packages:/home/ubuntu/test_ros_ws/install/theora_image_transport/lib/python3.8/site-packages:/home/ubuntu/test_ros_ws/install/opencv_tests/lib/python3.8/site-packages:/home/ubuntu/test_ros_ws/install/image_geometry/lib/python3.8/site-packages:/home/ubuntu/robotics-unibs-project/rpi_ros_ws/install/alphabot2/lib/python3.8/site-packages:/home/ubuntu/robotics-unibs-project/rpi_ros_ws/install/alphabot2_interfaces/lib/python3.8/site-packages:/opt/ros/foxy/lib/python3.8/site-packages /usr/bin/cmake --install /home/ubuntu/test_ros_ws/build/theora_image_transport
