[0.277s] Invoking command in '/home/ubuntu/test_ros_ws/build/image_transport': CMAKE_PREFIX_PATH=${CMAKE_PREFIX_PATH}:/home/ubuntu/test_ros_ws/install/opencv_tests:/home/ubuntu/robotics-unibs-project/rpi_ros_ws/install/alphabot2:/opt/ros/foxy /usr/bin/cmake /home/ubuntu/test_ros_ws/src/image_common/image_transport -DCMAKE_INSTALL_PREFIX=/home/ubuntu/test_ros_ws/install/image_transport
[0.936s] -- The C compiler identification is GNU 9.3.0
[1.579s] -- The CXX compiler identification is GNU 9.3.0
[1.646s] -- Check for working C compiler: /usr/bin/cc
[2.438s] -- Check for working C compiler: /usr/bin/cc -- works
[2.450s] -- Detecting C compiler ABI info
[3.284s] -- Detecting C compiler ABI info - done
[3.412s] -- Detecting C compile features
[3.415s] -- Detecting C compile features - done
[3.442s] -- Check for working CXX compiler: /usr/bin/c++
[4.339s] -- Check for working CXX compiler: /usr/bin/c++ -- works
[4.350s] -- Detecting CXX compiler ABI info
[5.274s] -- Detecting CXX compiler ABI info - done
[5.396s] -- Detecting CXX compile features
[5.401s] -- Detecting CXX compile features - done
[5.443s] -- Found ament_cmake_ros: 0.9.2 (/opt/ros/foxy/share/ament_cmake_ros/cmake)
[5.921s] -- Found PythonInterp: /usr/bin/python3 (found suitable version "3.8.10", minimum required is "3") 
[5.922s] -- Using PYTHON_EXECUTABLE: /usr/bin/python3
[8.624s] -- Found message_filters: 3.2.5 (/opt/ros/foxy/share/message_filters/cmake)
[8.686s] -- Found pluginlib: 2.5.3 (/opt/ros/foxy/share/pluginlib/cmake)
[9.466s] -- Found rclcpp: 2.4.0 (/opt/ros/foxy/share/rclcpp/cmake)
[10.036s] -- Using all available rosidl_typesupport_c: rosidl_typesupport_fastrtps_c;rosidl_typesupport_introspection_c
[10.184s] -- Found rosidl_adapter: 1.2.1 (/opt/ros/foxy/share/rosidl_adapter/cmake)
[11.332s] -- Found OpenSSL: /usr/lib/aarch64-linux-gnu/libcrypto.so (found version "1.1.1f")  
[11.764s] -- Found FastRTPS: /opt/ros/foxy/include  
[12.912s] -- Using all available rosidl_typesupport_cpp: rosidl_typesupport_fastrtps_cpp;rosidl_typesupport_introspection_cpp
[13.721s] -- Found rmw_implementation_cmake: 1.0.3 (/opt/ros/foxy/share/rmw_implementation_cmake/cmake)
[13.746s] -- Using RMW implementation 'rmw_fastrtps_cpp' as default
[13.757s] -- Looking for pthread.h
[14.623s] -- Looking for pthread.h - found
[14.628s] -- Performing Test CMAKE_HAVE_LIBC_PTHREAD
[15.494s] -- Performing Test CMAKE_HAVE_LIBC_PTHREAD - Failed
[15.498s] -- Looking for pthread_create in pthreads
[16.235s] -- Looking for pthread_create in pthreads - not found
[16.241s] -- Looking for pthread_create in pthread
[17.061s] -- Looking for pthread_create in pthread - found
[17.070s] -- Found Threads: TRUE  
[19.074s] -- Found sensor_msgs: 2.0.4 (/opt/ros/foxy/share/sensor_msgs/cmake)
[21.304s] -- Found ament_lint_auto: 0.9.6 (/opt/ros/foxy/share/ament_lint_auto/cmake)
[23.708s] -- Found gtest sources under '/opt/ros/foxy/src/gtest_vendor': C++ tests using 'Google Test' will be built
[23.756s] -- Check if compiler accepts -pthread
[25.875s] -- Check if compiler accepts -pthread - yes
[26.404s] -- Added test 'copyright' to check source files copyright and LICENSE
[26.661s] -- Added test 'cpplint' to check C / C++ code against the Google style
[26.665s] -- Configured cpplint exclude dirs and/or files: 
[26.784s] -- Added test 'lint_cmake' to check CMake code style
[27.079s] -- Added test 'uncrustify' to check C / C++ code style
[27.091s] -- Configured uncrustify additional arguments: 
[27.139s] -- Added test 'xmllint' to check XML markup files
[27.443s] -- Configuring done
[29.081s] -- Generating done
[29.163s] -- Build files have been written to: /home/ubuntu/test_ros_ws/build/image_transport
[29.340s] Invoked command in '/home/ubuntu/test_ros_ws/build/image_transport' returned '0': CMAKE_PREFIX_PATH=${CMAKE_PREFIX_PATH}:/home/ubuntu/test_ros_ws/install/opencv_tests:/home/ubuntu/robotics-unibs-project/rpi_ros_ws/install/alphabot2:/opt/ros/foxy /usr/bin/cmake /home/ubuntu/test_ros_ws/src/image_common/image_transport -DCMAKE_INSTALL_PREFIX=/home/ubuntu/test_ros_ws/install/image_transport
[29.357s] Invoking command in '/home/ubuntu/test_ros_ws/build/image_transport': CMAKE_PREFIX_PATH=${CMAKE_PREFIX_PATH}:/home/ubuntu/test_ros_ws/install/opencv_tests:/home/ubuntu/robotics-unibs-project/rpi_ros_ws/install/alphabot2:/opt/ros/foxy /usr/bin/cmake --build /home/ubuntu/test_ros_ws/build/image_transport -- -j4 -l4
[30.988s] [35m[1mScanning dependencies of target gtest[0m
[31.042s] [35m[1mScanning dependencies of target image_transport[0m
[31.051s] [35m[1mScanning dependencies of target gtest_main[0m
[31.639s] [  3%] [32mBuilding CXX object gtest/CMakeFiles/gtest_main.dir/src/gtest_main.cc.o[0m
[31.680s] [  6%] [32mBuilding CXX object gtest/CMakeFiles/gtest.dir/src/gtest-all.cc.o[0m
[33.279s] [ 10%] [32mBuilding CXX object CMakeFiles/image_transport.dir/src/camera_common.cpp.o[0m
[33.523s] [ 13%] [32mBuilding CXX object CMakeFiles/image_transport.dir/src/publisher.cpp.o[0m
[56.326s] [ 16%] [32m[1mLinking CXX static library libgtest_main.a[0m
[57.277s] [ 16%] Built target gtest_main
[93.908s] [ 20%] [32mBuilding CXX object CMakeFiles/image_transport.dir/src/single_subscriber_publisher.cpp.o[0m
[97.826s] [ 23%] [32m[1mLinking CXX static library libgtest.a[0m
[98.875s] [ 23%] Built target gtest
[110.080s] [ 26%] [32mBuilding CXX object CMakeFiles/image_transport.dir/src/camera_subscriber.cpp.o[0m
[180.028s] [ 30%] [32mBuilding CXX object CMakeFiles/image_transport.dir/src/image_transport.cpp.o[0m
[224.580s] [ 33%] [32mBuilding CXX object CMakeFiles/image_transport.dir/src/camera_publisher.cpp.o[0m
[224.586s] [ 36%] [32mBuilding CXX object CMakeFiles/image_transport.dir/src/subscriber.cpp.o[0m
[250.917s] [ 40%] [32m[1mLinking CXX shared library libimage_transport.so[0m
[257.182s] [ 40%] Built target image_transport
[257.605s] [35m[1mScanning dependencies of target list_transports[0m
[257.635s] [35m[1mScanning dependencies of target image_transport-remapping[0m
[257.639s] [35m[1mScanning dependencies of target image_transport_plugins[0m
[257.660s] [35m[1mScanning dependencies of target republish[0m
[258.727s] [ 43%] [32mBuilding CXX object CMakeFiles/image_transport_plugins.dir/src/manifest.cpp.o[0m
[258.747s] [ 46%] [32mBuilding CXX object CMakeFiles/list_transports.dir/src/list_transports.cpp.o[0m
[259.033s] [ 50%] [32mBuilding CXX object CMakeFiles/republish.dir/src/republish.cpp.o[0m
[259.095s] [ 53%] [32mBuilding CXX object CMakeFiles/image_transport-remapping.dir/test/test_remapping.cpp.o[0m
[304.387s] [ 56%] [32m[1mLinking CXX executable image_transport-remapping[0m
[309.217s] [ 56%] Built target image_transport-remapping
[324.735s] [ 60%] [32m[1mLinking CXX executable list_transports[0m
[327.761s] [ 60%] Built target list_transports
[329.831s] [ 63%] [32m[1mLinking CXX shared library libimage_transport_plugins.so[0m
[330.425s] [ 66%] [32m[1mLinking CXX executable republish[0m
[332.859s] [ 66%] Built target image_transport_plugins
[333.644s] [ 66%] Built target republish
[333.774s] [35m[1mScanning dependencies of target image_transport-message_passing[0m
[334.363s] [ 70%] [32mBuilding CXX object CMakeFiles/image_transport-message_passing.dir/test/test_message_passing.cpp.o[0m
[352.291s] [35m[1mScanning dependencies of target image_transport-publisher[0m
[352.864s] [ 73%] [32mBuilding CXX object CMakeFiles/image_transport-publisher.dir/test/test_publisher.cpp.o[0m
[353.787s] [35m[1mScanning dependencies of target image_transport-subscriber[0m
[354.309s] [35m[1mScanning dependencies of target image_transport-camera_common[0m
[354.424s] [ 76%] [32mBuilding CXX object CMakeFiles/image_transport-subscriber.dir/test/test_subscriber.cpp.o[0m
[354.552s] [ 80%] [32mBuilding CXX object CMakeFiles/image_transport-camera_common.dir/test/test_camera_common.cpp.o[0m
[360.097s] [ 83%] [32m[1mLinking CXX executable image_transport-message_passing[0m
[363.591s] [ 83%] Built target image_transport-message_passing
[363.739s] [35m[1mScanning dependencies of target image_transport-single_subscriber_publisher[0m
[364.444s] [ 86%] [32mBuilding CXX object CMakeFiles/image_transport-single_subscriber_publisher.dir/test/test_single_subscriber_publisher.cpp.o[0m
[364.958s] [ 90%] [32m[1mLinking CXX executable image_transport-camera_common[0m
[367.961s] [ 90%] Built target image_transport-camera_common
[378.928s] [ 93%] [32m[1mLinking CXX executable image_transport-publisher[0m
[381.210s] [ 96%] [32m[1mLinking CXX executable image_transport-subscriber[0m
[382.124s] [ 96%] Built target image_transport-publisher
[384.250s] [ 96%] Built target image_transport-subscriber
[389.382s] [100%] [32m[1mLinking CXX executable image_transport-single_subscriber_publisher[0m
[392.203s] [100%] Built target image_transport-single_subscriber_publisher
[392.315s] Invoked command in '/home/ubuntu/test_ros_ws/build/image_transport' returned '0': CMAKE_PREFIX_PATH=${CMAKE_PREFIX_PATH}:/home/ubuntu/test_ros_ws/install/opencv_tests:/home/ubuntu/robotics-unibs-project/rpi_ros_ws/install/alphabot2:/opt/ros/foxy /usr/bin/cmake --build /home/ubuntu/test_ros_ws/build/image_transport -- -j4 -l4
[393.371s] Invoking command in '/home/ubuntu/test_ros_ws/build/image_transport': CMAKE_PREFIX_PATH=${CMAKE_PREFIX_PATH}:/home/ubuntu/test_ros_ws/install/opencv_tests:/home/ubuntu/robotics-unibs-project/rpi_ros_ws/install/alphabot2:/opt/ros/foxy /usr/bin/cmake --install /home/ubuntu/test_ros_ws/build/image_transport
[393.464s] -- Install configuration: ""
[393.465s] -- Installing: /home/ubuntu/test_ros_ws/install/image_transport/share/image_transport/default_plugins.xml
[393.469s] -- Installing: /home/ubuntu/test_ros_ws/install/image_transport/lib/libimage_transport.so
[393.573s] -- Set runtime path of "/home/ubuntu/test_ros_ws/install/image_transport/lib/libimage_transport.so" to ""
[393.575s] -- Installing: /home/ubuntu/test_ros_ws/install/image_transport/lib/libimage_transport_plugins.so
[393.632s] -- Set runtime path of "/home/ubuntu/test_ros_ws/install/image_transport/lib/libimage_transport_plugins.so" to ""
[393.634s] -- Up-to-date: /home/ubuntu/test_ros_ws/install/image_transport/lib/libimage_transport.so
[393.639s] -- Installing: /home/ubuntu/test_ros_ws/install/image_transport/lib/image_transport/list_transports
[393.669s] -- Set runtime path of "/home/ubuntu/test_ros_ws/install/image_transport/lib/image_transport/list_transports" to ""
[393.670s] -- Installing: /home/ubuntu/test_ros_ws/install/image_transport/lib/image_transport/republish
[393.700s] -- Set runtime path of "/home/ubuntu/test_ros_ws/install/image_transport/lib/image_transport/republish" to ""
[393.702s] -- Installing: /home/ubuntu/test_ros_ws/install/image_transport/include/image_transport
[393.703s] -- Installing: /home/ubuntu/test_ros_ws/install/image_transport/include/image_transport/image_transport
[393.704s] -- Installing: /home/ubuntu/test_ros_ws/install/image_transport/include/image_transport/image_transport/camera_subscriber.h
[393.706s] -- Installing: /home/ubuntu/test_ros_ws/install/image_transport/include/image_transport/image_transport/exception.hpp
[393.708s] -- Installing: /home/ubuntu/test_ros_ws/install/image_transport/include/image_transport/image_transport/raw_subscriber.hpp
[393.710s] -- Installing: /home/ubuntu/test_ros_ws/install/image_transport/include/image_transport/image_transport/raw_publisher.hpp
[393.712s] -- Installing: /home/ubuntu/test_ros_ws/install/image_transport/include/image_transport/image_transport/subscriber_filter.hpp
[393.715s] -- Installing: /home/ubuntu/test_ros_ws/install/image_transport/include/image_transport/image_transport/subscriber_plugin.h
[393.717s] -- Installing: /home/ubuntu/test_ros_ws/install/image_transport/include/image_transport/image_transport/publisher.h
[393.719s] -- Installing: /home/ubuntu/test_ros_ws/install/image_transport/include/image_transport/image_transport/camera_subscriber.hpp
[393.722s] -- Installing: /home/ubuntu/test_ros_ws/install/image_transport/include/image_transport/image_transport/camera_common.hpp
[393.724s] -- Installing: /home/ubuntu/test_ros_ws/install/image_transport/include/image_transport/image_transport/simple_publisher_plugin.hpp
[393.726s] -- Installing: /home/ubuntu/test_ros_ws/install/image_transport/include/image_transport/image_transport/image_transport.hpp
[393.728s] -- Installing: /home/ubuntu/test_ros_ws/install/image_transport/include/image_transport/image_transport/raw_publisher.h
[393.731s] -- Installing: /home/ubuntu/test_ros_ws/install/image_transport/include/image_transport/image_transport/camera_publisher.h
[393.733s] -- Installing: /home/ubuntu/test_ros_ws/install/image_transport/include/image_transport/image_transport/image_transport.h
[393.735s] -- Installing: /home/ubuntu/test_ros_ws/install/image_transport/include/image_transport/image_transport/exception.h
[393.737s] -- Installing: /home/ubuntu/test_ros_ws/install/image_transport/include/image_transport/image_transport/publisher_plugin.h
[393.740s] -- Installing: /home/ubuntu/test_ros_ws/install/image_transport/include/image_transport/image_transport/visibility_control.hpp
[393.742s] -- Installing: /home/ubuntu/test_ros_ws/install/image_transport/include/image_transport/image_transport/single_subscriber_publisher.hpp
[393.744s] -- Installing: /home/ubuntu/test_ros_ws/install/image_transport/include/image_transport/image_transport/simple_subscriber_plugin.h
[393.747s] -- Installing: /home/ubuntu/test_ros_ws/install/image_transport/include/image_transport/image_transport/loader_fwds.h
[393.749s] -- Installing: /home/ubuntu/test_ros_ws/install/image_transport/include/image_transport/image_transport/transport_hints.h
[393.751s] -- Installing: /home/ubuntu/test_ros_ws/install/image_transport/include/image_transport/image_transport/camera_publisher.hpp
[393.753s] -- Installing: /home/ubuntu/test_ros_ws/install/image_transport/include/image_transport/image_transport/simple_publisher_plugin.h
[393.756s] -- Installing: /home/ubuntu/test_ros_ws/install/image_transport/include/image_transport/image_transport/subscriber_plugin.hpp
[393.758s] -- Installing: /home/ubuntu/test_ros_ws/install/image_transport/include/image_transport/image_transport/publisher.hpp
[393.760s] -- Installing: /home/ubuntu/test_ros_ws/install/image_transport/include/image_transport/image_transport/subscriber_filter.h
[393.762s] -- Installing: /home/ubuntu/test_ros_ws/install/image_transport/include/image_transport/image_transport/publisher_plugin.hpp
[393.765s] -- Installing: /home/ubuntu/test_ros_ws/install/image_transport/include/image_transport/image_transport/transport_hints.hpp
[393.767s] -- Installing: /home/ubuntu/test_ros_ws/install/image_transport/include/image_transport/image_transport/raw_subscriber.h
[393.769s] -- Installing: /home/ubuntu/test_ros_ws/install/image_transport/include/image_transport/image_transport/subscriber.hpp
[393.772s] -- Installing: /home/ubuntu/test_ros_ws/install/image_transport/include/image_transport/image_transport/camera_common.h
[393.774s] -- Installing: /home/ubuntu/test_ros_ws/install/image_transport/include/image_transport/image_transport/single_subscriber_publisher.h
[393.776s] -- Installing: /home/ubuntu/test_ros_ws/install/image_transport/include/image_transport/image_transport/loader_fwds.hpp
[393.778s] -- Installing: /home/ubuntu/test_ros_ws/install/image_transport/include/image_transport/image_transport/subscriber.h
[393.781s] -- Installing: /home/ubuntu/test_ros_ws/install/image_transport/include/image_transport/image_transport/simple_subscriber_plugin.hpp
[393.785s] -- Installing: /home/ubuntu/test_ros_ws/install/image_transport/share/ament_index/resource_index/package_run_dependencies/image_transport
[393.788s] -- Installing: /home/ubuntu/test_ros_ws/install/image_transport/share/ament_index/resource_index/parent_prefix_path/image_transport
[393.792s] -- Installing: /home/ubuntu/test_ros_ws/install/image_transport/share/image_transport/environment/ament_prefix_path.sh
[393.794s] -- Installing: /home/ubuntu/test_ros_ws/install/image_transport/share/image_transport/environment/ament_prefix_path.dsv
[393.797s] -- Installing: /home/ubuntu/test_ros_ws/install/image_transport/share/image_transport/environment/path.sh
[393.800s] -- Installing: /home/ubuntu/test_ros_ws/install/image_transport/share/image_transport/environment/path.dsv
[393.802s] -- Installing: /home/ubuntu/test_ros_ws/install/image_transport/share/image_transport/local_setup.bash
[393.805s] -- Installing: /home/ubuntu/test_ros_ws/install/image_transport/share/image_transport/local_setup.sh
[393.807s] -- Installing: /home/ubuntu/test_ros_ws/install/image_transport/share/image_transport/local_setup.zsh
[393.810s] -- Installing: /home/ubuntu/test_ros_ws/install/image_transport/share/image_transport/local_setup.dsv
[393.812s] -- Installing: /home/ubuntu/test_ros_ws/install/image_transport/share/image_transport/package.dsv
[393.816s] -- Installing: /home/ubuntu/test_ros_ws/install/image_transport/share/ament_index/resource_index/packages/image_transport
[393.819s] -- Installing: /home/ubuntu/test_ros_ws/install/image_transport/share/ament_index/resource_index/image_transport__pluginlib__plugin/image_transport
[393.823s] -- Installing: /home/ubuntu/test_ros_ws/install/image_transport/share/image_transport/cmake/export_image_transportExport.cmake
[393.826s] -- Installing: /home/ubuntu/test_ros_ws/install/image_transport/share/image_transport/cmake/export_image_transportExport-noconfig.cmake
[393.829s] -- Installing: /home/ubuntu/test_ros_ws/install/image_transport/share/image_transport/cmake/ament_cmake_export_targets-extras.cmake
[393.832s] -- Installing: /home/ubuntu/test_ros_ws/install/image_transport/share/image_transport/cmake/ament_cmake_export_dependencies-extras.cmake
[393.835s] -- Installing: /home/ubuntu/test_ros_ws/install/image_transport/share/image_transport/cmake/image_transportConfig.cmake
[393.837s] -- Installing: /home/ubuntu/test_ros_ws/install/image_transport/share/image_transport/cmake/image_transportConfig-version.cmake
[393.840s] -- Installing: /home/ubuntu/test_ros_ws/install/image_transport/share/image_transport/package.xml
[393.862s] Invoked command in '/home/ubuntu/test_ros_ws/build/image_transport' returned '0': CMAKE_PREFIX_PATH=${CMAKE_PREFIX_PATH}:/home/ubuntu/test_ros_ws/install/opencv_tests:/home/ubuntu/robotics-unibs-project/rpi_ros_ws/install/alphabot2:/opt/ros/foxy /usr/bin/cmake --install /home/ubuntu/test_ros_ws/build/image_transport
