[0.250s] Invoking command in '/home/ubuntu/test_ros_ws/build/image_common': CMAKE_PREFIX_PATH=/home/ubuntu/test_ros_ws/install/camera_info_manager:/home/ubuntu/test_ros_ws/install/image_transport:/home/ubuntu/test_ros_ws/install/camera_calibration_parsers:/home/ubuntu/test_ros_ws/install/vision_opencv:/home/ubuntu/test_ros_ws/install/v4l2_camera:/home/ubuntu/test_ros_ws/install/image_transport_plugins:/home/ubuntu/test_ros_ws/install/theora_image_transport:/home/ubuntu/test_ros_ws/install/image_common:/home/ubuntu/test_ros_ws/install/compressed_image_transport:/home/ubuntu/test_ros_ws/install/compressed_depth_image_transport:/home/ubuntu/test_ros_ws/install/image_geometry:/home/ubuntu/test_ros_ws/install/cv_bridge:/home/ubuntu/robotics-unibs-project/rpi_ros_ws/install/alphabot2_interfaces:/home/ubuntu/test_ros_ws/install/opencv_tests:/home/ubuntu/robotics-unibs-project/rpi_ros_ws/install/alphabot2:/opt/ros/foxy LD_LIBRARY_PATH=/home/ubuntu/test_ros_ws/install/camera_info_manager/lib:/home/ubuntu/test_ros_ws/install/image_transport/lib:/home/ubuntu/test_ros_ws/install/camera_calibration_parsers/lib:/home/ubuntu/test_ros_ws/install/v4l2_camera/lib:/home/ubuntu/test_ros_ws/install/theora_image_transport/lib:/home/ubuntu/test_ros_ws/install/compressed_image_transport/lib:/home/ubuntu/test_ros_ws/install/compressed_depth_image_transport/lib:/home/ubuntu/test_ros_ws/install/image_geometry/lib:/home/ubuntu/test_ros_ws/install/cv_bridge/lib:/home/ubuntu/robotics-unibs-project/rpi_ros_ws/install/alphabot2_interfaces/lib:/opt/ros/foxy/opt/yaml_cpp_vendor/lib:/opt/ros/foxy/lib/aarch64-linux-gnu:/opt/ros/foxy/lib /usr/bin/cmake /home/ubuntu/test_ros_ws/src/image_common/image_common -DCMAKE_INSTALL_PREFIX=/home/ubuntu/test_ros_ws/install/image_common
[0.944s] -- The C compiler identification is GNU 9.3.0
[1.596s] -- The CXX compiler identification is GNU 9.3.0
[1.658s] -- Check for working C compiler: /usr/bin/cc
[2.534s] -- Check for working C compiler: /usr/bin/cc -- works
[2.545s] -- Detecting C compiler ABI info
[3.399s] -- Detecting C compiler ABI info - done
[3.527s] -- Detecting C compile features
[3.532s] -- Detecting C compile features - done
[3.559s] -- Check for working CXX compiler: /usr/bin/c++
[4.511s] -- Check for working CXX compiler: /usr/bin/c++ -- works
[4.522s] -- Detecting CXX compiler ABI info
[5.509s] -- Detecting CXX compiler ABI info - done
[5.629s] -- Detecting CXX compile features
[5.636s] -- Detecting CXX compile features - done
[5.709s] -- Found ament_cmake: 0.9.9 (/opt/ros/foxy/share/ament_cmake/cmake)
[6.129s] -- Found PythonInterp: /usr/bin/python3 (found suitable version "3.8.10", minimum required is "3") 
[6.132s] -- Using PYTHON_EXECUTABLE: /usr/bin/python3
[8.971s] -- Found ament_lint_auto: 0.9.6 (/opt/ros/foxy/share/ament_lint_auto/cmake)
[10.114s] -- Added test 'copyright' to check source files copyright and LICENSE
[10.137s] -- Added test 'lint_cmake' to check CMake code style
[10.152s] -- Added test 'xmllint' to check XML markup files
[10.192s] -- Configuring done
[10.217s] -- Generating done
[10.228s] -- Build files have been written to: /home/ubuntu/test_ros_ws/build/image_common
[10.262s] Invoked command in '/home/ubuntu/test_ros_ws/build/image_common' returned '0': CMAKE_PREFIX_PATH=/home/ubuntu/test_ros_ws/install/camera_info_manager:/home/ubuntu/test_ros_ws/install/image_transport:/home/ubuntu/test_ros_ws/install/camera_calibration_parsers:/home/ubuntu/test_ros_ws/install/vision_opencv:/home/ubuntu/test_ros_ws/install/v4l2_camera:/home/ubuntu/test_ros_ws/install/image_transport_plugins:/home/ubuntu/test_ros_ws/install/theora_image_transport:/home/ubuntu/test_ros_ws/install/image_common:/home/ubuntu/test_ros_ws/install/compressed_image_transport:/home/ubuntu/test_ros_ws/install/compressed_depth_image_transport:/home/ubuntu/test_ros_ws/install/image_geometry:/home/ubuntu/test_ros_ws/install/cv_bridge:/home/ubuntu/robotics-unibs-project/rpi_ros_ws/install/alphabot2_interfaces:/home/ubuntu/test_ros_ws/install/opencv_tests:/home/ubuntu/robotics-unibs-project/rpi_ros_ws/install/alphabot2:/opt/ros/foxy LD_LIBRARY_PATH=/home/ubuntu/test_ros_ws/install/camera_info_manager/lib:/home/ubuntu/test_ros_ws/install/image_transport/lib:/home/ubuntu/test_ros_ws/install/camera_calibration_parsers/lib:/home/ubuntu/test_ros_ws/install/v4l2_camera/lib:/home/ubuntu/test_ros_ws/install/theora_image_transport/lib:/home/ubuntu/test_ros_ws/install/compressed_image_transport/lib:/home/ubuntu/test_ros_ws/install/compressed_depth_image_transport/lib:/home/ubuntu/test_ros_ws/install/image_geometry/lib:/home/ubuntu/test_ros_ws/install/cv_bridge/lib:/home/ubuntu/robotics-unibs-project/rpi_ros_ws/install/alphabot2_interfaces/lib:/opt/ros/foxy/opt/yaml_cpp_vendor/lib:/opt/ros/foxy/lib/aarch64-linux-gnu:/opt/ros/foxy/lib /usr/bin/cmake /home/ubuntu/test_ros_ws/src/image_common/image_common -DCMAKE_INSTALL_PREFIX=/home/ubuntu/test_ros_ws/install/image_common
[10.267s] Invoking command in '/home/ubuntu/test_ros_ws/build/image_common': CMAKE_PREFIX_PATH=/home/ubuntu/test_ros_ws/install/camera_info_manager:/home/ubuntu/test_ros_ws/install/image_transport:/home/ubuntu/test_ros_ws/install/camera_calibration_parsers:/home/ubuntu/test_ros_ws/install/vision_opencv:/home/ubuntu/test_ros_ws/install/v4l2_camera:/home/ubuntu/test_ros_ws/install/image_transport_plugins:/home/ubuntu/test_ros_ws/install/theora_image_transport:/home/ubuntu/test_ros_ws/install/image_common:/home/ubuntu/test_ros_ws/install/compressed_image_transport:/home/ubuntu/test_ros_ws/install/compressed_depth_image_transport:/home/ubuntu/test_ros_ws/install/image_geometry:/home/ubuntu/test_ros_ws/install/cv_bridge:/home/ubuntu/robotics-unibs-project/rpi_ros_ws/install/alphabot2_interfaces:/home/ubuntu/test_ros_ws/install/opencv_tests:/home/ubuntu/robotics-unibs-project/rpi_ros_ws/install/alphabot2:/opt/ros/foxy LD_LIBRARY_PATH=/home/ubuntu/test_ros_ws/install/camera_info_manager/lib:/home/ubuntu/test_ros_ws/install/image_transport/lib:/home/ubuntu/test_ros_ws/install/camera_calibration_parsers/lib:/home/ubuntu/test_ros_ws/install/v4l2_camera/lib:/home/ubuntu/test_ros_ws/install/theora_image_transport/lib:/home/ubuntu/test_ros_ws/install/compressed_image_transport/lib:/home/ubuntu/test_ros_ws/install/compressed_depth_image_transport/lib:/home/ubuntu/test_ros_ws/install/image_geometry/lib:/home/ubuntu/test_ros_ws/install/cv_bridge/lib:/home/ubuntu/robotics-unibs-project/rpi_ros_ws/install/alphabot2_interfaces/lib:/opt/ros/foxy/opt/yaml_cpp_vendor/lib:/opt/ros/foxy/lib/aarch64-linux-gnu:/opt/ros/foxy/lib /usr/bin/cmake --build /home/ubuntu/test_ros_ws/build/image_common -- -j4 -l4
[10.774s] Invoked command in '/home/ubuntu/test_ros_ws/build/image_common' returned '0': CMAKE_PREFIX_PATH=/home/ubuntu/test_ros_ws/install/camera_info_manager:/home/ubuntu/test_ros_ws/install/image_transport:/home/ubuntu/test_ros_ws/install/camera_calibration_parsers:/home/ubuntu/test_ros_ws/install/vision_opencv:/home/ubuntu/test_ros_ws/install/v4l2_camera:/home/ubuntu/test_ros_ws/install/image_transport_plugins:/home/ubuntu/test_ros_ws/install/theora_image_transport:/home/ubuntu/test_ros_ws/install/image_common:/home/ubuntu/test_ros_ws/install/compressed_image_transport:/home/ubuntu/test_ros_ws/install/compressed_depth_image_transport:/home/ubuntu/test_ros_ws/install/image_geometry:/home/ubuntu/test_ros_ws/install/cv_bridge:/home/ubuntu/robotics-unibs-project/rpi_ros_ws/install/alphabot2_interfaces:/home/ubuntu/test_ros_ws/install/opencv_tests:/home/ubuntu/robotics-unibs-project/rpi_ros_ws/install/alphabot2:/opt/ros/foxy LD_LIBRARY_PATH=/home/ubuntu/test_ros_ws/install/camera_info_manager/lib:/home/ubuntu/test_ros_ws/install/image_transport/lib:/home/ubuntu/test_ros_ws/install/camera_calibration_parsers/lib:/home/ubuntu/test_ros_ws/install/v4l2_camera/lib:/home/ubuntu/test_ros_ws/install/theora_image_transport/lib:/home/ubuntu/test_ros_ws/install/compressed_image_transport/lib:/home/ubuntu/test_ros_ws/install/compressed_depth_image_transport/lib:/home/ubuntu/test_ros_ws/install/image_geometry/lib:/home/ubuntu/test_ros_ws/install/cv_bridge/lib:/home/ubuntu/robotics-unibs-project/rpi_ros_ws/install/alphabot2_interfaces/lib:/opt/ros/foxy/opt/yaml_cpp_vendor/lib:/opt/ros/foxy/lib/aarch64-linux-gnu:/opt/ros/foxy/lib /usr/bin/cmake --build /home/ubuntu/test_ros_ws/build/image_common -- -j4 -l4
[11.115s] Invoking command in '/home/ubuntu/test_ros_ws/build/image_common': CMAKE_PREFIX_PATH=/home/ubuntu/test_ros_ws/install/camera_info_manager:/home/ubuntu/test_ros_ws/install/image_transport:/home/ubuntu/test_ros_ws/install/camera_calibration_parsers:/home/ubuntu/test_ros_ws/install/vision_opencv:/home/ubuntu/test_ros_ws/install/v4l2_camera:/home/ubuntu/test_ros_ws/install/image_transport_plugins:/home/ubuntu/test_ros_ws/install/theora_image_transport:/home/ubuntu/test_ros_ws/install/image_common:/home/ubuntu/test_ros_ws/install/compressed_image_transport:/home/ubuntu/test_ros_ws/install/compressed_depth_image_transport:/home/ubuntu/test_ros_ws/install/image_geometry:/home/ubuntu/test_ros_ws/install/cv_bridge:/home/ubuntu/robotics-unibs-project/rpi_ros_ws/install/alphabot2_interfaces:/home/ubuntu/test_ros_ws/install/opencv_tests:/home/ubuntu/robotics-unibs-project/rpi_ros_ws/install/alphabot2:/opt/ros/foxy LD_LIBRARY_PATH=/home/ubuntu/test_ros_ws/install/camera_info_manager/lib:/home/ubuntu/test_ros_ws/install/image_transport/lib:/home/ubuntu/test_ros_ws/install/camera_calibration_parsers/lib:/home/ubuntu/test_ros_ws/install/v4l2_camera/lib:/home/ubuntu/test_ros_ws/install/theora_image_transport/lib:/home/ubuntu/test_ros_ws/install/compressed_image_transport/lib:/home/ubuntu/test_ros_ws/install/compressed_depth_image_transport/lib:/home/ubuntu/test_ros_ws/install/image_geometry/lib:/home/ubuntu/test_ros_ws/install/cv_bridge/lib:/home/ubuntu/robotics-unibs-project/rpi_ros_ws/install/alphabot2_interfaces/lib:/opt/ros/foxy/opt/yaml_cpp_vendor/lib:/opt/ros/foxy/lib/aarch64-linux-gnu:/opt/ros/foxy/lib /usr/bin/cmake --install /home/ubuntu/test_ros_ws/build/image_common
[11.244s] -- Install configuration: ""
[11.248s] -- Installing: /home/ubuntu/test_ros_ws/install/image_common/share/ament_index/resource_index/package_run_dependencies/image_common
[11.254s] -- Installing: /home/ubuntu/test_ros_ws/install/image_common/share/ament_index/resource_index/parent_prefix_path/image_common
[11.259s] -- Installing: /home/ubuntu/test_ros_ws/install/image_common/share/image_common/environment/ament_prefix_path.sh
[11.262s] -- Installing: /home/ubuntu/test_ros_ws/install/image_common/share/image_common/environment/ament_prefix_path.dsv
[11.265s] -- Installing: /home/ubuntu/test_ros_ws/install/image_common/share/image_common/environment/path.sh
[11.268s] -- Installing: /home/ubuntu/test_ros_ws/install/image_common/share/image_common/environment/path.dsv
[11.270s] -- Installing: /home/ubuntu/test_ros_ws/install/image_common/share/image_common/local_setup.bash
[11.273s] -- Installing: /home/ubuntu/test_ros_ws/install/image_common/share/image_common/local_setup.sh
[11.276s] -- Installing: /home/ubuntu/test_ros_ws/install/image_common/share/image_common/local_setup.zsh
[11.278s] -- Installing: /home/ubuntu/test_ros_ws/install/image_common/share/image_common/local_setup.dsv
[11.281s] -- Installing: /home/ubuntu/test_ros_ws/install/image_common/share/image_common/package.dsv
[11.285s] -- Installing: /home/ubuntu/test_ros_ws/install/image_common/share/ament_index/resource_index/packages/image_common
[11.290s] -- Installing: /home/ubuntu/test_ros_ws/install/image_common/share/image_common/cmake/image_commonConfig.cmake
[11.292s] -- Installing: /home/ubuntu/test_ros_ws/install/image_common/share/image_common/cmake/image_commonConfig-version.cmake
[11.294s] -- Installing: /home/ubuntu/test_ros_ws/install/image_common/share/image_common/package.xml
[11.309s] Invoked command in '/home/ubuntu/test_ros_ws/build/image_common' returned '0': CMAKE_PREFIX_PATH=/home/ubuntu/test_ros_ws/install/camera_info_manager:/home/ubuntu/test_ros_ws/install/image_transport:/home/ubuntu/test_ros_ws/install/camera_calibration_parsers:/home/ubuntu/test_ros_ws/install/vision_opencv:/home/ubuntu/test_ros_ws/install/v4l2_camera:/home/ubuntu/test_ros_ws/install/image_transport_plugins:/home/ubuntu/test_ros_ws/install/theora_image_transport:/home/ubuntu/test_ros_ws/install/image_common:/home/ubuntu/test_ros_ws/install/compressed_image_transport:/home/ubuntu/test_ros_ws/install/compressed_depth_image_transport:/home/ubuntu/test_ros_ws/install/image_geometry:/home/ubuntu/test_ros_ws/install/cv_bridge:/home/ubuntu/robotics-unibs-project/rpi_ros_ws/install/alphabot2_interfaces:/home/ubuntu/test_ros_ws/install/opencv_tests:/home/ubuntu/robotics-unibs-project/rpi_ros_ws/install/alphabot2:/opt/ros/foxy LD_LIBRARY_PATH=/home/ubuntu/test_ros_ws/install/camera_info_manager/lib:/home/ubuntu/test_ros_ws/install/image_transport/lib:/home/ubuntu/test_ros_ws/install/camera_calibration_parsers/lib:/home/ubuntu/test_ros_ws/install/v4l2_camera/lib:/home/ubuntu/test_ros_ws/install/theora_image_transport/lib:/home/ubuntu/test_ros_ws/install/compressed_image_transport/lib:/home/ubuntu/test_ros_ws/install/compressed_depth_image_transport/lib:/home/ubuntu/test_ros_ws/install/image_geometry/lib:/home/ubuntu/test_ros_ws/install/cv_bridge/lib:/home/ubuntu/robotics-unibs-project/rpi_ros_ws/install/alphabot2_interfaces/lib:/opt/ros/foxy/opt/yaml_cpp_vendor/lib:/opt/ros/foxy/lib/aarch64-linux-gnu:/opt/ros/foxy/lib /usr/bin/cmake --install /home/ubuntu/test_ros_ws/build/image_common
