[0.331s] Invoking command in '/home/ubuntu/test_ros_ws/build/compressed_depth_image_transport': CMAKE_PREFIX_PATH=/home/ubuntu/test_ros_ws/install/image_transport:/home/ubuntu/test_ros_ws/install/cv_bridge:/home/ubuntu/test_ros_ws/install/vision_opencv:/home/ubuntu/test_ros_ws/install/v4l2_camera:/home/ubuntu/test_ros_ws/install/image_transport_plugins:/home/ubuntu/test_ros_ws/install/theora_image_transport:/home/ubuntu/test_ros_ws/install/image_common:/home/ubuntu/test_ros_ws/install/compressed_image_transport:/home/ubuntu/test_ros_ws/install/compressed_depth_image_transport:/home/ubuntu/test_ros_ws/install/image_geometry:/home/ubuntu/test_ros_ws/install/camera_info_manager:/home/ubuntu/test_ros_ws/install/camera_calibration_parsers:/home/ubuntu/robotics-unibs-project/rpi_ros_ws/install/alphabot2_interfaces:/home/ubuntu/test_ros_ws/install/opencv_tests:/home/ubuntu/robotics-unibs-project/rpi_ros_ws/install/alphabot2:/opt/ros/foxy LD_LIBRARY_PATH=/home/ubuntu/test_ros_ws/install/image_transport/lib:/home/ubuntu/test_ros_ws/install/cv_bridge/lib:/home/ubuntu/test_ros_ws/install/v4l2_camera/lib:/home/ubuntu/test_ros_ws/install/theora_image_transport/lib:/home/ubuntu/test_ros_ws/install/compressed_image_transport/lib:/home/ubuntu/test_ros_ws/install/compressed_depth_image_transport/lib:/home/ubuntu/test_ros_ws/install/image_geometry/lib:/home/ubuntu/test_ros_ws/install/camera_info_manager/lib:/home/ubuntu/test_ros_ws/install/camera_calibration_parsers/lib:/home/ubuntu/robotics-unibs-project/rpi_ros_ws/install/alphabot2_interfaces/lib:/opt/ros/foxy/opt/yaml_cpp_vendor/lib:/opt/ros/foxy/lib/aarch64-linux-gnu:/opt/ros/foxy/lib PYTHONPATH=/home/ubuntu/test_ros_ws/install/cv_bridge/lib/python3.8/site-packages:/home/ubuntu/test_ros_ws/install/theora_image_transport/lib/python3.8/site-packages:/home/ubuntu/test_ros_ws/install/opencv_tests/lib/python3.8/site-packages:/home/ubuntu/test_ros_ws/install/image_geometry/lib/python3.8/site-packages:/home/ubuntu/robotics-unibs-project/rpi_ros_ws/install/alphabot2/lib/python3.8/site-packages:/home/ubuntu/robotics-unibs-project/rpi_ros_ws/install/alphabot2_interfaces/lib/python3.8/site-packages:/opt/ros/foxy/lib/python3.8/site-packages /usr/bin/cmake /home/ubuntu/test_ros_ws/src/image_transport_plugins/compressed_depth_image_transport -DCMAKE_INSTALL_PREFIX=/home/ubuntu/test_ros_ws/install/compressed_depth_image_transport
[1.038s] -- The C compiler identification is GNU 9.3.0
[1.711s] -- The CXX compiler identification is GNU 9.3.0
[1.779s] -- Check for working C compiler: /usr/bin/cc
[2.633s] -- Check for working C compiler: /usr/bin/cc -- works
[2.642s] -- Detecting C compiler ABI info
[3.506s] -- Detecting C compiler ABI info - done
[3.629s] -- Detecting C compile features
[3.633s] -- Detecting C compile features - done
[3.658s] -- Check for working CXX compiler: /usr/bin/c++
[4.594s] -- Check for working CXX compiler: /usr/bin/c++ -- works
[4.609s] -- Detecting CXX compiler ABI info
[5.571s] -- Detecting CXX compiler ABI info - done
[5.708s] -- Detecting CXX compile features
[5.713s] -- Detecting CXX compile features - done
[5.784s] -- Found ament_cmake: 0.9.9 (/opt/ros/foxy/share/ament_cmake/cmake)
[6.153s] -- Found PythonInterp: /usr/bin/python3 (found suitable version "3.8.10", minimum required is "3") 
[6.157s] -- Using PYTHON_EXECUTABLE: /usr/bin/python3
[8.966s] -- Found image_transport: 3.1.2 (/home/ubuntu/test_ros_ws/install/image_transport/share/image_transport/cmake)
[10.029s] -- Using all available rosidl_typesupport_c: rosidl_typesupport_fastrtps_c;rosidl_typesupport_introspection_c
[10.212s] -- Found rosidl_adapter: 1.2.1 (/opt/ros/foxy/share/rosidl_adapter/cmake)
[11.435s] -- Found OpenSSL: /usr/lib/aarch64-linux-gnu/libcrypto.so (found version "1.1.1f")  
[11.873s] -- Found FastRTPS: /opt/ros/foxy/include  
[13.159s] -- Using all available rosidl_typesupport_cpp: rosidl_typesupport_fastrtps_cpp;rosidl_typesupport_introspection_cpp
[14.045s] -- Found rmw_implementation_cmake: 1.0.3 (/opt/ros/foxy/share/rmw_implementation_cmake/cmake)
[14.068s] -- Using RMW implementation 'rmw_fastrtps_cpp' as default
[14.078s] -- Looking for pthread.h
[14.984s] -- Looking for pthread.h - found
[14.990s] -- Performing Test CMAKE_HAVE_LIBC_PTHREAD
[15.911s] -- Performing Test CMAKE_HAVE_LIBC_PTHREAD - Failed
[15.915s] -- Looking for pthread_create in pthreads
[16.668s] -- Looking for pthread_create in pthreads - not found
[16.672s] -- Looking for pthread_create in pthread
[17.564s] -- Looking for pthread_create in pthread - found
[17.575s] -- Found Threads: TRUE  
[21.690s] -- Found cv_bridge: 2.2.1 (/home/ubuntu/test_ros_ws/install/cv_bridge/share/cv_bridge/cmake)
[22.072s] -- Found OpenCV: /usr (found version "4.2.0") 
[22.879s] -- Configuring done
[23.148s] -- Generating done
[23.169s] -- Build files have been written to: /home/ubuntu/test_ros_ws/build/compressed_depth_image_transport
[23.241s] Invoked command in '/home/ubuntu/test_ros_ws/build/compressed_depth_image_transport' returned '0': CMAKE_PREFIX_PATH=/home/ubuntu/test_ros_ws/install/image_transport:/home/ubuntu/test_ros_ws/install/cv_bridge:/home/ubuntu/test_ros_ws/install/vision_opencv:/home/ubuntu/test_ros_ws/install/v4l2_camera:/home/ubuntu/test_ros_ws/install/image_transport_plugins:/home/ubuntu/test_ros_ws/install/theora_image_transport:/home/ubuntu/test_ros_ws/install/image_common:/home/ubuntu/test_ros_ws/install/compressed_image_transport:/home/ubuntu/test_ros_ws/install/compressed_depth_image_transport:/home/ubuntu/test_ros_ws/install/image_geometry:/home/ubuntu/test_ros_ws/install/camera_info_manager:/home/ubuntu/test_ros_ws/install/camera_calibration_parsers:/home/ubuntu/robotics-unibs-project/rpi_ros_ws/install/alphabot2_interfaces:/home/ubuntu/test_ros_ws/install/opencv_tests:/home/ubuntu/robotics-unibs-project/rpi_ros_ws/install/alphabot2:/opt/ros/foxy LD_LIBRARY_PATH=/home/ubuntu/test_ros_ws/install/image_transport/lib:/home/ubuntu/test_ros_ws/install/cv_bridge/lib:/home/ubuntu/test_ros_ws/install/v4l2_camera/lib:/home/ubuntu/test_ros_ws/install/theora_image_transport/lib:/home/ubuntu/test_ros_ws/install/compressed_image_transport/lib:/home/ubuntu/test_ros_ws/install/compressed_depth_image_transport/lib:/home/ubuntu/test_ros_ws/install/image_geometry/lib:/home/ubuntu/test_ros_ws/install/camera_info_manager/lib:/home/ubuntu/test_ros_ws/install/camera_calibration_parsers/lib:/home/ubuntu/robotics-unibs-project/rpi_ros_ws/install/alphabot2_interfaces/lib:/opt/ros/foxy/opt/yaml_cpp_vendor/lib:/opt/ros/foxy/lib/aarch64-linux-gnu:/opt/ros/foxy/lib PYTHONPATH=/home/ubuntu/test_ros_ws/install/cv_bridge/lib/python3.8/site-packages:/home/ubuntu/test_ros_ws/install/theora_image_transport/lib/python3.8/site-packages:/home/ubuntu/test_ros_ws/install/opencv_tests/lib/python3.8/site-packages:/home/ubuntu/test_ros_ws/install/image_geometry/lib/python3.8/site-packages:/home/ubuntu/robotics-unibs-project/rpi_ros_ws/install/alphabot2/lib/python3.8/site-packages:/home/ubuntu/robotics-unibs-project/rpi_ros_ws/install/alphabot2_interfaces/lib/python3.8/site-packages:/opt/ros/foxy/lib/python3.8/site-packages /usr/bin/cmake /home/ubuntu/test_ros_ws/src/image_transport_plugins/compressed_depth_image_transport -DCMAKE_INSTALL_PREFIX=/home/ubuntu/test_ros_ws/install/compressed_depth_image_transport
[23.245s] Invoking command in '/home/ubuntu/test_ros_ws/build/compressed_depth_image_transport': CMAKE_PREFIX_PATH=/home/ubuntu/test_ros_ws/install/image_transport:/home/ubuntu/test_ros_ws/install/cv_bridge:/home/ubuntu/test_ros_ws/install/vision_opencv:/home/ubuntu/test_ros_ws/install/v4l2_camera:/home/ubuntu/test_ros_ws/install/image_transport_plugins:/home/ubuntu/test_ros_ws/install/theora_image_transport:/home/ubuntu/test_ros_ws/install/image_common:/home/ubuntu/test_ros_ws/install/compressed_image_transport:/home/ubuntu/test_ros_ws/install/compressed_depth_image_transport:/home/ubuntu/test_ros_ws/install/image_geometry:/home/ubuntu/test_ros_ws/install/camera_info_manager:/home/ubuntu/test_ros_ws/install/camera_calibration_parsers:/home/ubuntu/robotics-unibs-project/rpi_ros_ws/install/alphabot2_interfaces:/home/ubuntu/test_ros_ws/install/opencv_tests:/home/ubuntu/robotics-unibs-project/rpi_ros_ws/install/alphabot2:/opt/ros/foxy LD_LIBRARY_PATH=/home/ubuntu/test_ros_ws/install/image_transport/lib:/home/ubuntu/test_ros_ws/install/cv_bridge/lib:/home/ubuntu/test_ros_ws/install/v4l2_camera/lib:/home/ubuntu/test_ros_ws/install/theora_image_transport/lib:/home/ubuntu/test_ros_ws/install/compressed_image_transport/lib:/home/ubuntu/test_ros_ws/install/compressed_depth_image_transport/lib:/home/ubuntu/test_ros_ws/install/image_geometry/lib:/home/ubuntu/test_ros_ws/install/camera_info_manager/lib:/home/ubuntu/test_ros_ws/install/camera_calibration_parsers/lib:/home/ubuntu/robotics-unibs-project/rpi_ros_ws/install/alphabot2_interfaces/lib:/opt/ros/foxy/opt/yaml_cpp_vendor/lib:/opt/ros/foxy/lib/aarch64-linux-gnu:/opt/ros/foxy/lib PYTHONPATH=/home/ubuntu/test_ros_ws/install/cv_bridge/lib/python3.8/site-packages:/home/ubuntu/test_ros_ws/install/theora_image_transport/lib/python3.8/site-packages:/home/ubuntu/test_ros_ws/install/opencv_tests/lib/python3.8/site-packages:/home/ubuntu/test_ros_ws/install/image_geometry/lib/python3.8/site-packages:/home/ubuntu/robotics-unibs-project/rpi_ros_ws/install/alphabot2/lib/python3.8/site-packages:/home/ubuntu/robotics-unibs-project/rpi_ros_ws/install/alphabot2_interfaces/lib/python3.8/site-packages:/opt/ros/foxy/lib/python3.8/site-packages /usr/bin/cmake --build /home/ubuntu/test_ros_ws/build/compressed_depth_image_transport -- -j4 -l4
[23.807s] [35m[1mScanning dependencies of target compressed_depth_image_transport[0m
[24.831s] [ 20%] [32mBuilding CXX object CMakeFiles/compressed_depth_image_transport.dir/src/compressed_depth_subscriber.cpp.o[0m
[24.839s] [ 40%] [32mBuilding CXX object CMakeFiles/compressed_depth_image_transport.dir/src/compressed_depth_publisher.cpp.o[0m
[109.531s] [ 60%] [32mBuilding CXX object CMakeFiles/compressed_depth_image_transport.dir/src/codec.cpp.o[0m
[127.796s] [ 80%] [32mBuilding CXX object CMakeFiles/compressed_depth_image_transport.dir/src/manifest.cpp.o[0m
[175.894s] [100%] [32m[1mLinking CXX shared library libcompressed_depth_image_transport.so[0m
[180.751s] [100%] Built target compressed_depth_image_transport
[180.882s] Invoked command in '/home/ubuntu/test_ros_ws/build/compressed_depth_image_transport' returned '0': CMAKE_PREFIX_PATH=/home/ubuntu/test_ros_ws/install/image_transport:/home/ubuntu/test_ros_ws/install/cv_bridge:/home/ubuntu/test_ros_ws/install/vision_opencv:/home/ubuntu/test_ros_ws/install/v4l2_camera:/home/ubuntu/test_ros_ws/install/image_transport_plugins:/home/ubuntu/test_ros_ws/install/theora_image_transport:/home/ubuntu/test_ros_ws/install/image_common:/home/ubuntu/test_ros_ws/install/compressed_image_transport:/home/ubuntu/test_ros_ws/install/compressed_depth_image_transport:/home/ubuntu/test_ros_ws/install/image_geometry:/home/ubuntu/test_ros_ws/install/camera_info_manager:/home/ubuntu/test_ros_ws/install/camera_calibration_parsers:/home/ubuntu/robotics-unibs-project/rpi_ros_ws/install/alphabot2_interfaces:/home/ubuntu/test_ros_ws/install/opencv_tests:/home/ubuntu/robotics-unibs-project/rpi_ros_ws/install/alphabot2:/opt/ros/foxy LD_LIBRARY_PATH=/home/ubuntu/test_ros_ws/install/image_transport/lib:/home/ubuntu/test_ros_ws/install/cv_bridge/lib:/home/ubuntu/test_ros_ws/install/v4l2_camera/lib:/home/ubuntu/test_ros_ws/install/theora_image_transport/lib:/home/ubuntu/test_ros_ws/install/compressed_image_transport/lib:/home/ubuntu/test_ros_ws/install/compressed_depth_image_transport/lib:/home/ubuntu/test_ros_ws/install/image_geometry/lib:/home/ubuntu/test_ros_ws/install/camera_info_manager/lib:/home/ubuntu/test_ros_ws/install/camera_calibration_parsers/lib:/home/ubuntu/robotics-unibs-project/rpi_ros_ws/install/alphabot2_interfaces/lib:/opt/ros/foxy/opt/yaml_cpp_vendor/lib:/opt/ros/foxy/lib/aarch64-linux-gnu:/opt/ros/foxy/lib PYTHONPATH=/home/ubuntu/test_ros_ws/install/cv_bridge/lib/python3.8/site-packages:/home/ubuntu/test_ros_ws/install/theora_image_transport/lib/python3.8/site-packages:/home/ubuntu/test_ros_ws/install/opencv_tests/lib/python3.8/site-packages:/home/ubuntu/test_ros_ws/install/image_geometry/lib/python3.8/site-packages:/home/ubuntu/robotics-unibs-project/rpi_ros_ws/install/alphabot2/lib/python3.8/site-packages:/home/ubuntu/robotics-unibs-project/rpi_ros_ws/install/alphabot2_interfaces/lib/python3.8/site-packages:/opt/ros/foxy/lib/python3.8/site-packages /usr/bin/cmake --build /home/ubuntu/test_ros_ws/build/compressed_depth_image_transport -- -j4 -l4
[181.411s] Invoking command in '/home/ubuntu/test_ros_ws/build/compressed_depth_image_transport': CMAKE_PREFIX_PATH=/home/ubuntu/test_ros_ws/install/image_transport:/home/ubuntu/test_ros_ws/install/cv_bridge:/home/ubuntu/test_ros_ws/install/vision_opencv:/home/ubuntu/test_ros_ws/install/v4l2_camera:/home/ubuntu/test_ros_ws/install/image_transport_plugins:/home/ubuntu/test_ros_ws/install/theora_image_transport:/home/ubuntu/test_ros_ws/install/image_common:/home/ubuntu/test_ros_ws/install/compressed_image_transport:/home/ubuntu/test_ros_ws/install/compressed_depth_image_transport:/home/ubuntu/test_ros_ws/install/image_geometry:/home/ubuntu/test_ros_ws/install/camera_info_manager:/home/ubuntu/test_ros_ws/install/camera_calibration_parsers:/home/ubuntu/robotics-unibs-project/rpi_ros_ws/install/alphabot2_interfaces:/home/ubuntu/test_ros_ws/install/opencv_tests:/home/ubuntu/robotics-unibs-project/rpi_ros_ws/install/alphabot2:/opt/ros/foxy LD_LIBRARY_PATH=/home/ubuntu/test_ros_ws/install/image_transport/lib:/home/ubuntu/test_ros_ws/install/cv_bridge/lib:/home/ubuntu/test_ros_ws/install/v4l2_camera/lib:/home/ubuntu/test_ros_ws/install/theora_image_transport/lib:/home/ubuntu/test_ros_ws/install/compressed_image_transport/lib:/home/ubuntu/test_ros_ws/install/compressed_depth_image_transport/lib:/home/ubuntu/test_ros_ws/install/image_geometry/lib:/home/ubuntu/test_ros_ws/install/camera_info_manager/lib:/home/ubuntu/test_ros_ws/install/camera_calibration_parsers/lib:/home/ubuntu/robotics-unibs-project/rpi_ros_ws/install/alphabot2_interfaces/lib:/opt/ros/foxy/opt/yaml_cpp_vendor/lib:/opt/ros/foxy/lib/aarch64-linux-gnu:/opt/ros/foxy/lib PYTHONPATH=/home/ubuntu/test_ros_ws/install/cv_bridge/lib/python3.8/site-packages:/home/ubuntu/test_ros_ws/install/theora_image_transport/lib/python3.8/site-packages:/home/ubuntu/test_ros_ws/install/opencv_tests/lib/python3.8/site-packages:/home/ubuntu/test_ros_ws/install/image_geometry/lib/python3.8/site-packages:/home/ubuntu/robotics-unibs-project/rpi_ros_ws/install/alphabot2/lib/python3.8/site-packages:/home/ubuntu/robotics-unibs-project/rpi_ros_ws/install/alphabot2_interfaces/lib/python3.8/site-packages:/opt/ros/foxy/lib/python3.8/site-packages /usr/bin/cmake --install /home/ubuntu/test_ros_ws/build/compressed_depth_image_transport
[181.536s] -- Install configuration: ""
[181.539s] -- Installing: /home/ubuntu/test_ros_ws/install/compressed_depth_image_transport/lib/libcompressed_depth_image_transport.so
[181.603s] -- Set runtime path of "/home/ubuntu/test_ros_ws/install/compressed_depth_image_transport/lib/libcompressed_depth_image_transport.so" to ""
[181.604s] -- Installing: /home/ubuntu/test_ros_ws/install/compressed_depth_image_transport/include
[181.606s] -- Installing: /home/ubuntu/test_ros_ws/install/compressed_depth_image_transport/include/compressed_depth_image_transport
[181.607s] -- Installing: /home/ubuntu/test_ros_ws/install/compressed_depth_image_transport/include/compressed_depth_image_transport/compressed_depth_subscriber.h
[181.609s] -- Installing: /home/ubuntu/test_ros_ws/install/compressed_depth_image_transport/include/compressed_depth_image_transport/compressed_depth_publisher.h
[181.612s] -- Installing: /home/ubuntu/test_ros_ws/install/compressed_depth_image_transport/include/compressed_depth_image_transport/compression_common.h
[181.615s] -- Installing: /home/ubuntu/test_ros_ws/install/compressed_depth_image_transport/include/compressed_depth_image_transport/codec.h
[181.619s] -- Installing: /home/ubuntu/test_ros_ws/install/compressed_depth_image_transport/share/compressed_depth_image_transport/compressed_depth_plugins.xml
[181.624s] -- Installing: /home/ubuntu/test_ros_ws/install/compressed_depth_image_transport/share/ament_index/resource_index/package_run_dependencies/compressed_depth_image_transport
[181.629s] -- Installing: /home/ubuntu/test_ros_ws/install/compressed_depth_image_transport/share/ament_index/resource_index/parent_prefix_path/compressed_depth_image_transport
[181.634s] -- Installing: /home/ubuntu/test_ros_ws/install/compressed_depth_image_transport/share/compressed_depth_image_transport/environment/ament_prefix_path.sh
[181.637s] -- Installing: /home/ubuntu/test_ros_ws/install/compressed_depth_image_transport/share/compressed_depth_image_transport/environment/ament_prefix_path.dsv
[181.640s] -- Installing: /home/ubuntu/test_ros_ws/install/compressed_depth_image_transport/share/compressed_depth_image_transport/environment/path.sh
[181.644s] -- Installing: /home/ubuntu/test_ros_ws/install/compressed_depth_image_transport/share/compressed_depth_image_transport/environment/path.dsv
[181.647s] -- Installing: /home/ubuntu/test_ros_ws/install/compressed_depth_image_transport/share/compressed_depth_image_transport/local_setup.bash
[181.650s] -- Installing: /home/ubuntu/test_ros_ws/install/compressed_depth_image_transport/share/compressed_depth_image_transport/local_setup.sh
[181.653s] -- Installing: /home/ubuntu/test_ros_ws/install/compressed_depth_image_transport/share/compressed_depth_image_transport/local_setup.zsh
[181.657s] -- Installing: /home/ubuntu/test_ros_ws/install/compressed_depth_image_transport/share/compressed_depth_image_transport/local_setup.dsv
[181.660s] -- Installing: /home/ubuntu/test_ros_ws/install/compressed_depth_image_transport/share/compressed_depth_image_transport/package.dsv
[181.664s] -- Installing: /home/ubuntu/test_ros_ws/install/compressed_depth_image_transport/share/ament_index/resource_index/packages/compressed_depth_image_transport
[181.669s] -- Installing: /home/ubuntu/test_ros_ws/install/compressed_depth_image_transport/share/ament_index/resource_index/image_transport__pluginlib__plugin/compressed_depth_image_transport
[181.673s] -- Installing: /home/ubuntu/test_ros_ws/install/compressed_depth_image_transport/share/compressed_depth_image_transport/cmake/compressed_depth_image_transportConfig.cmake
[181.676s] -- Installing: /home/ubuntu/test_ros_ws/install/compressed_depth_image_transport/share/compressed_depth_image_transport/cmake/compressed_depth_image_transportConfig-version.cmake
[181.680s] -- Installing: /home/ubuntu/test_ros_ws/install/compressed_depth_image_transport/share/compressed_depth_image_transport/package.xml
[181.706s] Invoked command in '/home/ubuntu/test_ros_ws/build/compressed_depth_image_transport' returned '0': CMAKE_PREFIX_PATH=/home/ubuntu/test_ros_ws/install/image_transport:/home/ubuntu/test_ros_ws/install/cv_bridge:/home/ubuntu/test_ros_ws/install/vision_opencv:/home/ubuntu/test_ros_ws/install/v4l2_camera:/home/ubuntu/test_ros_ws/install/image_transport_plugins:/home/ubuntu/test_ros_ws/install/theora_image_transport:/home/ubuntu/test_ros_ws/install/image_common:/home/ubuntu/test_ros_ws/install/compressed_image_transport:/home/ubuntu/test_ros_ws/install/compressed_depth_image_transport:/home/ubuntu/test_ros_ws/install/image_geometry:/home/ubuntu/test_ros_ws/install/camera_info_manager:/home/ubuntu/test_ros_ws/install/camera_calibration_parsers:/home/ubuntu/robotics-unibs-project/rpi_ros_ws/install/alphabot2_interfaces:/home/ubuntu/test_ros_ws/install/opencv_tests:/home/ubuntu/robotics-unibs-project/rpi_ros_ws/install/alphabot2:/opt/ros/foxy LD_LIBRARY_PATH=/home/ubuntu/test_ros_ws/install/image_transport/lib:/home/ubuntu/test_ros_ws/install/cv_bridge/lib:/home/ubuntu/test_ros_ws/install/v4l2_camera/lib:/home/ubuntu/test_ros_ws/install/theora_image_transport/lib:/home/ubuntu/test_ros_ws/install/compressed_image_transport/lib:/home/ubuntu/test_ros_ws/install/compressed_depth_image_transport/lib:/home/ubuntu/test_ros_ws/install/image_geometry/lib:/home/ubuntu/test_ros_ws/install/camera_info_manager/lib:/home/ubuntu/test_ros_ws/install/camera_calibration_parsers/lib:/home/ubuntu/robotics-unibs-project/rpi_ros_ws/install/alphabot2_interfaces/lib:/opt/ros/foxy/opt/yaml_cpp_vendor/lib:/opt/ros/foxy/lib/aarch64-linux-gnu:/opt/ros/foxy/lib PYTHONPATH=/home/ubuntu/test_ros_ws/install/cv_bridge/lib/python3.8/site-packages:/home/ubuntu/test_ros_ws/install/theora_image_transport/lib/python3.8/site-packages:/home/ubuntu/test_ros_ws/install/opencv_tests/lib/python3.8/site-packages:/home/ubuntu/test_ros_ws/install/image_geometry/lib/python3.8/site-packages:/home/ubuntu/robotics-unibs-project/rpi_ros_ws/install/alphabot2/lib/python3.8/site-packages:/home/ubuntu/robotics-unibs-project/rpi_ros_ws/install/alphabot2_interfaces/lib/python3.8/site-packages:/opt/ros/foxy/lib/python3.8/site-packages /usr/bin/cmake --install /home/ubuntu/test_ros_ws/build/compressed_depth_image_transport
