[0.299s] Invoking command in '/home/ubuntu/test_ros_ws/build/cv_bridge': CMAKE_PREFIX_PATH=${CMAKE_PREFIX_PATH}:/home/ubuntu/test_ros_ws/install/opencv_tests:/home/ubuntu/robotics-unibs-project/rpi_ros_ws/install/alphabot2:/opt/ros/foxy /usr/bin/cmake /home/ubuntu/test_ros_ws/src/vision_opencv/cv_bridge -DCMAKE_INSTALL_PREFIX=/home/ubuntu/test_ros_ws/install/cv_bridge
[0.969s] -- The C compiler identification is GNU 9.3.0
[1.615s] -- The CXX compiler identification is GNU 9.3.0
[1.696s] -- Check for working C compiler: /usr/bin/cc
[2.503s] -- Check for working C compiler: /usr/bin/cc -- works
[2.514s] -- Detecting C compiler ABI info
[3.314s] -- Detecting C compiler ABI info - done
[3.438s] -- Detecting C compile features
[3.441s] -- Detecting C compile features - done
[3.470s] -- Check for working CXX compiler: /usr/bin/c++
[4.341s] -- Check for working CXX compiler: /usr/bin/c++ -- works
[4.362s] -- Detecting CXX compiler ABI info
[5.285s] -- Detecting CXX compiler ABI info - done
[5.425s] -- Detecting CXX compile features
[5.432s] -- Detecting CXX compile features - done
[5.478s] -- Found ament_cmake_ros: 0.9.2 (/opt/ros/foxy/share/ament_cmake_ros/cmake)
[5.932s] -- Found PythonInterp: /usr/bin/python3 (found suitable version "3.8.10", minimum required is "3") 
[5.933s] -- Using PYTHON_EXECUTABLE: /usr/bin/python3
[8.716s] -- Found PythonLibs: /usr/lib/aarch64-linux-gnu/libpython3.8.so (found version "3.8.10") 
[8.900s] -- Found Boost: /usr/lib/aarch64-linux-gnu/cmake/Boost-1.71.0/BoostConfig.cmake (found version "1.71.0") found components: python 
[8.943s] -- Found sensor_msgs: 2.0.4 (/opt/ros/foxy/share/sensor_msgs/cmake)
[9.335s] -- Using all available rosidl_typesupport_c: rosidl_typesupport_fastrtps_c;rosidl_typesupport_introspection_c
[9.469s] -- Found rosidl_adapter: 1.2.1 (/opt/ros/foxy/share/rosidl_adapter/cmake)
[10.548s] -- Found OpenSSL: /usr/lib/aarch64-linux-gnu/libcrypto.so (found version "1.1.1f")  
[10.971s] -- Found FastRTPS: /opt/ros/foxy/include  
[12.101s] -- Using all available rosidl_typesupport_cpp: rosidl_typesupport_fastrtps_cpp;rosidl_typesupport_introspection_cpp
[14.486s] -- Performing Test COMPILER_HAS_HIDDEN_VISIBILITY
[15.374s] -- Performing Test COMPILER_HAS_HIDDEN_VISIBILITY - Success
[15.383s] -- Performing Test COMPILER_HAS_HIDDEN_INLINE_VISIBILITY
[16.260s] -- Performing Test COMPILER_HAS_HIDDEN_INLINE_VISIBILITY - Success
[16.265s] -- Performing Test COMPILER_HAS_DEPRECATED_ATTR
[17.152s] -- Performing Test COMPILER_HAS_DEPRECATED_ATTR - Success
[29.686s] -- Found Python3: /usr/lib/aarch64-linux-gnu/libpython3.8.so (found version "3.8.10") found components: Development NumPy Interpreter 
[29.848s] -- Found ament_lint_auto: 0.9.6 (/opt/ros/foxy/share/ament_lint_auto/cmake)
[34.118s] -- Found gtest sources under '/opt/ros/foxy/src/gtest_vendor': C++ tests using 'Google Test' will be built
[34.202s] -- Looking for pthread.h
[37.191s] -- Looking for pthread.h - found
[37.194s] -- Performing Test CMAKE_HAVE_LIBC_PTHREAD
[40.313s] -- Performing Test CMAKE_HAVE_LIBC_PTHREAD - Failed
[40.331s] -- Check if compiler accepts -pthread
[43.344s] -- Check if compiler accepts -pthread - yes
[43.375s] -- Found Threads: TRUE  
[86.558s] -- Configuring done
[87.070s] -- Generating done
[87.136s] -- Build files have been written to: /home/ubuntu/test_ros_ws/build/cv_bridge
[87.323s] Invoked command in '/home/ubuntu/test_ros_ws/build/cv_bridge' returned '0': CMAKE_PREFIX_PATH=${CMAKE_PREFIX_PATH}:/home/ubuntu/test_ros_ws/install/opencv_tests:/home/ubuntu/robotics-unibs-project/rpi_ros_ws/install/alphabot2:/opt/ros/foxy /usr/bin/cmake /home/ubuntu/test_ros_ws/src/vision_opencv/cv_bridge -DCMAKE_INSTALL_PREFIX=/home/ubuntu/test_ros_ws/install/cv_bridge
[87.339s] Invoking command in '/home/ubuntu/test_ros_ws/build/cv_bridge': CMAKE_PREFIX_PATH=${CMAKE_PREFIX_PATH}:/home/ubuntu/test_ros_ws/install/opencv_tests:/home/ubuntu/robotics-unibs-project/rpi_ros_ws/install/alphabot2:/opt/ros/foxy /usr/bin/cmake --build /home/ubuntu/test_ros_ws/build/cv_bridge -- -j4 -l4
[88.519s] [35m[1mScanning dependencies of target cv_bridge[0m
[89.370s] [  6%] [32mBuilding CXX object src/CMakeFiles/cv_bridge.dir/cv_bridge.cpp.o[0m
[144.020s] [ 12%] [32mBuilding CXX object src/CMakeFiles/cv_bridge.dir/rgb_colors.cpp.o[0m
[170.317s] [ 18%] [32m[1mLinking CXX shared library libcv_bridge.so[0m
[171.935s] [ 18%] Built target cv_bridge
[172.064s] [35m[1mScanning dependencies of target gtest_main[0m
[172.244s] [ 25%] [32mBuilding CXX object gtest/CMakeFiles/gtest_main.dir/src/gtest_main.cc.o[0m
[180.439s] [ 31%] [32m[1mLinking CXX static library libgtest_main.a[0m
[180.816s] [ 31%] Built target gtest_main
[180.937s] [35m[1mScanning dependencies of target cv_bridge_boost[0m
[181.527s] [ 37%] [32mBuilding CXX object src/CMakeFiles/cv_bridge_boost.dir/module.cpp.o[0m
[181.552s] [ 43%] [32mBuilding CXX object src/CMakeFiles/cv_bridge_boost.dir/module_opencv3.cpp.o[0m
[216.920s] [ 50%] [32m[1mLinking CXX shared module boost/cv_bridge_boost.so[0m
[217.996s] [ 50%] Built target cv_bridge_boost
[218.120s] [35m[1mScanning dependencies of target gtest[0m
[218.325s] [ 56%] [32mBuilding CXX object gtest/CMakeFiles/gtest.dir/src/gtest-all.cc.o[0m
[250.827s] [ 62%] [32m[1mLinking CXX static library libgtest.a[0m
[251.479s] [ 62%] Built target gtest
[251.609s] [35m[1mScanning dependencies of target cv_bridge-utest[0m
[252.268s] [ 68%] [32mBuilding CXX object test/CMakeFiles/cv_bridge-utest.dir/test_compression.cpp.o[0m
[252.274s] [ 75%] [32mBuilding CXX object test/CMakeFiles/cv_bridge-utest.dir/test_endian.cpp.o[0m
[252.328s] [ 81%] [32mBuilding CXX object test/CMakeFiles/cv_bridge-utest.dir/utest.cpp.o[0m
[252.343s] [ 87%] [32mBuilding CXX object test/CMakeFiles/cv_bridge-utest.dir/utest2.cpp.o[0m
[287.842s] [ 93%] [32mBuilding CXX object test/CMakeFiles/cv_bridge-utest.dir/test_rgb_colors.cpp.o[0m
[325.487s] [100%] [32m[1mLinking CXX executable cv_bridge-utest[0m
[329.343s] [100%] Built target cv_bridge-utest
[329.470s] Invoked command in '/home/ubuntu/test_ros_ws/build/cv_bridge' returned '0': CMAKE_PREFIX_PATH=${CMAKE_PREFIX_PATH}:/home/ubuntu/test_ros_ws/install/opencv_tests:/home/ubuntu/robotics-unibs-project/rpi_ros_ws/install/alphabot2:/opt/ros/foxy /usr/bin/cmake --build /home/ubuntu/test_ros_ws/build/cv_bridge -- -j4 -l4
[329.894s] Invoking command in '/home/ubuntu/test_ros_ws/build/cv_bridge': CMAKE_PREFIX_PATH=${CMAKE_PREFIX_PATH}:/home/ubuntu/test_ros_ws/install/opencv_tests:/home/ubuntu/robotics-unibs-project/rpi_ros_ws/install/alphabot2:/opt/ros/foxy /usr/bin/cmake --install /home/ubuntu/test_ros_ws/build/cv_bridge
[329.999s] -- Install configuration: ""
[330.003s] -- Installing: /home/ubuntu/test_ros_ws/install/cv_bridge/share/cv_bridge/environment/pythonpath.sh
[330.006s] -- Installing: /home/ubuntu/test_ros_ws/install/cv_bridge/share/cv_bridge/environment/pythonpath.dsv
[330.008s] -- Installing: /home/ubuntu/test_ros_ws/install/cv_bridge/lib/python3.8/site-packages/cv_bridge
[330.010s] -- Installing: /home/ubuntu/test_ros_ws/install/cv_bridge/lib/python3.8/site-packages/cv_bridge/core.py
[330.012s] -- Installing: /home/ubuntu/test_ros_ws/install/cv_bridge/lib/python3.8/site-packages/cv_bridge/__init__.py
[330.445s] Listing '/home/ubuntu/test_ros_ws/install/cv_bridge/lib/python3.8/site-packages/cv_bridge'...
[330.447s] Compiling '/home/ubuntu/test_ros_ws/install/cv_bridge/lib/python3.8/site-packages/cv_bridge/__init__.py'...
[330.449s] Compiling '/home/ubuntu/test_ros_ws/install/cv_bridge/lib/python3.8/site-packages/cv_bridge/core.py'...
[330.506s] -- Installing: /home/ubuntu/test_ros_ws/install/cv_bridge/lib/libcv_bridge.so
[330.531s] -- Set runtime path of "/home/ubuntu/test_ros_ws/install/cv_bridge/lib/libcv_bridge.so" to ""
[330.534s] -- Installing: /home/ubuntu/test_ros_ws/install/cv_bridge/include/cv_bridge/cv_bridge/cv_bridge_export.h
[330.540s] -- Installing: /home/ubuntu/test_ros_ws/install/cv_bridge/lib/python3.8/site-packages/cv_bridge/boost/cv_bridge_boost.so
[330.552s] -- Set runtime path of "/home/ubuntu/test_ros_ws/install/cv_bridge/lib/python3.8/site-packages/cv_bridge/boost/cv_bridge_boost.so" to ""
[330.557s] -- Up-to-date: /home/ubuntu/test_ros_ws/install/cv_bridge/include/cv_bridge
[330.559s] -- Up-to-date: /home/ubuntu/test_ros_ws/install/cv_bridge/include/cv_bridge/cv_bridge
[330.561s] -- Installing: /home/ubuntu/test_ros_ws/install/cv_bridge/include/cv_bridge/cv_bridge/cv_bridge.h
[330.562s] -- Installing: /home/ubuntu/test_ros_ws/install/cv_bridge/include/cv_bridge/cv_bridge/rgb_colors.h
[330.567s] -- Up-to-date: /home/ubuntu/test_ros_ws/install/cv_bridge/lib/libcv_bridge.so
[330.572s] -- Installing: /home/ubuntu/test_ros_ws/install/cv_bridge/share/ament_index/resource_index/package_run_dependencies/cv_bridge
[330.576s] -- Installing: /home/ubuntu/test_ros_ws/install/cv_bridge/share/ament_index/resource_index/parent_prefix_path/cv_bridge
[330.579s] -- Installing: /home/ubuntu/test_ros_ws/install/cv_bridge/share/cv_bridge/environment/ament_prefix_path.sh
[330.583s] -- Installing: /home/ubuntu/test_ros_ws/install/cv_bridge/share/cv_bridge/environment/ament_prefix_path.dsv
[330.587s] -- Installing: /home/ubuntu/test_ros_ws/install/cv_bridge/share/cv_bridge/environment/path.sh
[330.590s] -- Installing: /home/ubuntu/test_ros_ws/install/cv_bridge/share/cv_bridge/environment/path.dsv
[330.593s] -- Installing: /home/ubuntu/test_ros_ws/install/cv_bridge/share/cv_bridge/local_setup.bash
[330.596s] -- Installing: /home/ubuntu/test_ros_ws/install/cv_bridge/share/cv_bridge/local_setup.sh
[330.600s] -- Installing: /home/ubuntu/test_ros_ws/install/cv_bridge/share/cv_bridge/local_setup.zsh
[330.603s] -- Installing: /home/ubuntu/test_ros_ws/install/cv_bridge/share/cv_bridge/local_setup.dsv
[330.606s] -- Installing: /home/ubuntu/test_ros_ws/install/cv_bridge/share/cv_bridge/package.dsv
[330.611s] -- Installing: /home/ubuntu/test_ros_ws/install/cv_bridge/share/ament_index/resource_index/packages/cv_bridge
[330.615s] -- Installing: /home/ubuntu/test_ros_ws/install/cv_bridge/share/cv_bridge/cmake/export_cv_bridgeExport.cmake
[330.619s] -- Installing: /home/ubuntu/test_ros_ws/install/cv_bridge/share/cv_bridge/cmake/export_cv_bridgeExport-noconfig.cmake
[330.622s] -- Installing: /home/ubuntu/test_ros_ws/install/cv_bridge/share/cv_bridge/cmake/cv_bridge-extras.cmake
[330.626s] -- Installing: /home/ubuntu/test_ros_ws/install/cv_bridge/share/cv_bridge/cmake/ament_cmake_export_dependencies-extras.cmake
[330.629s] -- Installing: /home/ubuntu/test_ros_ws/install/cv_bridge/share/cv_bridge/cmake/ament_cmake_export_targets-extras.cmake
[330.632s] -- Installing: /home/ubuntu/test_ros_ws/install/cv_bridge/share/cv_bridge/cmake/cv_bridgeConfig.cmake
[330.635s] -- Installing: /home/ubuntu/test_ros_ws/install/cv_bridge/share/cv_bridge/cmake/cv_bridgeConfig-version.cmake
[330.640s] -- Installing: /home/ubuntu/test_ros_ws/install/cv_bridge/share/cv_bridge/package.xml
[330.666s] Invoked command in '/home/ubuntu/test_ros_ws/build/cv_bridge' returned '0': CMAKE_PREFIX_PATH=${CMAKE_PREFIX_PATH}:/home/ubuntu/test_ros_ws/install/opencv_tests:/home/ubuntu/robotics-unibs-project/rpi_ros_ws/install/alphabot2:/opt/ros/foxy /usr/bin/cmake --install /home/ubuntu/test_ros_ws/build/cv_bridge
